	Hull (1183 polys, 3549 verts) '1 - Default'
		mesh16 (76 polys, 228 verts) '2 - Default'
		mesh49 (118 polys, 354 verts) '7 - Default'
		mesh48 (118 polys, 354 verts) '7 - Default'
		mesh47 (96 polys, 288 verts) '8 - Default'
		mesh46 (60 polys, 180 verts) '2 - Default'
		mesh43 (114 polys, 342 verts) '2 - Default'
		mesh28 (114 polys, 342 verts) '2 - Default'
		mesh40 (114 polys, 342 verts) '2 - Default'
		mesh38 (114 polys, 342 verts) '2 - Default'
		mesh35 (114 polys, 342 verts) '2 - Default'
		mesh32 (114 polys, 342 verts) '2 - Default'
		mesh34 (114 polys, 342 verts) '2 - Default'
		mesh33 (108 polys, 324 verts) '2 - Default'
		mesh31 (108 polys, 324 verts) '2 - Default'
		mesh30 (86 polys, 258 verts) '2 - Default'
		mesh11 (134 polys, 402 verts) '2 - Default'
		mesh26 (114 polys, 342 verts) '2 - Default'
		mesh27 (76 polys, 228 verts) '2 - Default'
		mesh25 (76 polys, 228 verts) '2 - Default'
		mesh24 (76 polys, 228 verts) '2 - Default'
		mesh23 (76 polys, 228 verts) '2 - Default'
		mesh21 (76 polys, 228 verts) '2 - Default'
		mesh20 (76 polys, 228 verts) '2 - Default'
		mesh19 (76 polys, 228 verts) '2 - Default'
		mesh04 (76 polys, 228 verts) '2 - Default'
		mesh15 (121 polys, 363 verts) '1 - Default'
		mesh80 (76 polys, 228 verts) '2 - Default'
		mesh73 (86 polys, 258 verts) '2 - Default'
		mesh42 (16 polys, 48 verts) '9 - Default'
		mesh41 (16 polys, 48 verts) '9 - Default'
		mesh37 (17 polys, 51 verts) '7 - Default'
		mesh36 (8 polys, 24 verts) '7 - Default'
		mesh10 (134 polys, 402 verts) '2 - Default'
		mesh06 (86 polys, 258 verts) '2 - Default'
	mesh13 (102 polys, 306 verts) '1 - Default'
	mesh14 (102 polys, 306 verts) '1 - Default'
	mesh29 (10 polys, 30 verts) '2 - Default'
	mesh50 (2191 polys, 6573 verts) '2 - Default'
	mesh44 (56 polys, 168 verts) '8 - Default'
	mesh51 (111 polys, 333 verts) '3 - Default'
	mesh87 (532 polys, 1596 verts) '7 - Default'
	mesh01 (126 polys, 378 verts) '7 - Default'
	mesh72 (42 polys, 126 verts) '7 - Default'
	mesh39 (42 polys, 126 verts) '7 - Default'
	mesh22 (71 polys, 213 verts) '7 - Default'
	mesh17 (42 polys, 126 verts) '7 - Default'
	mesh12 (42 polys, 126 verts) '7 - Default'
	mesh09 (42 polys, 126 verts) '7 - Default'
	mesh08 (42 polys, 126 verts) '7 - Default'
	mesh07 (42 polys, 126 verts) '7 - Default'
	mesh05 (42 polys, 126 verts) '7 - Default'
	mesh03 (71 polys, 213 verts) '7 - Default'
	mesh02 (62 polys, 186 verts) '7 - Default'
	mesh99 (42 polys, 126 verts) '7 - Default'


Total:    (7979 polys, 23937 verts)
Mesh Max: (2191 polys, 6573 verts)
