	Pit (526 polys, 1578 verts) '01 - Default'
		Stick01 (412 polys, 1236 verts) '01 - Default'
		PedalLL (48 polys, 144 verts) '01 - Default'
		PedalLR (48 polys, 144 verts) '01 - Default'
		canopy (476 polys, 1428 verts) '01 - Default'
			door (186 polys, 558 verts) '01 - Default'
				Box06 (206 polys, 618 verts) '01 - Default'
			Box01 (20 polys, 60 verts) '01 - Default'
			Box02 (20 polys, 60 verts) '01 - Default'
			Box03 (20 polys, 60 verts) '01 - Default'
			Box04 (20 polys, 60 verts) '01 - Default'
			door01 (186 polys, 558 verts) '01 - Default'
				Box05 (206 polys, 618 verts) '01 - Default'
		PedalrL (48 polys, 144 verts) '01 - Default'
		Pedalrr (48 polys, 144 verts) '01 - Default'
		Seat01 (192 polys, 576 verts) '01 - Default'
		Stick02 (412 polys, 1236 verts) '01 - Default'
		switch (208 polys, 624 verts) '01 - Default'
		Clockbox (10 polys, 30 verts) '01 - Default'
			Clock (2 polys, 6 verts) '08 - Default'
				HourNeedle (20 polys, 60 verts) '09 - Default'
				MinuteNeedle (20 polys, 60 verts) '01 - Default'
				SecondNeedle (20 polys, 60 verts) '01 - Default'
		AOABox (10 polys, 30 verts) '01 - Default'
			AOA (2 polys, 6 verts) '08 - Default'
				AoANeedle (20 polys, 60 verts) '01 - Default'
		Altbox (10 polys, 30 verts) '01 - Default'
			altimeter (2 polys, 6 verts) '10 - Default'
				alt_dig1 (40 polys, 120 verts) '07 - Default'
				alt_dig2 (40 polys, 120 verts) '07 - Default'
				alt_dig3 (40 polys, 120 verts) '07 - Default'
				needle_alt (20 polys, 60 verts) '01 - Default'
		Slipbox (10 polys, 30 verts) '01 - Default'
			Slip-turn_ind (2 polys, 6 verts) '09 - Default'
				needle_turn (20 polys, 60 verts) '01 - Default'
				needle_turn-slip_ball (52 polys, 156 verts) '01 - Default'
		Speedbox (10 polys, 30 verts) '01 - Default'
			Speedometer (2 polys, 6 verts) '10 - Default'
				needle_speedometer (20 polys, 60 verts) '01 - Default'
		Tachobox (10 polys, 30 verts) '01 - Default'
			Tachometer (2 polys, 6 verts) '10 - Default'
		OilpressBox (10 polys, 30 verts) '01 - Default'
			OilPress (2 polys, 6 verts) '09 - Default'
				needle_OIL_Press (20 polys, 60 verts) '01 - Default'
		Fuelflowbox (10 polys, 30 verts) '01 - Default'
			FuelFlow (2 polys, 6 verts) '09 - Default'
				needle_fuel_flow (20 polys, 60 verts) '01 - Default'
		Knop1 (80 polys, 240 verts) '01 - Default'
		Cylinder (28 polys, 84 verts) '01 - Default'
		RMI BOX (10 polys, 30 verts) '01 - Default'
			RMI (2 polys, 6 verts) '08 - Default'
				RMI_Marker (2 polys, 6 verts) '01 - Default'
				RMI Wheel (96 polys, 288 verts) '08 - Default'
					RMI_CourseDeviation (12 polys, 36 verts) '01 - Default'
					RMI_CourseArrow (26 polys, 78 verts) '01 - Default'
		Compass1 (2 polys, 6 verts) '09 - Default'
			Compass (56 polys, 168 verts) '07 - Default'
		PanelHousing (112 polys, 336 verts) '01 - Default'
		ADI (550 polys, 1650 verts) '04 - Default'
		ADIBOX (10 polys, 30 verts) '01 - Default'
		ADIHousing (2 polys, 6 verts) '03 - Default'
		ADImarker (72 polys, 216 verts) '01 - Default'
		ARMBox (12 polys, 36 verts) '01 - Default'
		ArmBox02 (12 polys, 36 verts) '01 - Default'
			licht03 (32 polys, 96 verts) '01 - Default'
			licht04 (32 polys, 96 verts) '01 - Default'
			licht05 (32 polys, 96 verts) '01 - Default'
		Knop03 (80 polys, 240 verts) '01 - Default'
		Knop04 (80 polys, 240 verts) '01 - Default'
		Knop05 (80 polys, 240 verts) '01 - Default'
		Knop06 (80 polys, 240 verts) '01 - Default'
		Knop07 (80 polys, 240 verts) '01 - Default'
		Knop08 (80 polys, 240 verts) '01 - Default'
		Knop09 (80 polys, 240 verts) '01 - Default'
		Knop10 (80 polys, 240 verts) '01 - Default'
		Knop11 (80 polys, 240 verts) '01 - Default'
		Knop12 (80 polys, 240 verts) '01 - Default'
		Knop02 (80 polys, 240 verts) '01 - Default'
		switch01 (208 polys, 624 verts) '01 - Default'
		switch02 (208 polys, 624 verts) '01 - Default'
		switch03 (208 polys, 624 verts) '01 - Default'
		switch04 (208 polys, 624 verts) '01 - Default'
		switch05 (208 polys, 624 verts) '01 - Default'
		switch06 (208 polys, 624 verts) '01 - Default'
		switch07 (208 polys, 624 verts) '01 - Default'
		switch08 (208 polys, 624 verts) '01 - Default'
		Knop13 (80 polys, 240 verts) '01 - Default'
		Knop14 (80 polys, 240 verts) '01 - Default'
		Knop15 (80 polys, 240 verts) '01 - Default'
		Knop16 (80 polys, 240 verts) '01 - Default'
		Sicherungskasten (12 polys, 36 verts) '01 - Default'
			Sichung (32 polys, 96 verts) '01 - Default'
			Sichung01 (32 polys, 96 verts) '01 - Default'
			Sichung02 (32 polys, 96 verts) '01 - Default'
			Sichung03 (32 polys, 96 verts) '01 - Default'
			Sichung04 (32 polys, 96 verts) '01 - Default'
			Sichung05 (32 polys, 96 verts) '01 - Default'
			Sichung06 (32 polys, 96 verts) '01 - Default'
			Sichung07 (32 polys, 96 verts) '01 - Default'
			Sichung08 (32 polys, 96 verts) '01 - Default'
			Sichung09 (32 polys, 96 verts) '01 - Default'
			Sichung10 (32 polys, 96 verts) '01 - Default'
			Sichung11 (32 polys, 96 verts) '01 - Default'
			licht (32 polys, 96 verts) '01 - Default'
			licht01 (32 polys, 96 verts) '01 - Default'
			licht02 (32 polys, 96 verts) '01 - Default'
		needle_RPM (20 polys, 60 verts) '01 - Default'
		RadioBox01 (12 polys, 36 verts) '01 - Default'
		RadioBox01 (12 polys, 36 verts) '02 - Default'
		RadioBox2 (12 polys, 36 verts) '02 - Default'
		Warninglight (12 polys, 36 verts) '05 - Default'
		Warninglight01 (12 polys, 36 verts) '05 - Default'
		Warninglight02 (12 polys, 36 verts) '05 - Default'
		Warninglight03 (12 polys, 36 verts) '05 - Default'
		Warninglight04 (12 polys, 36 verts) '05 - Default'
		Warninglight05 (12 polys, 36 verts) '05 - Default'
		Warninglight06 (12 polys, 36 verts) '05 - Default'
		Warninglight07 (12 polys, 36 verts) '05 - Default'
		Niete58 (12 polys, 36 verts) '01 - Default'
		Niete59 (12 polys, 36 verts) '01 - Default'
		Niete60 (12 polys, 36 verts) '01 - Default'
		Niete61 (12 polys, 36 verts) '01 - Default'
		Niete62 (12 polys, 36 verts) '01 - Default'
		Niete63 (12 polys, 36 verts) '01 - Default'
		Niete64 (12 polys, 36 verts) '01 - Default'
		Niete65 (12 polys, 36 verts) '01 - Default'
		Niete66 (12 polys, 36 verts) '01 - Default'
		Niete67 (12 polys, 36 verts) '01 - Default'
		Niete68 (12 polys, 36 verts) '01 - Default'
		Niete69 (12 polys, 36 verts) '01 - Default'
		Niete70 (12 polys, 36 verts) '01 - Default'
		Niete71 (12 polys, 36 verts) '01 - Default'
		Niete72 (12 polys, 36 verts) '01 - Default'
		Niete73 (12 polys, 36 verts) '01 - Default'
		Niete74 (12 polys, 36 verts) '01 - Default'
		Niete75 (12 polys, 36 verts) '01 - Default'
		Niete76 (12 polys, 36 verts) '01 - Default'
		Niete77 (12 polys, 36 verts) '01 - Default'
		Niete78 (12 polys, 36 verts) '01 - Default'
		Niete79 (12 polys, 36 verts) '01 - Default'
		Niete80 (12 polys, 36 verts) '01 - Default'
		Niete81 (12 polys, 36 verts) '01 - Default'
		Niete82 (12 polys, 36 verts) '01 - Default'
		Niete83 (12 polys, 36 verts) '01 - Default'
		Niete84 (12 polys, 36 verts) '01 - Default'
		Niete85 (12 polys, 36 verts) '01 - Default'
		Niete86 (12 polys, 36 verts) '01 - Default'
		Niete87 (12 polys, 36 verts) '01 - Default'
		Niete88 (12 polys, 36 verts) '01 - Default'
		Niete89 (12 polys, 36 verts) '01 - Default'
		Niete90 (12 polys, 36 verts) '01 - Default'
		Niete91 (12 polys, 36 verts) '01 - Default'
		Niete92 (12 polys, 36 verts) '01 - Default'
		Niete93 (12 polys, 36 verts) '01 - Default'
		Niete94 (12 polys, 36 verts) '01 - Default'
		Niete95 (12 polys, 36 verts) '01 - Default'
		Niete96 (12 polys, 36 verts) '01 - Default'
		Niete97 (12 polys, 36 verts) '01 - Default'
		Niete98 (12 polys, 36 verts) '01 - Default'
		Niete99 (12 polys, 36 verts) '01 - Default'
		Niete100 (12 polys, 36 verts) '01 - Default'
		Niete101 (12 polys, 36 verts) '01 - Default'
		Niete102 (12 polys, 36 verts) '01 - Default'
		Niete103 (12 polys, 36 verts) '01 - Default'
		Niete104 (12 polys, 36 verts) '01 - Default'
		Niete105 (12 polys, 36 verts) '01 - Default'
		Niete106 (12 polys, 36 verts) '01 - Default'
		Niete107 (12 polys, 36 verts) '01 - Default'
		Niete108 (12 polys, 36 verts) '01 - Default'
		Niete109 (12 polys, 36 verts) '01 - Default'
		Niete110 (12 polys, 36 verts) '01 - Default'
		Niete111 (12 polys, 36 verts) '01 - Default'
		Niete112 (12 polys, 36 verts) '01 - Default'
		Niete113 (12 polys, 36 verts) '01 - Default'
		Niete114 (12 polys, 36 verts) '01 - Default'
		Niete115 (12 polys, 36 verts) '01 - Default'
		Niete116 (12 polys, 36 verts) '01 - Default'
		Niete117 (12 polys, 36 verts) '01 - Default'
		Niete118 (12 polys, 36 verts) '01 - Default'
		Niete119 (12 polys, 36 verts) '01 - Default'
		Niete120 (12 polys, 36 verts) '01 - Default'
		Niete121 (12 polys, 36 verts) '01 - Default'
		Niete122 (12 polys, 36 verts) '01 - Default'
		Niete123 (12 polys, 36 verts) '01 - Default'
		Niete124 (12 polys, 36 verts) '01 - Default'
		Niete125 (12 polys, 36 verts) '01 - Default'
		Niete126 (12 polys, 36 verts) '01 - Default'
		Niete127 (12 polys, 36 verts) '01 - Default'
		Niete128 (12 polys, 36 verts) '01 - Default'
		Niete129 (12 polys, 36 verts) '01 - Default'
		Niete130 (12 polys, 36 verts) '01 - Default'
		Niete131 (12 polys, 36 verts) '01 - Default'
		Niete132 (12 polys, 36 verts) '01 - Default'
		Niete133 (12 polys, 36 verts) '01 - Default'
		Niete134 (12 polys, 36 verts) '01 - Default'
		Niete135 (12 polys, 36 verts) '01 - Default'
		Niete136 (12 polys, 36 verts) '01 - Default'
		Niete137 (12 polys, 36 verts) '01 - Default'
		Niete138 (12 polys, 36 verts) '01 - Default'
		Niete139 (12 polys, 36 verts) '01 - Default'
		Niete140 (12 polys, 36 verts) '01 - Default'
		Niete141 (12 polys, 36 verts) '01 - Default'
		Niete142 (12 polys, 36 verts) '01 - Default'
		Niete143 (12 polys, 36 verts) '01 - Default'
		Niete144 (12 polys, 36 verts) '01 - Default'
		Niete145 (12 polys, 36 verts) '01 - Default'
		Niete146 (12 polys, 36 verts) '01 - Default'
		Niete147 (12 polys, 36 verts) '01 - Default'
		Niete148 (12 polys, 36 verts) '01 - Default'
		Niete149 (12 polys, 36 verts) '01 - Default'
		Niete150 (12 polys, 36 verts) '01 - Default'
		Niete151 (12 polys, 36 verts) '01 - Default'
		Niete152 (12 polys, 36 verts) '01 - Default'
		Niete153 (12 polys, 36 verts) '01 - Default'
		Niete154 (12 polys, 36 verts) '01 - Default'
		Niete155 (12 polys, 36 verts) '01 - Default'
		Niete156 (12 polys, 36 verts) '01 - Default'
		Niete157 (12 polys, 36 verts) '01 - Default'
		Niete158 (12 polys, 36 verts) '01 - Default'
		Niete159 (12 polys, 36 verts) '01 - Default'
		Niete160 (12 polys, 36 verts) '01 - Default'
		Niete161 (12 polys, 36 verts) '01 - Default'
		Niete162 (12 polys, 36 verts) '01 - Default'
		Niete163 (12 polys, 36 verts) '01 - Default'
		Niete164 (12 polys, 36 verts) '01 - Default'
		Niete165 (12 polys, 36 verts) '01 - Default'
		Niete166 (12 polys, 36 verts) '01 - Default'
		Niete167 (12 polys, 36 verts) '01 - Default'
		Niete168 (12 polys, 36 verts) '01 - Default'
		Niete169 (12 polys, 36 verts) '01 - Default'
		Niete170 (12 polys, 36 verts) '01 - Default'
		Niete171 (12 polys, 36 verts) '01 - Default'
		Niete172 (12 polys, 36 verts) '01 - Default'
		Niete173 (12 polys, 36 verts) '01 - Default'
		Niete174 (12 polys, 36 verts) '01 - Default'
		Niete175 (12 polys, 36 verts) '01 - Default'
		Niete176 (12 polys, 36 verts) '01 - Default'
		Niete177 (12 polys, 36 verts) '01 - Default'
		Niete178 (12 polys, 36 verts) '01 - Default'
		Niete179 (12 polys, 36 verts) '01 - Default'
		Niete180 (12 polys, 36 verts) '01 - Default'
		Niete181 (12 polys, 36 verts) '01 - Default'
		Niete182 (12 polys, 36 verts) '01 - Default'
		Niete183 (12 polys, 36 verts) '01 - Default'
		Niete184 (12 polys, 36 verts) '01 - Default'
		Niete185 (12 polys, 36 verts) '01 - Default'
		Niete186 (12 polys, 36 verts) '01 - Default'
		Niete187 (12 polys, 36 verts) '01 - Default'
		Niete188 (12 polys, 36 verts) '01 - Default'
		Niete189 (12 polys, 36 verts) '01 - Default'
		Niete190 (12 polys, 36 verts) '01 - Default'
		Niete191 (12 polys, 36 verts) '01 - Default'
		Niete192 (12 polys, 36 verts) '01 - Default'
		Niete193 (12 polys, 36 verts) '01 - Default'
		Niete194 (12 polys, 36 verts) '01 - Default'
		Niete195 (12 polys, 36 verts) '01 - Default'
		Niete196 (12 polys, 36 verts) '01 - Default'
		Niete197 (12 polys, 36 verts) '01 - Default'
		Niete198 (12 polys, 36 verts) '01 - Default'
		Niete199 (12 polys, 36 verts) '01 - Default'
		Niete200 (12 polys, 36 verts) '01 - Default'
		Niete201 (12 polys, 36 verts) '01 - Default'
		Niete202 (12 polys, 36 verts) '01 - Default'
		Niete203 (12 polys, 36 verts) '01 - Default'
		Targeterhold (352 polys, 1056 verts) '11 - Default'
			Targeter (484 polys, 1452 verts) '11 - Default'
				Targeterglass (64 polys, 192 verts) '12 - Default'
		OiltempBox (10 polys, 30 verts) '01 - Default'
			Oiltemp (2 polys, 6 verts) '09 - Default'
				needle_OilTemp (20 polys, 60 verts) '01 - Default'
		FuelQuantBox (10 polys, 30 verts) '01 - Default'
			Fuelquant (2 polys, 6 verts) '08 - Default'
				needle_fuel_Qaunt (20 polys, 60 verts) '01 - Default'
		Box07 (28 polys, 84 verts) '01 - Default'
		Box08 (28 polys, 84 verts) '01 - Default'
		Grenade (48 polys, 144 verts) '13 - Default'
		NUT (32 polys, 96 verts) '01 - Default'
		NUT01 (32 polys, 96 verts) '01 - Default'
		NUT02 (32 polys, 96 verts) '01 - Default'
		NUT03 (32 polys, 96 verts) '01 - Default'
		NUT04 (32 polys, 96 verts) '01 - Default'
		NUT05 (32 polys, 96 verts) '01 - Default'
		NUT06 (32 polys, 96 verts) '01 - Default'
		NUT07 (32 polys, 96 verts) '01 - Default'
		NUT08 (32 polys, 96 verts) '01 - Default'
		NUT09 (32 polys, 96 verts) '01 - Default'
		NUT10 (32 polys, 96 verts) '01 - Default'
		NUT11 (32 polys, 96 verts) '01 - Default'
		NUT12 (32 polys, 96 verts) '01 - Default'
		NUT13 (32 polys, 96 verts) '01 - Default'
		NUT14 (32 polys, 96 verts) '01 - Default'
		NUT15 (32 polys, 96 verts) '01 - Default'
		NUT16 (32 polys, 96 verts) '01 - Default'
		NUT17 (32 polys, 96 verts) '01 - Default'
		NUT18 (32 polys, 96 verts) '01 - Default'
		NUT19 (32 polys, 96 verts) '01 - Default'
		NUT20 (32 polys, 96 verts) '01 - Default'
		NUT21 (32 polys, 96 verts) '01 - Default'
		NUT22 (32 polys, 96 verts) '01 - Default'
		NUT23 (32 polys, 96 verts) '01 - Default'
		NUT24 (32 polys, 96 verts) '01 - Default'
		NUT25 (32 polys, 96 verts) '01 - Default'
		NUT26 (32 polys, 96 verts) '01 - Default'
		NUT27 (32 polys, 96 verts) '01 - Default'
		NUT28 (32 polys, 96 verts) '01 - Default'
		NUT29 (32 polys, 96 verts) '01 - Default'
		NUT30 (32 polys, 96 verts) '01 - Default'
		NUT31 (32 polys, 96 verts) '01 - Default'
		NUT32 (32 polys, 96 verts) '01 - Default'
		NUT33 (32 polys, 96 verts) '01 - Default'
		NUT34 (32 polys, 96 verts) '01 - Default'
		NUT35 (32 polys, 96 verts) '01 - Default'
		NUT36 (32 polys, 96 verts) '01 - Default'
		NUT37 (32 polys, 96 verts) '01 - Default'
		NUT38 (32 polys, 96 verts) '01 - Default'
		NUT39 (32 polys, 96 verts) '01 - Default'
		NUT40 (32 polys, 96 verts) '01 - Default'
		NUT41 (32 polys, 96 verts) '01 - Default'
		NUT42 (32 polys, 96 verts) '01 - Default'
		NUT43 (32 polys, 96 verts) '01 - Default'
		NUT44 (32 polys, 96 verts) '01 - Default'
		NUT45 (32 polys, 96 verts) '01 - Default'
		NUT46 (32 polys, 96 verts) '01 - Default'
		NUT47 (32 polys, 96 verts) '01 - Default'
		NUT48 (32 polys, 96 verts) '01 - Default'
		NUT49 (32 polys, 96 verts) '01 - Default'
		NUT50 (32 polys, 96 verts) '01 - Default'
		NUT51 (32 polys, 96 verts) '01 - Default'
		NUT52 (32 polys, 96 verts) '01 - Default'
		NUT53 (32 polys, 96 verts) '01 - Default'
		NUT54 (32 polys, 96 verts) '01 - Default'
		NUT55 (32 polys, 96 verts) '01 - Default'
		NUT56 (32 polys, 96 verts) '01 - Default'
		NUT57 (32 polys, 96 verts) '01 - Default'
		NUT58 (32 polys, 96 verts) '01 - Default'
		NUT59 (32 polys, 96 verts) '01 - Default'
		NUT60 (32 polys, 96 verts) '01 - Default'
		NUT61 (32 polys, 96 verts) '01 - Default'
		NUT62 (32 polys, 96 verts) '01 - Default'
		NUT63 (32 polys, 96 verts) '01 - Default'
		NUT64 (32 polys, 96 verts) '01 - Default'
		NUT65 (32 polys, 96 verts) '01 - Default'
		NUT66 (32 polys, 96 verts) '01 - Default'
		NUT67 (32 polys, 96 verts) '01 - Default'
		NUT68 (32 polys, 96 verts) '01 - Default'
		NUT69 (32 polys, 96 verts) '01 - Default'
		NUT70 (32 polys, 96 verts) '01 - Default'
		NUT71 (32 polys, 96 verts) '01 - Default'
		NUT72 (32 polys, 96 verts) '01 - Default'
		NUT73 (32 polys, 96 verts) '01 - Default'
		NUT74 (32 polys, 96 verts) '01 - Default'
		NUT75 (32 polys, 96 verts) '01 - Default'
		NUT76 (32 polys, 96 verts) '01 - Default'
		NUT77 (32 polys, 96 verts) '01 - Default'
		NUT78 (32 polys, 96 verts) '01 - Default'
		NUT79 (32 polys, 96 verts) '01 - Default'
		NUT80 (32 polys, 96 verts) '01 - Default'
		NUT81 (32 polys, 96 verts) '01 - Default'
		NUT82 (32 polys, 96 verts) '01 - Default'
		NUT83 (32 polys, 96 verts) '01 - Default'
		NUT84 (32 polys, 96 verts) '01 - Default'
		NUT85 (32 polys, 96 verts) '01 - Default'
		NUT86 (32 polys, 96 verts) '01 - Default'
		NUT87 (32 polys, 96 verts) '01 - Default'
		NUT88 (32 polys, 96 verts) '01 - Default'
		NUT89 (32 polys, 96 verts) '01 - Default'
		NUT90 (32 polys, 96 verts) '01 - Default'
		NUT91 (32 polys, 96 verts) '01 - Default'
		NUT92 (32 polys, 96 verts) '01 - Default'
		NUT93 (32 polys, 96 verts) '01 - Default'
		NUT94 (32 polys, 96 verts) '01 - Default'
		NUT95 (32 polys, 96 verts) '01 - Default'
		NUT96 (32 polys, 96 verts) '01 - Default'
		NUT97 (32 polys, 96 verts) '01 - Default'
		NUT98 (32 polys, 96 verts) '01 - Default'
		NUT99 (32 polys, 96 verts) '01 - Default'
		NUT100 (32 polys, 96 verts) '01 - Default'
		NUT101 (32 polys, 96 verts) '01 - Default'
		RightFrontWindow (124 polys, 372 verts) '14 - Default'
		LeftFrontWindow01 (124 polys, 372 verts) '14 - Default'
		NUT102 (32 polys, 96 verts) '01 - Default'
		NUT103 (32 polys, 96 verts) '01 - Default'
		NUT104 (32 polys, 96 verts) '01 - Default'
		NUT105 (32 polys, 96 verts) '01 - Default'
		NUT106 (32 polys, 96 verts) '01 - Default'
		NUT107 (32 polys, 96 verts) '01 - Default'
		NUT108 (32 polys, 96 verts) '01 - Default'
		NUT109 (32 polys, 96 verts) '01 - Default'
		NUT110 (32 polys, 96 verts) '01 - Default'
		NUT111 (32 polys, 96 verts) '01 - Default'
		NUT112 (32 polys, 96 verts) '01 - Default'
		NUT113 (32 polys, 96 verts) '01 - Default'
		NUT114 (32 polys, 96 verts) '01 - Default'
		NUT115 (32 polys, 96 verts) '01 - Default'
		NUT116 (32 polys, 96 verts) '01 - Default'
		NUT117 (32 polys, 96 verts) '01 - Default'
		NUT118 (32 polys, 96 verts) '01 - Default'
		NUT119 (32 polys, 96 verts) '01 - Default'
		NUT120 (32 polys, 96 verts) '01 - Default'
		NUT121 (32 polys, 96 verts) '01 - Default'
		NUT122 (32 polys, 96 verts) '01 - Default'
		NUT123 (32 polys, 96 verts) '01 - Default'
		NUT124 (32 polys, 96 verts) '01 - Default'
		NUT125 (32 polys, 96 verts) '01 - Default'
		NUT126 (32 polys, 96 verts) '01 - Default'
		NUT127 (32 polys, 96 verts) '01 - Default'
		NUT128 (32 polys, 96 verts) '01 - Default'
		NUT129 (32 polys, 96 verts) '01 - Default'
		NUT130 (32 polys, 96 verts) '01 - Default'
		NUT131 (32 polys, 96 verts) '01 - Default'
		NUT132 (32 polys, 96 verts) '01 - Default'
		NUT133 (32 polys, 96 verts) '01 - Default'
		NUT134 (32 polys, 96 verts) '01 - Default'
		NUT135 (32 polys, 96 verts) '01 - Default'
		NUT136 (32 polys, 96 verts) '01 - Default'
		NUT137 (32 polys, 96 verts) '01 - Default'
		NUT138 (32 polys, 96 verts) '01 - Default'
		NUT139 (32 polys, 96 verts) '01 - Default'
		NUT140 (32 polys, 96 verts) '01 - Default'
		NUT141 (32 polys, 96 verts) '01 - Default'
		NUT142 (32 polys, 96 verts) '01 - Default'
		NUT143 (32 polys, 96 verts) '01 - Default'
		NUT144 (32 polys, 96 verts) '01 - Default'
		NUT145 (32 polys, 96 verts) '01 - Default'
		NUT146 (32 polys, 96 verts) '01 - Default'
		NUT147 (32 polys, 96 verts) '01 - Default'
		NUT148 (32 polys, 96 verts) '01 - Default'
		NUT149 (32 polys, 96 verts) '01 - Default'
		NUT150 (32 polys, 96 verts) '01 - Default'
		NUT151 (32 polys, 96 verts) '01 - Default'
		NUT152 (32 polys, 96 verts) '01 - Default'
		NUT153 (32 polys, 96 verts) '01 - Default'
		NUT154 (32 polys, 96 verts) '01 - Default'
		NUT155 (32 polys, 96 verts) '01 - Default'
		NUT156 (32 polys, 96 verts) '01 - Default'
		NUT157 (32 polys, 96 verts) '01 - Default'
		NUT158 (32 polys, 96 verts) '01 - Default'
		NUT159 (32 polys, 96 verts) '01 - Default'
		NUT160 (32 polys, 96 verts) '01 - Default'
		NUT161 (32 polys, 96 verts) '01 - Default'
		NUT162 (32 polys, 96 verts) '01 - Default'
		NUT163 (32 polys, 96 verts) '01 - Default'
		NUT164 (32 polys, 96 verts) '01 - Default'
		NUT165 (32 polys, 96 verts) '01 - Default'
		NUT166 (32 polys, 96 verts) '01 - Default'
		NUT167 (32 polys, 96 verts) '01 - Default'
		NUT168 (32 polys, 96 verts) '01 - Default'
		NUT169 (32 polys, 96 verts) '01 - Default'
		NUT170 (32 polys, 96 verts) '01 - Default'
		NUT171 (32 polys, 96 verts) '01 - Default'


Total:    (16990 polys, 50970 verts)
Mesh Max: (550 polys, 1650 verts)
