	Object01 (48 polys, 144 verts) '03 - Default'
		Cylinder03 (816 polys, 2448 verts) '03 - Default'
		Box95 (36 polys, 108 verts) '02 - Default'
		Box94 (36 polys, 108 verts) '02 - Default'
		Box93 (36 polys, 108 verts) '02 - Default'
		Box92 (36 polys, 108 verts) '02 - Default'
		Box91 (36 polys, 108 verts) '02 - Default'
		Box90 (36 polys, 108 verts) '02 - Default'
		Box89 (36 polys, 108 verts) '02 - Default'
		Box88 (36 polys, 108 verts) '02 - Default'
		Box87 (36 polys, 108 verts) '02 - Default'
		Box86 (36 polys, 108 verts) '02 - Default'
		Box85 (36 polys, 108 verts) '02 - Default'
		Box84 (36 polys, 108 verts) '02 - Default'
		Box83 (36 polys, 108 verts) '02 - Default'
		Box82 (36 polys, 108 verts) '02 - Default'
		Box81 (36 polys, 108 verts) '02 - Default'
		Box80 (36 polys, 108 verts) '02 - Default'
		Box79 (36 polys, 108 verts) '02 - Default'
		Box78 (36 polys, 108 verts) '02 - Default'
		Box77 (36 polys, 108 verts) '02 - Default'
		AftConnectorCover04 (192 polys, 576 verts) '04 - Default'
		ForwardExtention04 (144 polys, 432 verts) '03 - Default'
		Lugs04 (168 polys, 504 verts) '02 - Default'
		FwdConnectorCover04 (192 polys, 576 verts) '04 - Default'
		Object02 (456 polys, 1368 verts) '01 - Default'
		ForwardExtention05 (144 polys, 432 verts) '03 - Default'


Total:    (2844 polys, 8532 verts)
Mesh Max: (816 polys, 2448 verts)
