Numero 1 - Lider do Esquadrao
Numero 2 - Esquadrlha Branca
Numero 3 - Esquadrlha Branca
Numero 4 - Esquadrlha Branca
Numero 5 - Esquadrlha Branca
Numero 6 - Esquadrlha Amarela
Numero 7 - Esquadrlha Amarela
Numero 8 - Esquadrlha Amarela
Numero 9 - Esquadrlha Amarela
Numero 10 - Esquadrlha Verde
Numero 11 - Esquadrlha Verde
Numero 12 - Esquadrlha Verde
Numero 13 - Esquadrlha Verde
Numero 14 - Esquadrlha Preta
Numero 15 - Esquadrlha Preta
Numero 16 - Esquadrlha Preta
Numero 17 - Esquadrlha Preta
Numero 18 - Esquadrlha Azul
Numero 19 - Esquadrlha Azul
Numero 20 - Esquadrlha Azul
Numero 21 - Esquadrlha Azul
Numero 22 - Esquadrlha Vermelha
Numero 23 - Esquadrlha Vermelha
Numero 24 - Esquadrlha Vermelha
Numero 25 - Esquadrlha Vermelha