	Cylinder01 [436 polys, 278 verts] '17 - Default'
		Box03 [256 polys, 368 verts] '17 - Default', AnimationID: 1 
			Cylinder11 [80 polys, 86 verts] '20 - Default'
			Cylinder10 [80 polys, 86 verts] '20 - Default'
			Cylinder09 [80 polys, 86 verts] '20 - Default'
			Cylinder08 [80 polys, 86 verts] '20 - Default'
			Box05 [72 polys, 96 verts] '17 - Default', AnimationID: 1 
			Box04 [72 polys, 96 verts] '17 - Default', AnimationID: 1 
			Box02 [72 polys, 96 verts] '17 - Default', AnimationID: 1 
			Box01 [72 polys, 96 verts] '17 - Default', AnimationID: 1 
		Cylinder07 [80 polys, 86 verts] '17 - Default'
			Cylinder02 [418 polys, 487 verts] '17 - Default'
				Cylinder03 [80 polys, 86 verts] '20 - Default'
				Cylinder12 [80 polys, 86 verts] '20 - Default'
				Cylinder13 [80 polys, 86 verts] '20 - Default'
				Cylinder14 [80 polys, 86 verts] '20 - Default'
		Layer:0 [196 polys, 222 verts] '17 - Default', AnimationID: 1 
			Object01 [64 polys, 76 verts] '17 - Default'
			Object02 [64 polys, 76 verts] '17 - Default'
			Object03 [672 polys, 715 verts] '17 - Default'
			Object04 [412 polys, 516 verts] '17 - Default'
		Tube02 [252 polys, 312 verts] '17 - Default', AnimationID: 1 
			Object10 [180 polys, 228 verts] '17 - Default'
			Object11 [180 polys, 228 verts] '17 - Default'
			Box13 [68 polys, 110 verts] '17 - Default'
			Cylinder16 [108 polys, 97 verts] '21 - Default'
		Tube04 [252 polys, 312 verts] '17 - Default', AnimationID: 1 
			Object14 [180 polys, 228 verts] '17 - Default'
			Object15 [180 polys, 228 verts] '17 - Default'
			Box14 [68 polys, 110 verts] '17 - Default'
			Cylinder06 [108 polys, 97 verts] '21 - Default'
		Tube05 [252 polys, 312 verts] '17 - Default', AnimationID: 1 
			Object16 [180 polys, 228 verts] '17 - Default'
			Object17 [180 polys, 228 verts] '17 - Default'
			Box15 [68 polys, 110 verts] '17 - Default'
			Cylinder05 [108 polys, 97 verts] '21 - Default'
		Tube06 [252 polys, 312 verts] '17 - Default', AnimationID: 1 
			Object05 [180 polys, 228 verts] '17 - Default'
			Object19 [180 polys, 228 verts] '17 - Default'
			Cylinder04 [108 polys, 97 verts] '21 - Default'
			Box16 [68 polys, 110 verts] '17 - Default'


Num Nodes: 41
Total:    (6678 polys, 7796 verts)
Mesh Max: (672 polys, 715 verts)

3 Materials:
 (  1) 17 - Default:
       mk_82_snakeye.bmp
 (  2) 20 - Default:
       <No Texture>
 (  3) 21 - Default:
       <No Texture>

1 Textures:
mk_82_snakeye.bmp

Points

Extents
