	Fuselage (31 polys, 93 verts) '22 - Default'
		Fuselage01 (119 polys, 357 verts) '4 - Default'
			PanelCover (80 polys, 240 verts) '1 - Default'
			PanelStrut (104 polys, 312 verts) '4 - Default'
				BackgroundPanel (36 polys, 108 verts) '1 - Default'
				CenterLowerPanel (12 polys, 36 verts) '7 - Default'
				EnginePanel (20 polys, 60 verts) '2 - Default'
				WeaponsPanel (12 polys, 36 verts) '1 - Default'
				RightPanel (28 polys, 84 verts) '2 - Default'
					Light (48 polys, 144 verts) '2 - Default'
						MasterCautionLight (36 polys, 108 verts) '2 - Default'
					FireLight02 (48 polys, 144 verts) '2 - Default'
						GearWarningLight (36 polys, 108 verts) '2 - Default'
					FireLight03 (48 polys, 144 verts) '2 - Default'
						EngineFireLightL (36 polys, 108 verts) '2 - Default'
					FireLight04 (48 polys, 144 verts) '2 - Default'
						EngineFireLightR (36 polys, 108 verts) '2 - Default'
					MasterSwitches (12 polys, 36 verts) '14 - Default'
					Box (12 polys, 36 verts) '14 - Default'
				Lowerpanel (80 polys, 240 verts) '2 - Default'
					GearHousing (82 polys, 246 verts) '2 - Default'
					Gear (10 polys, 30 verts) '8 - Default'
					Gearlights (10 polys, 30 verts) '9 - Default'
				Mainpanel (12 polys, 36 verts) '1 - Default'
					ADIRing (460 polys, 1380 verts) '1 - Default'
					PitchRollBar (72 polys, 216 verts) '6 - Default'
					Position (12 polys, 36 verts) '24 - Default'
					Position01 (12 polys, 36 verts) '24 - Default'
					needle_alt100 (96 polys, 288 verts) '05 - Default'
					needle_alt1000 (96 polys, 288 verts) '05 - Default'
					needle_alt10000 (96 polys, 288 verts) '05 - Default'
					needle_Speed (96 polys, 288 verts) '05 - Default'
					needle_Pitch (96 polys, 288 verts) '05 - Default'
					needle_Oxygen (96 polys, 288 verts) '05 - Default'
					needle_EngtempR (96 polys, 288 verts) '05 - Default'
					needle_EngTempL (96 polys, 288 verts) '05 - Default'
					needle_RPM100L (96 polys, 288 verts) '05 - Default'
					needle_RPM1000L (96 polys, 288 verts) '05 - Default'
					needle_RPM1000R (96 polys, 288 verts) '05 - Default'
					needle_RPM100R (96 polys, 288 verts) '05 - Default'
					needle_Amps (30 polys, 90 verts) '05 - Default'
					needle_Fuel (70 polys, 210 verts) '05 - Default'
					needle_Hour (70 polys, 210 verts) '05 - Default'
					needle_Minute (70 polys, 210 verts) '05 - Default'
					needle_OiltempL (70 polys, 210 verts) '05 - Default'
					needle_OiltempR (70 polys, 210 verts) '05 - Default'
					needle_Second (70 polys, 210 verts) '05 - Default'
					needle_turn (67 polys, 201 verts) '09 - Default'
					needle_slip (67 polys, 201 verts) '09 - Default'
					needle_Turn01 (70 polys, 210 verts) '05 - Default'
					needle_Volt (30 polys, 90 verts) '05 - Default'
					slip_ball (52 polys, 156 verts) '19 - Default'
					CompassIndexer (36 polys, 108 verts) '12 - Default'
				Gunsighthold (84 polys, 252 verts) '3 - Default'
				Gunsightholder (208 polys, 624 verts) '3 - Default'
				Targeter (580 polys, 1740 verts) '5 - Default'
				Sight (12 polys, 36 verts) '18 - Default'
				Instrumentbox (198 polys, 594 verts) '1 - Default'
				SlipTurnindicator (19 polys, 57 verts) '1 - Default'
				Instrumentbox09 (198 polys, 594 verts) '2 - Default'
				Instrumentbox10 (198 polys, 594 verts) '2 - Default'
				LOilPress (28 polys, 84 verts) '2 - Default'
				ROilPress (28 polys, 84 verts) '2 - Default'
				Schraube (36 polys, 108 verts) '1 - Default'
				Schraube01 (36 polys, 108 verts) '1 - Default'
				Schraube02 (36 polys, 108 verts) '1 - Default'
				Schraube03 (36 polys, 108 verts) '1 - Default'
				SwitchPanel (12 polys, 36 verts) '7 - Default'
					Valve (112 polys, 336 verts) '21 - Default'
				Schraube04 (36 polys, 108 verts) '1 - Default'
				Schraube05 (36 polys, 108 verts) '1 - Default'
				Schraube06 (36 polys, 108 verts) '1 - Default'
				Schraube07 (36 polys, 108 verts) '1 - Default'
				Schraube08 (36 polys, 108 verts) '1 - Default'
				Schraube09 (36 polys, 108 verts) '1 - Default'
				Schraube10 (36 polys, 108 verts) '1 - Default'
				Schraube11 (36 polys, 108 verts) '1 - Default'
				Schraube12 (36 polys, 108 verts) '1 - Default'
				Schraube13 (36 polys, 108 verts) '1 - Default'
				Schraube15 (36 polys, 108 verts) '1 - Default'
				Schraube16 (36 polys, 108 verts) '1 - Default'
				Schraube17 (36 polys, 108 verts) '1 - Default'
				Schraube18 (36 polys, 108 verts) '1 - Default'
				Schraube19 (36 polys, 108 verts) '1 - Default'
				Schraube20 (36 polys, 108 verts) '1 - Default'
				Schraube21 (36 polys, 108 verts) '1 - Default'
				Schraube22 (36 polys, 108 verts) '1 - Default'
				Schraube23 (36 polys, 108 verts) '1 - Default'
				OxygenIndicator (19 polys, 57 verts) '7 - Default'
				Instrumentbox11 (198 polys, 594 verts) '1 - Default'
				Schraube24 (36 polys, 108 verts) '1 - Default'
				Schraube25 (36 polys, 108 verts) '1 - Default'
				Schraube26 (36 polys, 108 verts) '1 - Default'
				Schraube27 (36 polys, 108 verts) '1 - Default'
				Cylinder04 (40 polys, 120 verts) '3 - Default'
				BombBaySwitch (60 polys, 180 verts) '3 - Default'
				FlapsSwitch (60 polys, 180 verts) '3 - Default'
				GearSwitch (60 polys, 180 verts) '3 - Default'
				PedalR (72 polys, 216 verts) '4 - Default'
				PedalL (72 polys, 216 verts) '4 - Default'
				Gyrohold (88 polys, 264 verts) '4 - Default'
					GyroHousing (56 polys, 168 verts) '3 - Default'
						GyroCompass (72 polys, 216 verts) '10 - Default'
							CourseMarker (12 polys, 36 verts) '3 - Default'
				Map (72 polys, 216 verts) '17 - Default'
			Seat (52 polys, 156 verts) '4 - Default'
				Sitzpolster (58 polys, 174 verts) '14 - Default'
			Box01 (36 polys, 108 verts) '4 - Default'
			Box02 (12 polys, 36 verts) '14 - Default'
			Box03 (12 polys, 36 verts) '14 - Default'
			Box04 (12 polys, 36 verts) '14 - Default'
		Cylinder01 (28 polys, 84 verts) '23 - Default'
		Cylinder02 (28 polys, 84 verts) '23 - Default'
		Cylinder03 (28 polys, 84 verts) '23 - Default'
		Throttlehold (12 polys, 36 verts) '4 - Default'
			ThrottleBox (84 polys, 252 verts) '14 - Default'
				ThrottleSwitch01 (60 polys, 180 verts) '14 - Default'
				ThrottleSwitch02 (60 polys, 180 verts) '14 - Default'
		Kippschalter01 (208 polys, 624 verts) '3 - Default'
		Kippschalter02 (208 polys, 624 verts) '3 - Default'
		Kippschalter03 (208 polys, 624 verts) '3 - Default'
		Kippschalter04 (208 polys, 624 verts) '3 - Default'
		Booster (12 polys, 36 verts) '14 - Default'
		Cylinder05 (84 polys, 252 verts) '14 - Default'
		Cylinder06 (84 polys, 252 verts) '14 - Default'
		Cylinder07 (84 polys, 252 verts) '14 - Default'
		Cylinder08 (84 polys, 252 verts) '14 - Default'
		Cylinder09 (84 polys, 252 verts) '14 - Default'
		Cylinder10 (84 polys, 252 verts) '14 - Default'
		Cylinder11 (84 polys, 252 verts) '14 - Default'
		Cylinder12 (84 polys, 252 verts) '14 - Default'
		Kippschalter05 (208 polys, 624 verts) '3 - Default'
		Kippschalter06 (208 polys, 624 verts) '3 - Default'
		Kippschalter07 (208 polys, 624 verts) '3 - Default'
		CockpitFrame (414 polys, 1242 verts) '4 - Default'
		QuadPatch01 (72 polys, 216 verts) '4 - Default'


Total:    (10114 polys, 30342 verts)
Mesh Max: (580 polys, 1740 verts)
