	Fuselage [452 polys, 345 verts] 'Fuse'
		TailBumper [28 polys, 32 verts] 'Fuse'
		L_Stab [51 polys, 54 verts] 'Wings'
			L_Elevator [28 polys, 40 verts] 'Wings'
		R_Stab [51 polys, 54 verts] 'Wings'
			R_Elevator [28 polys, 40 verts] 'Wings'
		VTail [81 polys, 77 verts] 'Fuse'
			Rudder [32 polys, 60 verts] 'Fuse'
			VerTailAntenna [24 polys, 48 verts] 'Fuse'
			VTailLight [120 polys, 110 verts] 'Fuse'
		RightVentralFin [12 polys, 24 verts] 'Fuse'
		LeftVentralFin [12 polys, 24 verts] 'Fuse'
		UpperFuselageMaster04 [12 polys, 24 verts] 'Fuse'
		UpperFuselageMaster03 [12 polys, 24 verts] 'Standard_1'
		EngineBurner [118 polys, 120 verts] 'Fuse'
		UpperFuselageMaster [12 polys, 22 verts] 'Fuse'
		TopLight [120 polys, 62 verts] 'Fuse'
		Exhaust [40 polys, 40 verts] 'Material #61'
		Tube03 [192 polys, 200 verts] 'Fuse'
		TailLIght [98 polys, 57 verts] 'Fuse'
		R_Wing [102 polys, 93 verts] 'Wings'
			R_OtrWing [112 polys, 97 verts] 'Wings'
				R_Ail [22 polys, 40 verts] 'Wings'
				R_WingFence02 [44 polys, 58 verts] 'Wings'
				R_WingFence01 [44 polys, 58 verts] 'Wings'
				R_Pylon03 [34 polys, 39 verts] 'Wings'
				R_Pylon02 [34 polys, 39 verts] 'Wings'
					R_Fuel_Tank [256 polys, 194 verts] 'Standard_9'
						R_Fuel_Tank_RWing [12 polys, 34 verts] 'Standard_9'
						R_Fuel_Tank_LWing [12 polys, 36 verts] 'Standard_9'
				A-R_Raccordo [68 polys, 71 verts] 'Standard_9'
				RightOldTipTank [542 polys, 360 verts] 'Standard_9'
					A-WingLightR [120 polys, 62 verts] 'Wings'
			RightGearMain [320 polys, 290 verts] 'Wings', AnimationID: 2 
				RightGearCylinder [104 polys, 90 verts] 'Wings'
					RightGearArm [252 polys, 340 verts] 'Wings', AnimationID: 5 
						RightGearPivot [48 polys, 50 verts] 'Wings'
						RightGearWheel [216 polys, 218 verts] 'Wings'
							RightGearTire [768 polys, 480 verts] 'Wings'
				RightGearOleo [72 polys, 74 verts] 'Wings', AnimationID: 4 5 
			R_Flap [44 polys, 66 verts] 'Wings'
			R_Pylon [34 polys, 39 verts] 'Wings'
			R_MainGearCover01 [14 polys, 26 verts] 'Wings', AnimationID: 2 
			R_MainGearCover02 [12 polys, 24 verts] 'Wings', AnimationID: 2 
			R_Intake [250 polys, 181 verts] 'Wings'
			R_WingFence [72 polys, 76 verts] 'Wings'
			R_MainGearInterior [17 polys, 27 verts] 'Wings'
			R_OtrWing01 [724 polys, 745 verts] 'Standard_9'
		L_Wing [104 polys, 94 verts] 'Wings'
			L_MainGearCover02 [12 polys, 24 verts] 'Wings', AnimationID: 2 
			L_MainGearCover01 [14 polys, 26 verts] 'Wings', AnimationID: 2 
			L_Flap [44 polys, 66 verts] 'Wings'
			L_MainGearInterior [17 polys, 27 verts] 'Wings'
			L_Pylon [34 polys, 39 verts] 'Wings'
			LeftGearMain [320 polys, 290 verts] 'Wings', AnimationID: 2 
				LeftGearOleo [72 polys, 74 verts] 'Wings', AnimationID: 4 
				LeftGearCylinder [104 polys, 90 verts] 'Wings'
					LeftGearArm [252 polys, 340 verts] 'Wings', AnimationID: 4 
						LeftCylinder [48 polys, 50 verts] 'Wings'
						LeftGearWheel [216 polys, 218 verts] 'Wings'
							LeftGearTire [768 polys, 480 verts] 'Wings'
			L_OtrWing [112 polys, 97 verts] 'Wings'
				L_Ail [22 polys, 40 verts] 'Wings'
				L_WingFence01 [44 polys, 58 verts] 'Wings'
				L_WingFence02 [44 polys, 58 verts] 'Wings'
				L_Pylon02 [34 polys, 39 verts] 'Wings'
					L_Fuel_Tank [256 polys, 194 verts] 'Standard_9'
						L_Fuel_Tank_RWing [12 polys, 34 verts] 'Standard_9'
						L_Fuel_Tank_LWing [12 polys, 36 verts] 'Standard_9'
				L_Pylon03 [34 polys, 39 verts] 'Wings'
				LeftOldTipTank [542 polys, 360 verts] 'Standard_9'
					A-WingLightL [120 polys, 62 verts] 'Wings'
				A-L_Raccordo [68 polys, 71 verts] 'Standard_9'
			L_Intake [250 polys, 181 verts] 'Wings'
			L_WingFence [72 polys, 76 verts] 'Wings'
			L_OtrWing01 [724 polys, 745 verts] 'Standard_9'
		Nose [685 polys, 503 verts] 'Fuse'
			Canopy [452 polys, 468 verts] 'Fuse', AnimationID: 9 
				CanopyGlass [152 polys, 192 verts] 'Glass'
				CanopyBar [12 polys, 24 verts] 'Fuse'
				mirrorframe_R01 [110 polys, 160 verts] 'Fuse'
				mirrorframe_top [110 polys, 160 verts] 'Fuse'
				mirrorframe_R [110 polys, 160 verts] 'Fuse'
				mirrorframe_top01 [110 polys, 160 verts] 'Fuse'
				GlassInner [14 polys, 16 verts] 'Glass'
			CanopyFront [66 polys, 70 verts] 'Glass'
			Pitot01 [66 polys, 83 verts] 'Fuse'
			UpperFuselageMaster01 [12 polys, 24 verts] 'Fuse'
			BottomNoseMaster [12 polys, 24 verts] 'Fuse'
			NoseInside [184 polys, 196 verts] 'Fuse'
			FrontCockpitConsolles [8 polys, 20 verts] 'Fuse'
			AntiglareRear [14 polys, 28 verts] 'Fuse'
			PitFloor [4 polys, 6 verts] 'Fuse'
			PitFloorRear [4 polys, 6 verts] 'Fuse'
			RearCockpitConsolles [8 polys, 20 verts] 'Fuse'
			MainInstructorPanel [4 polys, 6 verts] 'Fuse'
			Pitot [66 polys, 83 verts] 'Fuse'
			Firewall [25 polys, 27 verts] 'Fuse'
			FrontDoor [72 polys, 82 verts] 'Fuse', AnimationID: 2 
			FrontDoorL [12 polys, 24 verts] 'Fuse', AnimationID: 2 
			FrontDoorR [12 polys, 24 verts] 'Fuse', AnimationID: 2 
			AirbrakeOleo1 [48 polys, 50 verts] 'Fuse', AnimationID: 6 
				AirbrakeOleo02 [48 polys, 50 verts] 'Fuse', AnimationID: 6 
			Airbrake [284 polys, 318 verts] 'Airbrake', AnimationID: 6 
			NoseIntake [69 polys, 85 verts] 'Fuse'
			FrontGearMain [52 polys, 54 verts] 'Fuse', AnimationID: 2 
				FrontGearOleo [72 polys, 74 verts] 'Fuse', AnimationID: 3 
				FrontGearSteer [268 polys, 236 verts] 'Fuse'
					FrontGearCylinder [104 polys, 90 verts] 'Fuse'
						FrontGearArm [252 polys, 349 verts] 'Fuse', AnimationID: 3 
							FrontTire [1104 polys, 938 verts] 'Fuse'
							FrontGearPivot [48 polys, 50 verts] 'Fuse'
					FrontGearLight [192 polys, 130 verts] 'Fuse'
			Aibrake_inside [64 polys, 148 verts] 'Fuse'
			FrontGearBay [58 polys, 128 verts] 'Fuse'
			Antennatop [12 polys, 24 verts] 'Fuse'
			Box01 [12 polys, 24 verts] 'Fuse'
			Box02 [12 polys, 24 verts] 'Fuse'
			Box03 [12 polys, 24 verts] 'Fuse'
			AirbrakeExhaustL [254 polys, 197 verts] 'Fuse'
			AirbrakeExhaustR [254 polys, 197 verts] 'Fuse'
			Antiglare [16 polys, 18 verts] 'Fuse'
				Dash [18 polys, 20 verts] 'Fuse'
				hud_inside [28 polys, 50 verts] 'Standard_16'
				hud_fr01 [28 polys, 48 verts] 'Glass'
				hud_main01 [28 polys, 48 verts] 'Glass'
				hud_cine01 [36 polys, 48 verts] 'Standard_16'
				hud_box02 [12 polys, 24 verts] 'Standard_16'
				hud_cine2 [48 polys, 60 verts] 'Standard_16'
				HUD_lato01 [156 polys, 210 verts] 'Standard_16'
				hud_base01 [36 polys, 68 verts] 'Standard_16'
				hud_comandi [10 polys, 20 verts] 'Standard_16'
				hud_main [28 polys, 48 verts] 'Glass'
		VentralLight [120 polys, 62 verts] 'Fuse'
		BellyIntake [32 polys, 32 verts] 'Wings'
		BellyIntake2 [36 polys, 25 verts] 'Wings'
		BellyAntenna [12 polys, 24 verts] 'Fuse'
		R_Stab01 [377 polys, 773 verts] 'Standard_9'
		V_Tail01 [263 polys, 575 verts] 'Standard_9'
		L_Wing01 [1325 polys, 1765 verts] 'Standard_9'
		R_Wing01 [1068 polys, 1161 verts] 'Standard_9'
		L_Stab01 [622 polys, 1342 verts] 'Standard_9'


Num Nodes: 142
Total:    (20065 polys, 21449 verts)
Mesh Max: (1325 polys, 1765 verts)

8 Materials:
 (  1) Fuse:
       Fuse.bmp
 (  2) Wings:
       Wings.bmp
 (  3) Standard_1:
       <No Texture>
 (  4) Material #61:
       <No Texture>
 (  5) Standard_9:
       Tanks500.bmp
 (  6) Glass:
       Transparency enabled
       Specular=1.60, Glossiness=0.15, Color:<229,229,229>
       Reflection=1.00
       Clr-GLASS.TGA
 (  7) Airbrake:
       airbrake.bmp
 (  8) Standard_16:
       <No Texture>

5 Textures:
Fuse.bmp
Wings.bmp
Tanks500.bmp
Clr-GLASS.TGA
airbrake.bmp

Points
Point01=-5.16,-0.99,-0.04
Point02=0.00,4.60,-0.75
Point03=-5.22,-0.21,-0.09
Point04=-0.00,-1.11,0.70
Point05=-0.00,-4.33,2.58
Point06=-0.00,0.01,-0.66
Point07=-0.00,-5.47,0.37
Point08=-2.80,0.58,-0.41
Point09=-1.67,-0.06,-0.40

Extents
