	Hull (200 polys, 600 verts) '1 - Default'
		Frontpanel (191 polys, 573 verts) '10 - Default'
			Knop04 (40 polys, 120 verts) '10 - Default'
			GehaeuseRMI (144 polys, 432 verts) '5 - Default'
				Needlecenter02 (40 polys, 120 verts) '10 - Default'
				CourseArrow (6 polys, 18 verts) '13 - Default'
				BearingMarker (6 polys, 18 verts) '13 - Default'
				RMIWheel (24 polys, 72 verts) '7 - Default'
			Gehaeuse02 (144 polys, 432 verts) '5 - Default'
				Alt (24 polys, 72 verts) '7 - Default'
					Needlecenter06 (40 polys, 120 verts) '10 - Default'
					Needle_Alt1000 (6 polys, 18 verts) '13 - Default'
					Needle_Alt100 (6 polys, 18 verts) '13 - Default'
			Gehaeuse03 (144 polys, 432 verts) '5 - Default'
				Pitch (24 polys, 72 verts) '7 - Default'
					Needlecenter01 (40 polys, 120 verts) '10 - Default'
					Needle_Pitch (6 polys, 18 verts) '13 - Default'
			Gehaeuse04 (144 polys, 432 verts) '5 - Default'
				Roll (24 polys, 72 verts) '7 - Default'
					Slipball (44 polys, 132 verts) '13 - Default'
					Needle_Turn (6 polys, 18 verts) '13 - Default'
			Gehaeuse06 (144 polys, 432 verts) '5 - Default'
				Needlecenter05 (40 polys, 120 verts) '10 - Default'
				Needle_Fuel (6 polys, 18 verts) '13 - Default'
			FuelGauge (24 polys, 72 verts) '21 - Default'
			Gehaeuse10 (144 polys, 432 verts) '5 - Default'
				Speedometer (24 polys, 72 verts) '7 - Default'
					Needlecenter10 (40 polys, 120 verts) '10 - Default'
					Needle_Speed (6 polys, 18 verts) '13 - Default'
			Gehaeuse11 (144 polys, 432 verts) '5 - Default'
				Accel (24 polys, 72 verts) '7 - Default'
				Needlecenter07 (40 polys, 120 verts) '10 - Default'
				Needle_Accel (6 polys, 18 verts) '13 - Default'
			Gehaeuse14 (144 polys, 432 verts) '5 - Default'
				Flaps (24 polys, 72 verts) '7 - Default'
					Needle_Flaps (6 polys, 18 verts) '13 - Default'
				Needlecenter04 (40 polys, 120 verts) '10 - Default'
			Schraube01 (2 polys, 6 verts) '9 - Default'
			Schraube05 (2 polys, 6 verts) '9 - Default'
			Schraube07 (2 polys, 6 verts) '9 - Default'
			Schraube18 (2 polys, 6 verts) '9 - Default'
			Gehaeuse05 (144 polys, 432 verts) '5 - Default'
				RPM (24 polys, 72 verts) '7 - Default'
					Needlecenter15 (40 polys, 120 verts) '10 - Default'
					Needle_RPM (6 polys, 18 verts) '13 - Default'
					Needle_RPM2 (6 polys, 18 verts) '13 - Default'
			Gehaeuse08 (144 polys, 432 verts) '5 - Default'
				EGT (24 polys, 72 verts) '7 - Default'
					Needle_EGT (2 polys, 6 verts) '13 - Default'
			Gehaeuse09 (144 polys, 432 verts) '5 - Default'
				FuelFlow (24 polys, 72 verts) '7 - Default'
					Needlecenter17 (40 polys, 120 verts) '10 - Default'
					Needle_FuelFlow (6 polys, 18 verts) '13 - Default'
			CP_NAVBox (88 polys, 264 verts) '8 - Default'
				CourseArrow1 (288 polys, 864 verts) '21 - Default'
				GyroWheel (288 polys, 864 verts) '21 - Default'
				Cylinder01 (140 polys, 420 verts) '21 - Default'
			Gehaeuse16 (144 polys, 432 verts) '5 - Default'
				OxyFlow (24 polys, 72 verts) '7 - Default'
					Needlecenter03 (40 polys, 120 verts) '10 - Default'
				Needle_Oxy (6 polys, 18 verts) '13 - Default'
			Gehaeuse01 (144 polys, 432 verts) '5 - Default'
				Flaps01 (24 polys, 72 verts) '7 - Default'
			Gehaeuse07 (144 polys, 432 verts) '5 - Default'
				HydPress (24 polys, 72 verts) '7 - Default'
					Needlecenter18 (40 polys, 120 verts) '10 - Default'
					Needle_HYDPress (6 polys, 18 verts) '13 - Default'
			ClockBox (144 polys, 432 verts) '4 - Default'
				Needlecenter08 (40 polys, 120 verts) '10 - Default'
				Clock (24 polys, 72 verts) '7 - Default'
					Needle_Second (6 polys, 18 verts) '13 - Default'
					Needle_Hour (6 polys, 18 verts) '13 - Default'
					Needle_Minute (6 polys, 18 verts) '13 - Default'
			Attitude (88 polys, 264 verts) '8 - Default'
				PitchRollBar (37 polys, 111 verts) '6 - Default'
			Box02 (30 polys, 90 verts) '10 - Default'
			Box05 (18 polys, 54 verts) '10 - Default'
				GunsightBox (319 polys, 957 verts) '11 - Default'
					GunsightGlass (10 polys, 30 verts) '18 - Default'
			Sign (2 polys, 6 verts) '10 - Default'
			WarningLamp (60 polys, 180 verts) '10 - Default'
				GearWarningLight (44 polys, 132 verts) '22 - Default'
			GearSign (4 polys, 12 verts) '10 - Default'
				GearLights (132 polys, 396 verts) '10 - Default'
			StByCompassBox (64 polys, 192 verts) '5 - Default'
				StByCompass (68 polys, 204 verts) '6 - Default'
			Radio (12 polys, 36 verts) '10 - Default'
			LABSCounter (24 polys, 72 verts) '10 - Default'
			Rocketsel (24 polys, 72 verts) '7 - Default'
				Knop01 (40 polys, 120 verts) '10 - Default'
				SalvoSelector (60 polys, 180 verts) '10 - Default'
			WarningLamp01 (60 polys, 180 verts) '10 - Default'
				EngineOverheatLight (44 polys, 132 verts) '22 - Default'
			WarningLamp02 (60 polys, 180 verts) '10 - Default'
				EngineFireLight (44 polys, 132 verts) '22 - Default'
			WarningLamp03 (60 polys, 180 verts) '10 - Default'
				MasterCautionLight (44 polys, 132 verts) '22 - Default'
			WarningLamp13 (60 polys, 180 verts) '10 - Default'
				LowAltWarningLight (44 polys, 132 verts) '22 - Default'
			WarningLamp14 (60 polys, 180 verts) '10 - Default'
				StallWarningLight (44 polys, 132 verts) '22 - Default'
			Switchbase01 (20 polys, 60 verts) '10 - Default'
				Selector02 (50 polys, 150 verts) '10 - Default'
			WarningLamp15 (60 polys, 180 verts) '10 - Default'
				FuelLowLight (44 polys, 132 verts) '22 - Default'
			WarningLamp16 (60 polys, 180 verts) '10 - Default'
				ExternalTankEmpty (44 polys, 132 verts) '22 - Default'
			WarningLamp17 (60 polys, 180 verts) '10 - Default'
				ExternalTankLow (44 polys, 132 verts) '22 - Default'
			WarningLamp18 (60 polys, 180 verts) '10 - Default'
				GLight (44 polys, 132 verts) '22 - Default'
			Schraube02 (2 polys, 6 verts) '9 - Default'
			Schraube03 (2 polys, 6 verts) '9 - Default'
			Schraube04 (2 polys, 6 verts) '9 - Default'
			Schraube06 (2 polys, 6 verts) '9 - Default'
			Schraube08 (2 polys, 6 verts) '9 - Default'
			Schraube09 (2 polys, 6 verts) '9 - Default'
			Schraube10 (2 polys, 6 verts) '9 - Default'
			Schraube20 (2 polys, 6 verts) '9 - Default'
			Schraube11 (2 polys, 6 verts) '9 - Default'
			Schraube22 (2 polys, 6 verts) '9 - Default'
			Schraube23 (2 polys, 6 verts) '9 - Default'
			Schraube24 (2 polys, 6 verts) '9 - Default'
			Schraube12 (2 polys, 6 verts) '9 - Default'
			Schraube13 (2 polys, 6 verts) '9 - Default'
			Schraube14 (2 polys, 6 verts) '9 - Default'
			Schraube26 (2 polys, 6 verts) '9 - Default'
			Schraube15 (2 polys, 6 verts) '9 - Default'
			Schraube28 (2 polys, 6 verts) '9 - Default'
			Schraube29 (2 polys, 6 verts) '9 - Default'
			Schraube30 (2 polys, 6 verts) '9 - Default'
			MasterArmBase (82 polys, 246 verts) '10 - Default'
				MasterArmSwitch (50 polys, 150 verts) '10 - Default'
			Sign10 (2 polys, 6 verts) '10 - Default'
			Sign (2 polys, 6 verts) '10 - Default'
			Knop02 (40 polys, 120 verts) '10 - Default'
			Knop03 (40 polys, 120 verts) '10 - Default'
			Knop05 (40 polys, 120 verts) '10 - Default'
			Knop06 (40 polys, 120 verts) '10 - Default'
			Knop07 (40 polys, 120 verts) '10 - Default'
			Knop08 (40 polys, 120 verts) '10 - Default'
			Knop09 (40 polys, 120 verts) '10 - Default'
			Knop10 (40 polys, 120 verts) '10 - Default'
			Sign9 (2 polys, 6 verts) '10 - Default'
			Sign11 (2 polys, 6 verts) '10 - Default'
			Sign01 (2 polys, 6 verts) '10 - Default'
			Sign02 (2 polys, 6 verts) '10 - Default'
			Sign03 (2 polys, 6 verts) '10 - Default'
			Sign04 (2 polys, 6 verts) '10 - Default'
			Sign05 (2 polys, 6 verts) '10 - Default'
			Sign06 (6 polys, 18 verts) '10 - Default'
			Sign07 (2 polys, 6 verts) '10 - Default'
			Sign08 (2 polys, 6 verts) '10 - Default'
			Sign12 (2 polys, 6 verts) '10 - Default'
			CoveredSwitch (100 polys, 300 verts) '10 - Default'
			Cylinder02 (176 polys, 528 verts) '10 - Default'
			Switchbase02 (30 polys, 90 verts) '10 - Default'
				RippleSel (50 polys, 150 verts) '10 - Default'
			Sign13 (2 polys, 6 verts) '10 - Default'
			Switchbase (32 polys, 96 verts) '10 - Default'
				Selector01 (50 polys, 150 verts) '10 - Default'
			WarningLamp04 (60 polys, 180 verts) '10 - Default'
			Sign14 (2 polys, 6 verts) '10 - Default'
		PanelCover (80 polys, 240 verts) '1 - Default'
			Box17 (200 polys, 600 verts) '10 - Default'
		Leftleg (308 polys, 924 verts) '16 - Default'
		alt_dig1 (36 polys, 108 verts) '6 - Default'
		Range_dig3 (36 polys, 108 verts) '6 - Default'
		Range_dig2 (36 polys, 108 verts) '6 - Default'
		Range_dig1 (36 polys, 108 verts) '6 - Default'
		FrontFrame (304 polys, 912 verts) '1 - Default'
			Box01 (60 polys, 180 verts) '10 - Default'
				Canopyopener (328 polys, 984 verts) '10 - Default'
			FrontWindow (48 polys, 144 verts) '14 - Default'
			Windshield (52 polys, 156 verts) '14 - Default'
		CanopyFrame (228 polys, 684 verts) '1 - Default'
			Mirror (16 polys, 48 verts) '19 - Default'
			Canopyglass (384 polys, 1152 verts) '14 - Default'
		Pedals (168 polys, 504 verts) '1 - Default'
		Seat (117 polys, 351 verts) '24 - Default'
		SidePanels (12 polys, 36 verts) '10 - Default'


Total:    (9912 polys, 29736 verts)
Mesh Max: (384 polys, 1152 verts)
