	Base (12 polys, 36 verts) '15 - Default'
		Canopy (332 polys, 996 verts) '1 - Default'
			Vitre Canopy (204 polys, 612 verts) '23 - Default'
			MirrorholdR (120 polys, 360 verts) '10 - Default'
				rightmirror (14 polys, 42 verts) '19 - Default'
				Objet03 (14 polys, 42 verts) '21 - Default'
			MirrorholdC (120 polys, 360 verts) '10 - Default'
				centermirror (24 polys, 72 verts) '19 - Default'
				Objet02 (24 polys, 72 verts) '21 - Default'
			MirrorholdL (120 polys, 360 verts) '10 - Default'
				leftmirror (14 polys, 42 verts) '19 - Default'
				Objet01 (14 polys, 42 verts) '21 - Default'
		CanopyFront (148 polys, 444 verts) '1 - Default'
			FrontVitre (38 polys, 114 verts) '23 - Default'
		Frontpanel (26 polys, 78 verts) '2 - Default'
			Knop (31 polys, 93 verts) '10 - Default'
			Knop01 (31 polys, 93 verts) '10 - Default'
			Knop02 (31 polys, 93 verts) '10 - Default'
			Fassung01 (31 polys, 93 verts) '10 - Default'
			Fassung03 (31 polys, 93 verts) '10 - Default'
			Fassung04 (31 polys, 93 verts) '10 - Default'
			Fassung05 (31 polys, 93 verts) '10 - Default'
			Fassung06 (31 polys, 93 verts) '10 - Default'
			Fassung07 (31 polys, 93 verts) '10 - Default'
			Fassung08 (31 polys, 93 verts) '10 - Default'
			SalvoSelector (47 polys, 141 verts) '10 - Default'
			Ignition_Switch (53 polys, 159 verts) '10 - Default'
			Selector (43 polys, 129 verts) '10 - Default'
			Selector01 (43 polys, 129 verts) '10 - Default'
			Slipball (34 polys, 102 verts) '13 - Default'
			Needlecenter01 (31 polys, 93 verts) '10 - Default'
			Needlecenter04 (31 polys, 93 verts) '10 - Default'
			Needlecenter05 (31 polys, 93 verts) '10 - Default'
			Needlecenter06 (31 polys, 93 verts) '10 - Default'
			Engine_Fire_Light (34 polys, 102 verts) '10 - Default'
			Gear_Caution_Light (34 polys, 102 verts) '10 - Default'
			Master_Caution_Light (34 polys, 102 verts) '10 - Default'
			Needlecenter08 (31 polys, 93 verts) '10 - Default'
			Needlecenter09 (31 polys, 93 verts) '10 - Default'
			Needlecenter10 (31 polys, 93 verts) '10 - Default'
			Needlecenter11 (31 polys, 93 verts) '10 - Default'
			Needlecenter12 (31 polys, 93 verts) '10 - Default'
			Needlecenter13 (31 polys, 93 verts) '10 - Default'
			Needlecenter14 (31 polys, 93 verts) '10 - Default'
			Knop03 (31 polys, 93 verts) '10 - Default'
			Knop04 (31 polys, 93 verts) '10 - Default'
			Knop38 (31 polys, 93 verts) '10 - Default'
			Knop39 (31 polys, 93 verts) '10 - Default'
			Knop40 (31 polys, 93 verts) '10 - Default'
			SalvoSelector01 (47 polys, 141 verts) '10 - Default'
			Fuel_Low_Light (34 polys, 102 verts) '10 - Default'
			Fassung10 (31 polys, 93 verts) '10 - Default'
			Low_ALT (34 polys, 102 verts) '10 - Default'
			Fassung12 (31 polys, 93 verts) '10 - Default'
			Stall_Light (34 polys, 102 verts) '10 - Default'
			Attitude (88 polys, 264 verts) '8 - Default'
			ChartBoard01 (36 polys, 108 verts) '10 - Default'
			ChartBoard02 (36 polys, 108 verts) '10 - Default'
			CompassIndexer (36 polys, 108 verts) '6 - Default'
			Cylinder01 (216 polys, 648 verts) '10 - Default'
			Gehaeuse (144 polys, 432 verts) '5 - Default'
			RMIWheel (24 polys, 72 verts) '7 - Default'
				CourseArrow (6 polys, 18 verts) '13 - Default'
				BearingMarker (6 polys, 18 verts) '13 - Default'
			Gehaeuse01 (144 polys, 432 verts) '5 - Default'
			Rocketsel (24 polys, 72 verts) '5 - Default'
			Gehaeuse02 (144 polys, 432 verts) '5 - Default'
			Alt (24 polys, 72 verts) '7 - Default'
			Gehaeuse03 (144 polys, 432 verts) '5 - Default'
			Pitch (24 polys, 72 verts) '7 - Default'
			Gehaeuse04 (144 polys, 432 verts) '5 - Default'
			Roll (24 polys, 72 verts) '7 - Default'
			Gehaeuse05 (144 polys, 432 verts) '5 - Default'
			Radaralt (24 polys, 72 verts) '5 - Default'
			Gehaeuse06 (144 polys, 432 verts) '5 - Default'
			MFGauge (24 polys, 72 verts) '7 - Default'
			Gehaeuse07 (144 polys, 432 verts) '5 - Default'
			CylTemp (24 polys, 72 verts) '7 - Default'
			Gehaeuse08 (144 polys, 432 verts) '5 - Default'
			Accel (24 polys, 72 verts) '7 - Default'
			Gehaeuse09 (144 polys, 432 verts) '5 - Default'
			Manifold (24 polys, 72 verts) '7 - Default'
			Gehaeuse10 (144 polys, 432 verts) '5 - Default'
			Speedometer (24 polys, 72 verts) '7 - Default'
			Gehaeuse11 (144 polys, 432 verts) '5 - Default'
			RPM (24 polys, 72 verts) '7 - Default'
			Gehaeuse12 (144 polys, 432 verts) '5 - Default'
			Fuel (24 polys, 72 verts) '7 - Default'
			Gehaeuse13 (144 polys, 432 verts) '5 - Default'
			HydPress (24 polys, 72 verts) '5 - Default'
			Gehaeuse14 (144 polys, 432 verts) '5 - Default'
			Clock (24 polys, 72 verts) '7 - Default'
			Gehaeuse15 (144 polys, 432 verts) '5 - Default'
			Press (24 polys, 72 verts) '5 - Default'
			Gehaeuse17 (144 polys, 432 verts) '5 - Default'
			StbCompass (24 polys, 72 verts) '7 - Default'
			Gehaeuse18 (144 polys, 432 verts) '5 - Default'
			Ignition (144 polys, 432 verts) '5 - Default'
			Ziffernblatt16 (24 polys, 72 verts) '7 - Default'
			Needle_Accel (6 polys, 18 verts) '13 - Default'
			Needle_Alt100 (6 polys, 18 verts) '13 - Default'
			Needle_Alt1000 (6 polys, 18 verts) '13 - Default'
			Needle_CylTemp (6 polys, 18 verts) '13 - Default'
			Needle_CylTemp01 (6 polys, 18 verts) '13 - Default'
			Needle_Fuel (6 polys, 18 verts) '13 - Default'
			Needle_FuelPress (6 polys, 18 verts) '13 - Default'
			Needle_Hour (6 polys, 18 verts) '13 - Default'
			Needle_Manifold (6 polys, 18 verts) '13 - Default'
			Needle_Minute (6 polys, 18 verts) '13 - Default'
			Needle_OilPress (6 polys, 18 verts) '13 - Default'
			Needle_OILTemp (6 polys, 18 verts) '13 - Default'
			Needle_Pitch (6 polys, 18 verts) '13 - Default'
			Needle_Press (6 polys, 18 verts) '13 - Default'
			Needle_RadarAlt (6 polys, 18 verts) '13 - Default'
			Needle_RPM100 (6 polys, 18 verts) '13 - Default'
			Needle_RPM1000 (6 polys, 18 verts) '13 - Default'
			Needle_Second (6 polys, 18 verts) '13 - Default'
			Needle_Speed (6 polys, 18 verts) '13 - Default'
			Needle_Turn (6 polys, 18 verts) '13 - Default'
			Schraube01 (2 polys, 6 verts) '9 - Default'
			Schraube02 (2 polys, 6 verts) '9 - Default'
			Schraube03 (2 polys, 6 verts) '9 - Default'
			Schraube04 (2 polys, 6 verts) '9 - Default'
			Schraube05 (2 polys, 6 verts) '9 - Default'
			Schraube06 (2 polys, 6 verts) '9 - Default'
			Schraube07 (2 polys, 6 verts) '9 - Default'
			Schraube18 (2 polys, 6 verts) '9 - Default'
			Schraube43 (2 polys, 6 verts) '9 - Default'
			Schraube51 (2 polys, 6 verts) '9 - Default'
			Schraube62 (2 polys, 6 verts) '9 - Default'
			Schraube63 (2 polys, 6 verts) '9 - Default'
			Schraube64 (2 polys, 6 verts) '9 - Default'
			Schraube65 (2 polys, 6 verts) '9 - Default'
			Schraube66 (2 polys, 6 verts) '9 - Default'
			Schraube67 (2 polys, 6 verts) '9 - Default'
			Schraube68 (2 polys, 6 verts) '9 - Default'
			Schraube69 (2 polys, 6 verts) '9 - Default'
			Sign01 (2 polys, 6 verts) '10 - Default'
			Sign02 (2 polys, 6 verts) '10 - Default'
			Sign03 (2 polys, 6 verts) '10 - Default'
			Sign04 (2 polys, 6 verts) '10 - Default'
			Sign05 (2 polys, 6 verts) '10 - Default'
			Sign06 (2 polys, 6 verts) '10 - Default'
			Sign07 (2 polys, 6 verts) '10 - Default'
			Sign08 (2 polys, 6 verts) '10 - Default'
			Needlecenter02 (31 polys, 93 verts) '10 - Default'
		LSideBox (48 polys, 144 verts) '1 - Default'
			LSidePanel (12 polys, 36 verts) '10 - Default'
				GearBox (10 polys, 30 verts) '10 - Default'
				Throtbox (22 polys, 66 verts) '10 - Default'
				GearWarningBox (10 polys, 30 verts) '10 - Default'
					Fassung09 (31 polys, 93 verts) '10 - Default'
				Gear (88 polys, 264 verts) '7 - Default'
					Gear_Light (6 polys, 18 verts) '10 - Default'
					Needle_Flaps (6 polys, 18 verts) '13 - Default'
				Selector07 (43 polys, 129 verts) '10 - Default'
				Selector08 (43 polys, 129 verts) '10 - Default'
		PanelCover (80 polys, 240 verts) '1 - Default'
			RSwichBox (43 polys, 129 verts) '10 - Default'
				Box08 (10 polys, 30 verts) '10 - Default'
				Box07 (10 polys, 30 verts) '10 - Default'
				Box06 (10 polys, 30 verts) '10 - Default'
				Cylinder02 (16 polys, 48 verts) '10 - Default'
				Cylinder03 (16 polys, 48 verts) '10 - Default'
				Cylinder04 (16 polys, 48 verts) '10 - Default'
				Cylinder14 (32 polys, 96 verts) '10 - Default'
				Cylinder15 (32 polys, 96 verts) '10 - Default'
				Cylinder16 (32 polys, 96 verts) '10 - Default'
				Cylinder17 (32 polys, 96 verts) '10 - Default'
				Cylinder18 (16 polys, 48 verts) '10 - Default'
				Box09 (10 polys, 30 verts) '10 - Default'
				Cylinder19 (16 polys, 48 verts) '10 - Default'
				Cylinder21 (16 polys, 48 verts) '10 - Default'
				Cylinder22 (16 polys, 48 verts) '10 - Default'
				Cylinder25 (16 polys, 48 verts) '10 - Default'
				Cylinder26 (16 polys, 48 verts) '10 - Default'
				Cylinder27 (16 polys, 48 verts) '10 - Default'
				Box12 (10 polys, 30 verts) '10 - Default'
				Cylinder28 (16 polys, 48 verts) '10 - Default'
				Box13 (10 polys, 30 verts) '10 - Default'
				Cylinder29 (16 polys, 48 verts) '10 - Default'
				Box14 (10 polys, 30 verts) '10 - Default'
				Cylinder30 (16 polys, 48 verts) '10 - Default'
				Cylinder31 (16 polys, 48 verts) '10 - Default'
				Cylinder32 (16 polys, 48 verts) '10 - Default'
				CenterL_Wep (43 polys, 129 verts) '10 - Default'
				Port_Wing_Inner_wep (43 polys, 129 verts) '10 - Default'
				STBD_Wing_Inner_Wep (43 polys, 129 verts) '10 - Default'
				Cylinder42 (32 polys, 96 verts) '10 - Default'
				Cylinder43 (32 polys, 96 verts) '10 - Default'
				STBD_Wing_Wep (43 polys, 129 verts) '10 - Default'
				Cylinder44 (16 polys, 48 verts) '10 - Default'
				Box19 (10 polys, 30 verts) '10 - Default'
				Port_Wing_wep (43 polys, 129 verts) '10 - Default'
				Cylinder46 (16 polys, 48 verts) '10 - Default'
				Box20 (10 polys, 30 verts) '10 - Default'
				Cylinder47 (16 polys, 48 verts) '10 - Default'
				Cylinder49 (16 polys, 48 verts) '10 - Default'
			LSwitchBox (35 polys, 105 verts) '10 - Default'
				Box01 (10 polys, 30 verts) '10 - Default'
				Box03 (10 polys, 30 verts) '10 - Default'
				Box02 (10 polys, 30 verts) '10 - Default'
				Box04 (10 polys, 30 verts) '10 - Default'
				Box05 (10 polys, 30 verts) '10 - Default'
				Cylinder05 (16 polys, 48 verts) '10 - Default'
				Cylinder06 (16 polys, 48 verts) '10 - Default'
				Cylinder07 (16 polys, 48 verts) '10 - Default'
				Cylinder08 (16 polys, 48 verts) '10 - Default'
				Cylinder09 (16 polys, 48 verts) '10 - Default'
				Cylinder13 (32 polys, 96 verts) '10 - Default'
				Cylinder12 (32 polys, 96 verts) '10 - Default'
				Cylinder11 (32 polys, 96 verts) '10 - Default'
				Cylinder10 (32 polys, 96 verts) '10 - Default'
				Cylinder23 (16 polys, 48 verts) '10 - Default'
				Box10 (10 polys, 30 verts) '10 - Default'
				Cylinder24 (16 polys, 48 verts) '10 - Default'
				Box11 (10 polys, 30 verts) '10 - Default'
				Selector04 (43 polys, 129 verts) '10 - Default'
				Selector02 (43 polys, 129 verts) '10 - Default'
				Selector03 (43 polys, 129 verts) '10 - Default'
				GunSelector (43 polys, 129 verts) '10 - Default'
				GunSelector01 (43 polys, 129 verts) '10 - Default'
				Cylinder45 (16 polys, 48 verts) '10 - Default'
				GunSelector02 (43 polys, 129 verts) '10 - Default'
				Box21 (10 polys, 30 verts) '10 - Default'
			Cylinder20 (22 polys, 66 verts) '2 - Default'
				GunsightHold (10 polys, 30 verts) '1 - Default'
					GunsightBox (16 polys, 48 verts) '10 - Default'
						RangeWheel02 (52 polys, 156 verts) '11 - Default'
						RangeWheel01 (52 polys, 156 verts) '11 - Default'
						GunsightStrut (12 polys, 36 verts) '10 - Default'
						Cylinder51 (39 polys, 117 verts) '11 - Default'
						Cylinder52 (28 polys, 84 verts) '7 - Default'
						Cylinder50 (60 polys, 180 verts) '11 - Default'
						GunsightStrut01 (12 polys, 36 verts) '10 - Default'
						GunsightGlass (12 polys, 36 verts) '18 - Default'
			Box17 (148 polys, 444 verts) '2 - Default'
		RSideBox (54 polys, 162 verts) '1 - Default'
			RSidePanel (8 polys, 24 verts) '10 - Default'
				HookBox01 (10 polys, 30 verts) '10 - Default'
				PowerSwitchSign (72 polys, 216 verts) '12 - Default'
				Comms (10 polys, 30 verts) '12 - Default'
					Cylinder33 (16 polys, 48 verts) '10 - Default'
					Selector09 (43 polys, 129 verts) '10 - Default'
					Selector24 (43 polys, 129 verts) '10 - Default'
					Cylinder37 (16 polys, 48 verts) '10 - Default'
					Selector21 (43 polys, 129 verts) '10 - Default'
					Selector22 (43 polys, 129 verts) '10 - Default'
					Selector25 (43 polys, 129 verts) '10 - Default'
					Selector26 (43 polys, 129 verts) '10 - Default'
					Selector27 (43 polys, 129 verts) '10 - Default'
					Selector28 (43 polys, 129 verts) '10 - Default'
					Cylinder41 (16 polys, 48 verts) '10 - Default'
					Cylinder40 (16 polys, 48 verts) '10 - Default'
					Cylinder39 (16 polys, 48 verts) '10 - Default'
					Cylinder38 (16 polys, 48 verts) '10 - Default'
					Selector23 (43 polys, 129 verts) '10 - Default'
					Cylinder36 (16 polys, 48 verts) '10 - Default'
					Cylinder34 (16 polys, 48 verts) '10 - Default'
					Cylinder35 (16 polys, 48 verts) '10 - Default'
				Commswitch (10 polys, 30 verts) '12 - Default'
				Selector20 (43 polys, 129 verts) '10 - Default'
				Selector05 (43 polys, 129 verts) '10 - Default'
				Selector06 (43 polys, 129 verts) '10 - Default'
				Needle_01 (6 polys, 18 verts) '13 - Default'
				Needle_02 (6 polys, 18 verts) '13 - Default'
				Voltameter (88 polys, 264 verts) '7 - Default'
			Circuit_Breaker_Panel (10 polys, 30 verts) '12 - Default'
				Knop09 (992 polys, 2976 verts) '10 - Default'
		Hull (72 polys, 216 verts) '1 - Default'
			HullStrut (8 polys, 24 verts) '1 - Default'
			HullStrut01 (8 polys, 24 verts) '1 - Default'
			LPedal (80 polys, 240 verts) '1 - Default'
				Ped (16 polys, 48 verts) '1 - Default'
			LPedal01 (80 polys, 240 verts) '1 - Default'
				Ped01 (16 polys, 48 verts) '1 - Default'
			Box15 (20 polys, 60 verts) '1 - Default'
			Box16 (20 polys, 60 verts) '1 - Default'
			LandingGearLever (80 polys, 240 verts) '10 - Default'
			MixtureSwitch (32 polys, 96 verts) '10 - Default'
			OilCoolerSwitch (80 polys, 240 verts) '10 - Default'
			Supercharger (80 polys, 240 verts) '10 - Default'
			Switchcover (40 polys, 120 verts) '10 - Default'
			Throttle (124 polys, 372 verts) '10 - Default'
			FrictionAdjustment (68 polys, 204 verts) '10 - Default'
			RearWall (92 polys, 276 verts) '14 - Default'
				Sign10 (72 polys, 216 verts) '10 - Default'
				Sign11 (72 polys, 216 verts) '10 - Default'
		Leftleg (176 polys, 528 verts) '16 - Default'
		rightleg (176 polys, 528 verts) '16 - Default'
		HookLever (80 polys, 240 verts) '10 - Default'
		PitchRollBar (37 polys, 111 verts) '3 - Default'
		alt_dig1 (20 polys, 60 verts) '6 - Default'


Total:    (12168 polys, 36504 verts)
Mesh Max: (992 polys, 2976 verts)
