	Line05 (36 polys, 108 verts) '04 - Default'
		Line02 (64 polys, 192 verts) '02 - Default'
			Line15 (44 polys, 132 verts) '03 - Default'
				Line11 (20 polys, 60 verts) '03 - Default'
					Cylinder179 (42 polys, 126 verts) '16 - Default'
					Plane74 (2 polys, 6 verts) '04 - Default'
					Plane76 (2 polys, 6 verts) '04 - Default'
					Plane75 (2 polys, 6 verts) '04 - Default'
					Cylinder178 (50 polys, 150 verts) '15 - Default'
				Line70 (30 polys, 90 verts) '03 - Default'
					Cylinder177 (18 polys, 54 verts) '04 - Default'
				Line92 (32 polys, 96 verts) '04 - Default'
					Line79 (133 polys, 399 verts) '04 - Default'
					Cylinder92 (50 polys, 150 verts) '04 - Default'
					Cylinder172 (30 polys, 90 verts) '03 - Default'
					Plane77 (2 polys, 6 verts) '04 - Default'
				Cylinder231 (58 polys, 174 verts) '04 - Default'
			Line17 (10 polys, 30 verts) '03 - Default'
				Line93 (10 polys, 30 verts) '03 - Default'
					Box46 (14 polys, 42 verts) '16 - Default'
						Sphere82 (30 polys, 90 verts) '16 - Default'
						Sphere81 (30 polys, 90 verts) '16 - Default'
						Sphere80 (30 polys, 90 verts) '16 - Default'
						Sphere83 (30 polys, 90 verts) '16 - Default'
						Line94 (171 polys, 513 verts) '01 - Default'
							Plane79 (2 polys, 6 verts) '19 - Default'
							Cylinder189 (24 polys, 72 verts) '16 - Default'
							Cylinder188 (24 polys, 72 verts) '16 - Default'
							Cylinder187 (36 polys, 108 verts) '15 - Default'
								Cylinder09 (8 polys, 24 verts) '19 - Default'
							Cylinder190 (50 polys, 150 verts) '15 - Default'
							Cylinder191 (58 polys, 174 verts) '15 - Default'
							Cylinder192 (58 polys, 174 verts) '15 - Default'
							Box50 (18 polys, 54 verts) '15 - Default'
								Cylinder186 (154 polys, 462 verts) '15 - Default'
								Plane78 (2 polys, 6 verts) '15 - Default'
								Line96 (31 polys, 93 verts) '15 - Default'
							Box51 (32 polys, 96 verts) '15 - Default'
							objIN_Fuel_C_dig42 (20 polys, 60 verts) '19 - Default'
							objIN_Fuel_C_dig41 (20 polys, 60 verts) '19 - Default'
							objIN_Fuel_C_dig40 (20 polys, 60 verts) '19 - Default'
							objIN_Fuel_C_dig39 (20 polys, 60 verts) '19 - Default'
					Box47 (8 polys, 24 verts) '16 - Default'
						Line91 (58 polys, 174 verts) '15 - Default'
							Box48 (32 polys, 96 verts) '15 - Default'
								objIN_Fuel_C_dig38 (20 polys, 60 verts) '19 - Default'
							Box49 (18 polys, 54 verts) '15 - Default'
								Cylinder180 (154 polys, 462 verts) '15 - Default'
							Cylinder183 (24 polys, 72 verts) '16 - Default'
							Cylinder182 (24 polys, 72 verts) '16 - Default'
							Cylinder181 (50 polys, 150 verts) '15 - Default'
							Line95 (26 polys, 78 verts) '15 - Default'
							Cylinder184 (36 polys, 108 verts) '15 - Default'
								Cylinder197 (8 polys, 24 verts) '19 - Default'
							Cylinder185 (36 polys, 108 verts) '15 - Default'
						Sphere76 (30 polys, 90 verts) '16 - Default'
						Sphere77 (30 polys, 90 verts) '16 - Default'
						Sphere78 (30 polys, 90 verts) '16 - Default'
						Sphere79 (30 polys, 90 verts) '16 - Default'
					Box63 (8 polys, 24 verts) '16 - Default'
						Sphere88 (30 polys, 90 verts) '16 - Default'
						Sphere87 (30 polys, 90 verts) '16 - Default'
						Sphere86 (30 polys, 90 verts) '16 - Default'
						Sphere89 (30 polys, 90 verts) '16 - Default'
						Line106 (58 polys, 174 verts) '15 - Default'
							Cylinder217 (48 polys, 144 verts) '16 - Default'
							Cylinder218 (24 polys, 72 verts) '16 - Default'
							Cylinder215 (48 polys, 144 verts) '16 - Default'
							Cylinder216 (24 polys, 72 verts) '16 - Default'
							Cylinder210 (24 polys, 72 verts) '16 - Default'
							Cylinder212 (48 polys, 144 verts) '16 - Default'
							Cylinder211 (48 polys, 144 verts) '16 - Default'
							Line110 (76 polys, 228 verts) '15 - Default'
				Line97 (12 polys, 36 verts) '01 - Default'
					Sphere84 (30 polys, 90 verts) '16 - Default'
					Sphere85 (30 polys, 90 verts) '16 - Default'
					Cylinder193 (36 polys, 108 verts) '16 - Default'
					Plane83 (2 polys, 6 verts) '01 - Default'
					Plane80 (2 polys, 6 verts) '01 - Default'
					Plane82 (2 polys, 6 verts) '01 - Default'
					Plane86 (2 polys, 6 verts) '01 - Default'
					Plane81 (2 polys, 6 verts) '01 - Default'
					Plane85 (2 polys, 6 verts) '01 - Default'
					Plane84 (2 polys, 6 verts) '01 - Default'
					Line99 (34 polys, 102 verts) '01 - Default'
						Plane87 (2 polys, 6 verts) '01 - Default'
						Cylinder199 (50 polys, 150 verts) '16 - Default'
						Cylinder198 (24 polys, 72 verts) '16 - Default'
						Cylinder200 (24 polys, 72 verts) '16 - Default'
					Cylinder194 (24 polys, 72 verts) '16 - Default'
					Cylinder195 (24 polys, 72 verts) '16 - Default'
					Cylinder196 (24 polys, 72 verts) '16 - Default'
				Plane88 (10 polys, 30 verts) '04 - Default'
					Cylinder201 (50 polys, 150 verts) '16 - Default'
				Line107 (122 polys, 366 verts) '01 - Default'
					Cylinder204 (52 polys, 156 verts) '01 - Default'
					Cylinder203 (52 polys, 156 verts) '01 - Default'
					Cylinder202 (72 polys, 216 verts) '01 - Default'
					Cylinder206 (97 polys, 291 verts) '01 - Default'
					Cylinder205 (52 polys, 156 verts) '01 - Default'
					Line108 (34 polys, 102 verts) '15 - Default'
					Cylinder207 (24 polys, 72 verts) '16 - Default'
					Box55 (10 polys, 30 verts) '01 - Default'
					Box52 (10 polys, 30 verts) '01 - Default'
					Box53 (10 polys, 30 verts) '01 - Default'
					Box54 (10 polys, 30 verts) '01 - Default'
					Box56 (10 polys, 30 verts) '01 - Default'
					Box57 (10 polys, 30 verts) '01 - Default'
					Box58 (10 polys, 30 verts) '01 - Default'
					Box59 (10 polys, 30 verts) '01 - Default'
				Box60 (10 polys, 30 verts) '01 - Default'
					Line100 (124 polys, 372 verts) '01 - Default'
						Line102 (22 polys, 66 verts) '01 - Default'
						Line104 (18 polys, 54 verts) '01 - Default'
						Line103 (87 polys, 261 verts) '01 - Default'
						THROTTLE HANDLE (138 polys, 414 verts) '01 - Default'
							Cylinder209 (50 polys, 150 verts) '01 - Default'
							Cylinder208 (50 polys, 150 verts) '01 - Default'
							Box61 (10 polys, 30 verts) '01 - Default'
							Line105 (20 polys, 60 verts) '01 - Default'
				Box62 (10 polys, 30 verts) '01 - Default'
					Cylinder219 (50 polys, 150 verts) '16 - Default'
					Cylinder213 (168 polys, 504 verts) '13 - Default'
						Cylinder220 (24 polys, 72 verts) '16 - Default'
					Cylinder214 (40 polys, 120 verts) '01 - Default'
				Box64 (10 polys, 30 verts) '15 - Default'
					Box65 (10 polys, 30 verts) '15 - Default'
						Box68 (48 polys, 144 verts) '16 - Default'
						Cylinder221 (60 polys, 180 verts) '16 - Default'
					Cylinder224 (58 polys, 174 verts) '16 - Default'
					Line109 (60 polys, 180 verts) '16 - Default'
						Plane89 (2 polys, 6 verts) '16 - Default'
						Plane90 (2 polys, 6 verts) '16 - Default'
						Plane91 (2 polys, 6 verts) '16 - Default'
						Plane92 (2 polys, 6 verts) '16 - Default'
					Cylinder223 (18 polys, 54 verts) '16 - Default'
						Cylinder222 (50 polys, 150 verts) '16 - Default'
					Cylinder225 (60 polys, 180 verts) '16 - Default'
					Box70 (10 polys, 30 verts) '15 - Default'
					Box71 (48 polys, 144 verts) '16 - Default'
					Box69 (10 polys, 30 verts) '15 - Default'
				Box66 (10 polys, 30 verts) '01 - Default'
					Line111 (25 polys, 75 verts) '16 - Default'
					Box72 (48 polys, 144 verts) '16 - Default'
					Cylinder226 (84 polys, 252 verts) '16 - Default'
					Cylinder227 (24 polys, 72 verts) '16 - Default'
					Box74 (12 polys, 36 verts) '13 - Default'
					Box75 (12 polys, 36 verts) '13 - Default'
					Box76 (12 polys, 36 verts) '13 - Default'
					Box73 (12 polys, 36 verts) '13 - Default'
				Box67 (10 polys, 30 verts) '15 - Default'
					Box79 (10 polys, 30 verts) '15 - Default'
						Cylinder229 (24 polys, 72 verts) '16 - Default'
						Box80 (48 polys, 144 verts) '16 - Default'
					Box77 (10 polys, 30 verts) '15 - Default'
						Cylinder228 (24 polys, 72 verts) '16 - Default'
						Box78 (48 polys, 144 verts) '16 - Default'
				Box01 (2 polys, 6 verts) '03 - Default'
			Line18 (9 polys, 27 verts) '03 - Default'
				Line19 (6 polys, 18 verts) '03 - Default'
				Box83 (110 polys, 330 verts) '01 - Default'
					GearSwitch (8 polys, 24 verts) '01 - Default'
						Cylinder230 (120 polys, 360 verts) '01 - Default'
					Cylinder241 (50 polys, 150 verts) '01 - Default'
					对象04 (28 polys, 84 verts) '01 - Default'
				Box82 (10 polys, 30 verts) '01 - Default'
				Plane103 (2 polys, 6 verts) '01 - Default'
				Plane99 (2 polys, 6 verts) '01 - Default'
				Plane102 (2 polys, 6 verts) '01 - Default'
				Plane104 (2 polys, 6 verts) '01 - Default'
				Plane100 (2 polys, 6 verts) '01 - Default'
				Plane98 (2 polys, 6 verts) '01 - Default'
				Cylinder240 (42 polys, 126 verts) '04 - Default'
					对象06 (14 polys, 42 verts) '04 - Default'
				Line117 (225 polys, 675 verts) '01 - Default'
					Plane105 (2 polys, 6 verts) '01 - Default'
					Plane101 (2 polys, 6 verts) '01 - Default'
					Plane106 (2 polys, 6 verts) '01 - Default'
					Plane107 (2 polys, 6 verts) '01 - Default'
					Plane108 (2 polys, 6 verts) '01 - Default'
					Plane109 (2 polys, 6 verts) '01 - Default'
					Plane110 (2 polys, 6 verts) '01 - Default'
					GearW (2 polys, 6 verts) '19 - Default'
				Line113 (80 polys, 240 verts) '15 - Default'
					Plane93 (2 polys, 6 verts) '15 - Default'
					Plane94 (2 polys, 6 verts) '15 - Default'
					Plane95 (2 polys, 6 verts) '15 - Default'
					Plane96 (2 polys, 6 verts) '15 - Default'
					Plane97 (2 polys, 6 verts) '15 - Default'
				Box84 (10 polys, 30 verts) '15 - Default'
					Box85 (48 polys, 144 verts) '16 - Default'
					Cylinder234 (84 polys, 252 verts) '16 - Default'
				Cylinder236 (18 polys, 54 verts) '16 - Default'
					AA_Switch (50 polys, 150 verts) '16 - Default'
				Cylinder239 (36 polys, 108 verts) '01 - Default'
				Cylinder238 (36 polys, 108 verts) '01 - Default'
			OC (115 polys, 345 verts) '04 - Default'
				Cylinder29 (64 polys, 192 verts) '06 - Default'
				Line61 (384 polys, 1152 verts) '03 - Default'
					RFC (24 polys, 72 verts) '12 - Default'
					RFC07 (24 polys, 72 verts) '11 - Default'
				OC_1 (189 polys, 567 verts) '01 - Default'
					Cylinder116 (692 polys, 2076 verts) '04 - Default'
					Cylinder155 (276 polys, 828 verts) '04 - Default'
				Cylinder89 (428 polys, 1284 verts) '04 - Default'
				Box44 (2 polys, 6 verts) '02 - Default'
					Cylinder105 (24 polys, 72 verts) '04 - Default'
						Cylinder95 (48 polys, 144 verts) '04 - Default'
			Line58 (22 polys, 66 verts) '13 - Default'
				Box12 (14 polys, 42 verts) '13 - Default'
				Line68 (108 polys, 324 verts) '01 - Default'
					Sphere70 (45 polys, 135 verts) '16 - Default'
					Sphere71 (45 polys, 135 verts) '16 - Default'
					Sphere68 (45 polys, 135 verts) '16 - Default'
					Sphere69 (45 polys, 135 verts) '16 - Default'
					Sphere67 (45 polys, 135 verts) '16 - Default'
					Sphere65 (45 polys, 135 verts) '16 - Default'
					Sphere64 (45 polys, 135 verts) '16 - Default'
					Sphere66 (45 polys, 135 verts) '16 - Default'
					Plane73 (40 polys, 120 verts) '01 - Default'
						Cylinder163 (66 polys, 198 verts) '16 - Default'
						Cylinder162 (66 polys, 198 verts) '16 - Default'
						Cylinder164 (66 polys, 198 verts) '16 - Default'
						Cylinder165 (66 polys, 198 verts) '16 - Default'
						Cylinder166 (66 polys, 198 verts) '16 - Default'
						Cylinder167 (66 polys, 198 verts) '16 - Default'
						Cylinder168 (24 polys, 72 verts) '16 - Default'
						Cylinder169 (48 polys, 144 verts) '01 - Default'
							Cylinder170 (36 polys, 108 verts) '01 - Default'
						Cylinder173 (48 polys, 144 verts) '01 - Default'
							Cylinder174 (36 polys, 108 verts) '01 - Default'
					objIN_Fuel_C_dig34 (20 polys, 60 verts) '19 - Default'
					objIN_Fuel_C_dig35 (20 polys, 60 verts) '19 - Default'
					objIN_Fuel_C_dig36 (20 polys, 60 verts) '19 - Default'
					objIN_Fuel_C_dig37 (20 polys, 60 verts) '19 - Default'
			Middle frame (55 polys, 165 verts) '04 - Default'
				对象01 (10 polys, 30 verts) '04 - Default'
					Plane38 (8 polys, 24 verts) '04 - Default'
					Box21 (14 polys, 42 verts) '04 - Default'
				对象05 (10 polys, 30 verts) '04 - Default'
					Plane40 (8 polys, 24 verts) '04 - Default'
					Box22 (14 polys, 42 verts) '04 - Default'
			Line88 (9 polys, 27 verts) '03 - Default'
				Line90 (6 polys, 18 verts) '03 - Default'
				Line124 (343 polys, 1029 verts) '03 - Default'
					Cylinder311 (24 polys, 72 verts) '16 - Default'
					Cylinder309 (24 polys, 72 verts) '16 - Default'
					Cylinder305 (24 polys, 72 verts) '16 - Default'
					Cylinder316 (24 polys, 72 verts) '16 - Default'
					Cylinder317 (50 polys, 150 verts) '16 - Default'
					Plane157 (2 polys, 6 verts) '01 - Default'
					Plane177 (2 polys, 6 verts) '01 - Default'
					Plane176 (2 polys, 6 verts) '01 - Default'
					Plane175 (2 polys, 6 verts) '01 - Default'
					Plane174 (2 polys, 6 verts) '01 - Default'
					Plane173 (2 polys, 6 verts) '01 - Default'
					Plane141 (2 polys, 6 verts) '01 - Default'
					Plane142 (2 polys, 6 verts) '01 - Default'
					Plane143 (2 polys, 6 verts) '01 - Default'
					Plane144 (2 polys, 6 verts) '01 - Default'
					Plane145 (2 polys, 6 verts) '01 - Default'
					Plane146 (2 polys, 6 verts) '01 - Default'
					Plane147 (2 polys, 6 verts) '01 - Default'
					Plane148 (2 polys, 6 verts) '01 - Default'
					Plane149 (2 polys, 6 verts) '01 - Default'
					Plane150 (2 polys, 6 verts) '01 - Default'
					Plane151 (2 polys, 6 verts) '01 - Default'
					Plane152 (2 polys, 6 verts) '01 - Default'
					Plane153 (2 polys, 6 verts) '01 - Default'
					Plane154 (2 polys, 6 verts) '01 - Default'
					Plane155 (2 polys, 6 verts) '01 - Default'
					Plane156 (2 polys, 6 verts) '01 - Default'
					light_TEMP (2 polys, 6 verts) '01 - Default'
					Plane158 (2 polys, 6 verts) '01 - Default'
					Plane159 (2 polys, 6 verts) '01 - Default'
					Plane160 (2 polys, 6 verts) '01 - Default'
					Plane161 (2 polys, 6 verts) '01 - Default'
					Plane162 (2 polys, 6 verts) '01 - Default'
					Plane163 (2 polys, 6 verts) '01 - Default'
					Plane164 (2 polys, 6 verts) '01 - Default'
					Plane165 (2 polys, 6 verts) '01 - Default'
					Plane166 (2 polys, 6 verts) '01 - Default'
					Plane167 (2 polys, 6 verts) '01 - Default'
					Plane168 (2 polys, 6 verts) '01 - Default'
					Plane169 (2 polys, 6 verts) '01 - Default'
					Plane170 (2 polys, 6 verts) '01 - Default'
					Plane171 (2 polys, 6 verts) '01 - Default'
					Plane172 (2 polys, 6 verts) '01 - Default'
					Plane139 (2 polys, 6 verts) '01 - Default'
					Plane138 (2 polys, 6 verts) '01 - Default'
					Plane137 (2 polys, 6 verts) '01 - Default'
					Plane140 (2 polys, 6 verts) '01 - Default'
					O-2 (2 polys, 6 verts) '20 - Default'
						Plane195 (2 polys, 6 verts) '20 - Default'
					Light_AmmoLow (2 polys, 6 verts) '20 - Default'
					Plane183 (2 polys, 6 verts) '20 - Default'
					Plane186 (2 polys, 6 verts) '20 - Default'
					Plane187 (2 polys, 6 verts) '20 - Default'
					light_HYD1 (2 polys, 6 verts) '20 - Default'
						light_HYD2 (2 polys, 6 verts) '20 - Default'
					Plane190 (2 polys, 6 verts) '20 - Default'
					Plane191 (2 polys, 6 verts) '20 - Default'
					light_MAN (2 polys, 6 verts) '20 - Default'
					Plane193 (2 polys, 6 verts) '20 - Default'
					light_SCONP (2 polys, 6 verts) '20 - Default'
						Plane196 (2 polys, 6 verts) '20 - Default'
					light_NIVEA (2 polys, 6 verts) '20 - Default'
					Plane198 (2 polys, 6 verts) '20 - Default'
					light_SOURIS (2 polys, 6 verts) '20 - Default'
					Plane201 (2 polys, 6 verts) '20 - Default'
					BoxECM (2 polys, 6 verts) '20 - Default'
					Light_CAUTION (2 polys, 6 verts) '20 - Default'
						Plane214 (2 polys, 6 verts) '20 - Default'
						Plane213 (2 polys, 6 verts) '20 - Default'
						Plane212 (2 polys, 6 verts) '20 - Default'
						Plane215 (2 polys, 6 verts) '20 - Default'
						Plane200 (2 polys, 6 verts) '20 - Default'
						Plane185 (2 polys, 6 verts) '20 - Default'
						Plane211 (2 polys, 6 verts) '20 - Default'
						Plane210 (2 polys, 6 verts) '20 - Default'
						Plane207 (2 polys, 6 verts) '20 - Default'
						Plane205 (2 polys, 6 verts) '20 - Default'
					Light_ALT1 (2 polys, 6 verts) '20 - Default'
					Plane218 (2 polys, 6 verts) '20 - Default'
					Plane219 (2 polys, 6 verts) '20 - Default'
					Light_ALT2 (2 polys, 6 verts) '20 - Default'
					Sphere124 (15 polys, 45 verts) '16 - Default'
					Sphere55 (15 polys, 45 verts) '16 - Default'
					Sphere61 (15 polys, 45 verts) '16 - Default'
					Sphere62 (15 polys, 45 verts) '16 - Default'
			Line89 (4 polys, 12 verts) '03 - Default'
				Box86 (8 polys, 24 verts) '16 - Default'
					Sphere90 (30 polys, 90 verts) '16 - Default'
					Sphere91 (30 polys, 90 verts) '16 - Default'
					Box87 (64 polys, 192 verts) '16 - Default'
						Line12 (28 polys, 84 verts) '11 - Default'
						Line121 (28 polys, 84 verts) '11 - Default'
						Box90 (20 polys, 60 verts) '16 - Default'
						SHAM_Armed2 (2 polys, 6 verts) '19 - Default'
							Plane113 (2 polys, 6 verts) '19 - Default'
						IRM_Armed2 (2 polys, 6 verts) '19 - Default'
						Sphere92 (15 polys, 45 verts) '16 - Default'
						Sphere72 (15 polys, 45 verts) '16 - Default'
						Sphere74 (15 polys, 45 verts) '16 - Default'
						Sphere75 (15 polys, 45 verts) '16 - Default'
				Box91 (14 polys, 42 verts) '16 - Default'
					Box88 (40 polys, 120 verts) '03 - Default'
						Box89 (16 polys, 48 verts) '01 - Default'
							对象20 (2 polys, 6 verts) '20 - Default'
						Box93 (40 polys, 120 verts) '01 - Default'
							对象19 (8 polys, 24 verts) '01 - Default'
						Line123 (26 polys, 78 verts) '15 - Default'
						Box92 (16 polys, 48 verts) '01 - Default'
							对象23 (2 polys, 6 verts) '20 - Default'
						Box94 (40 polys, 120 verts) '01 - Default'
							对象24 (8 polys, 24 verts) '20 - Default'
						Box95 (18 polys, 54 verts) '01 - Default'
							对象10 (10 polys, 30 verts) '19 - Default'
						Box96 (18 polys, 54 verts) '01 - Default'
							对象25 (10 polys, 30 verts) '19 - Default'
						Box97 (18 polys, 54 verts) '01 - Default'
							对象26 (10 polys, 30 verts) '19 - Default'
						Box98 (18 polys, 54 verts) '01 - Default'
							对象27 (10 polys, 30 verts) '19 - Default'
						Box99 (18 polys, 54 verts) '01 - Default'
							对象28 (10 polys, 30 verts) '19 - Default'
						Box100 (18 polys, 54 verts) '01 - Default'
							对象29 (10 polys, 30 verts) '19 - Default'
						Box101 (18 polys, 54 verts) '01 - Default'
							对象30 (10 polys, 30 verts) '19 - Default'
						Box102 (18 polys, 54 verts) '01 - Default'
							对象31 (10 polys, 30 verts) '19 - Default'
						Box103 (18 polys, 54 verts) '01 - Default'
							对象32 (10 polys, 30 verts) '19 - Default'
						Box104 (18 polys, 54 verts) '01 - Default'
							对象33 (10 polys, 30 verts) '19 - Default'
						Box107 (10 polys, 30 verts) '01 - Default'
							Box106 (16 polys, 48 verts) '01 - Default'
						Box105 (10 polys, 30 verts) '01 - Default'
							Box109 (16 polys, 48 verts) '01 - Default'
					Sphere96 (30 polys, 90 verts) '16 - Default'
					Sphere97 (30 polys, 90 verts) '16 - Default'
				Box108 (8 polys, 24 verts) '16 - Default'
					Box111 (40 polys, 120 verts) '03 - Default'
						Cylinder256 (48 polys, 144 verts) '16 - Default'
						Cylinder255 (48 polys, 144 verts) '16 - Default'
						Cylinder257 (24 polys, 72 verts) '16 - Default'
						Cylinder258 (34 polys, 102 verts) '16 - Default'
					Sphere99 (30 polys, 90 verts) '16 - Default'
					Sphere98 (30 polys, 90 verts) '16 - Default'
				Cylinder268 (24 polys, 72 verts) '01 - Default'
					Cylinder269 (24 polys, 72 verts) '16 - Default'
					Plane120 (2 polys, 6 verts) '04 - Default'
				Cylinder266 (24 polys, 72 verts) '01 - Default'
					Cylinder267 (24 polys, 72 verts) '16 - Default'
					Plane121 (2 polys, 6 verts) '04 - Default'
				Box110 (8 polys, 24 verts) '03 - Default'
					Box113 (10 polys, 30 verts) '16 - Default'
						Line122 (72 polys, 216 verts) '03 - Default'
							Cylinder261 (30 polys, 90 verts) '13 - Default'
								Cylinder265 (28 polys, 84 verts) '15 - Default'
							Cylinder259 (30 polys, 90 verts) '13 - Default'
								Cylinder260 (28 polys, 84 verts) '15 - Default'
							Plane114 (2 polys, 6 verts) '20 - Default'
					Cylinder264 (24 polys, 72 verts) '01 - Default'
						Cylinder262 (24 polys, 72 verts) '16 - Default'
					Plane118 (2 polys, 6 verts) '04 - Default'
					Plane117 (2 polys, 6 verts) '04 - Default'
					Plane116 (2 polys, 6 verts) '04 - Default'
					Plane115 (2 polys, 6 verts) '04 - Default'
					Sphere100 (30 polys, 90 verts) '16 - Default'
					Sphere101 (30 polys, 90 verts) '16 - Default'
					Sphere102 (30 polys, 90 verts) '16 - Default'
					Sphere103 (30 polys, 90 verts) '16 - Default'
				Box117 (10 polys, 30 verts) '15 - Default'
					Cylinder263 (84 polys, 252 verts) '16 - Default'
					Box116 (48 polys, 144 verts) '16 - Default'
					Box115 (10 polys, 30 verts) '15 - Default'
					Plane119 (2 polys, 6 verts) '04 - Default'
				Box112 (8 polys, 24 verts) '03 - Default'
					Sphere106 (30 polys, 90 verts) '16 - Default'
					Sphere107 (30 polys, 90 verts) '16 - Default'
					Sphere104 (30 polys, 90 verts) '16 - Default'
					Sphere105 (30 polys, 90 verts) '16 - Default'
				Box114 (8 polys, 24 verts) '03 - Default'
					Sphere108 (30 polys, 90 verts) '16 - Default'
					Sphere109 (30 polys, 90 verts) '16 - Default'
					Box118 (68 polys, 204 verts) '01 - Default'
					Cylinder270 (36 polys, 108 verts) '15 - Default'
					Cylinder273 (50 polys, 150 verts) '16 - Default'
					Cylinder274 (36 polys, 108 verts) '15 - Default'
						Cylinder275 (8 polys, 24 verts) '19 - Default'
					Cylinder277 (24 polys, 72 verts) '01 - Default'
						Cylinder271 (50 polys, 150 verts) '16 - Default'
					Cylinder276 (24 polys, 72 verts) '01 - Default'
						Cylinder272 (50 polys, 150 verts) '16 - Default'
					Plane128 (2 polys, 6 verts) '04 - Default'
					Plane123 (2 polys, 6 verts) '04 - Default'
					Plane122 (2 polys, 6 verts) '04 - Default'
					Plane124 (2 polys, 6 verts) '04 - Default'
					Plane125 (2 polys, 6 verts) '04 - Default'
					Plane126 (2 polys, 6 verts) '04 - Default'
					Plane127 (2 polys, 6 verts) '04 - Default'
				Box120 (8 polys, 24 verts) '16 - Default'
					Box121 (66 polys, 198 verts) '03 - Default'
						Cylinder279 (24 polys, 72 verts) '16 - Default'
						Cylinder278 (58 polys, 174 verts) '15 - Default'
						Cylinder280 (24 polys, 72 verts) '16 - Default'
						Cylinder281 (24 polys, 72 verts) '16 - Default'
						Cylinder282 (24 polys, 72 verts) '16 - Default'
						PC06 (10 polys, 30 verts) '16 - Default'
						PC05 (10 polys, 30 verts) '16 - Default'
					Sphere110 (30 polys, 90 verts) '16 - Default'
					Sphere111 (30 polys, 90 verts) '16 - Default'
					Sphere112 (30 polys, 90 verts) '16 - Default'
					Sphere113 (30 polys, 90 verts) '16 - Default'
				Box123 (8 polys, 24 verts) '16 - Default'
					Box119 (66 polys, 198 verts) '03 - Default'
						Cylinder287 (52 polys, 156 verts) '01 - Default'
						Cylinder284 (52 polys, 156 verts) '01 - Default'
						Cylinder283 (52 polys, 156 verts) '01 - Default'
						Cylinder285 (52 polys, 156 verts) '01 - Default'
						Cylinder286 (52 polys, 156 verts) '01 - Default'
					Sphere116 (30 polys, 90 verts) '16 - Default'
					Sphere117 (30 polys, 90 verts) '16 - Default'
					Sphere114 (30 polys, 90 verts) '16 - Default'
					Sphere115 (30 polys, 90 verts) '16 - Default'
			Line120 (44 polys, 132 verts) '03 - Default'
		Line07 (147 polys, 441 verts) '16 - Default'
			Line09 (644 polys, 1932 verts) '13 - Default'
				Line31 (111 polys, 333 verts) '13 - Default'
					RWR (2 polys, 6 verts) '09 - Default'
					Sphere02 (30 polys, 90 verts) '08 - Default'
					Sphere03 (30 polys, 90 verts) '08 - Default'
				Line42 (168 polys, 504 verts) '16 - Default'
					Plane33 (2 polys, 6 verts) '19 - Default'
					alt_digR1 (20 polys, 60 verts) '19 - Default'
					alt_digR2 (20 polys, 60 verts) '19 - Default'
					alt_digR3 (20 polys, 60 verts) '19 - Default'
				Cylinder15 (132 polys, 396 verts) '15 - Default'
					Cylinder41 (66 polys, 198 verts) '11 - Default'
					Cylinder47 (30 polys, 90 verts) '15 - Default'
					SIDESLIPNeedle (6 polys, 18 verts) '20 - Default'
					ADI_YAW (12 polys, 36 verts) '02 - Default'
						ADI (528 polys, 1584 verts) '10 - Default'
				RFCv (2 polys, 6 verts) '15 - Default'
				Plane07 (28 polys, 84 verts) '16 - Default'
					Plane28 (12 polys, 36 verts) '19 - Default'
						Throttle_digA2 (20 polys, 60 verts) '19 - Default'
						Throttle_digA1 (20 polys, 60 verts) '19 - Default'
						NeedleRPM (2 polys, 6 verts) '19 - Default'
						NeedleTEMP (2 polys, 6 verts) '19 - Default'
				Line52 (152 polys, 456 verts) '16 - Default'
					Plane32 (2 polys, 6 verts) '11 - Default'
					Fuel_LB/min_dig3 (20 polys, 60 verts) '19 - Default'
					Fuel_LB/min_dig2 (20 polys, 60 verts) '19 - Default'
					Fuel_LB/min_dig1 (20 polys, 60 verts) '19 - Default'
					Fuel_KG/min_dig1 (20 polys, 60 verts) '19 - Default'
					Fuel_KG/min_dig2 (20 polys, 60 verts) '19 - Default'
					Fuel_KG/min_dig3 (20 polys, 60 verts) '19 - Default'
				Line43 (94 polys, 282 verts) '15 - Default'
					Cylinder52 (36 polys, 108 verts) '15 - Default'
					RFC06 (2 polys, 6 verts) '11 - Default'
					Plane02 (2 polys, 6 verts) '15 - Default'
						Cylinder79 (24 polys, 72 verts) '19 - Default'
						Cylinder81 (24 polys, 72 verts) '19 - Default'
						Cylinder84 (24 polys, 72 verts) '19 - Default'
						Cylinder80 (24 polys, 72 verts) '19 - Default'
						Cylinder85 (24 polys, 72 verts) '19 - Default'
						Cylinder82 (24 polys, 72 verts) '19 - Default'
						Cylinder77 (24 polys, 72 verts) '19 - Default'
					Plane03 (66 polys, 198 verts) '15 - Default'
						Plane05 (2 polys, 6 verts) '19 - Default'
						Plane04 (2 polys, 6 verts) '19 - Default'
						IN_Fuel_C_dig3 (20 polys, 60 verts) '19 - Default'
						IN_Fuel_C_dig2 (20 polys, 60 verts) '19 - Default'
						IN_Fuel_C_dig1 (20 polys, 60 verts) '19 - Default'
						EX_Fuel_C_dig3 (20 polys, 60 verts) '19 - Default'
						EX_Fuel_C_dig2 (20 polys, 60 verts) '19 - Default'
						EX_Fuel_C_dig1 (20 polys, 60 verts) '19 - Default'
					Cylinder86 (50 polys, 150 verts) '15 - Default'
					Cylinder87 (50 polys, 150 verts) '15 - Default'
					Light_Fuel (36 polys, 108 verts) '15 - Default'
						Light_Fuel_1 (8 polys, 24 verts) '19 - Default'
					Line64 (16 polys, 48 verts) '16 - Default'
						Line64+ (2 polys, 6 verts) '16 - Default'
						Line64- (2 polys, 6 verts) '19 - Default'
							IN_FUEL_neel1 (2 polys, 6 verts) '19 - Default'
								IN_FUEL_neel2 (2 polys, 6 verts) '19 - Default'
									IN_FUEL_neel3 (2 polys, 6 verts) '19 - Default'
										IN_FUEL_neel4 (2 polys, 6 verts) '19 - Default'
					Line65 (16 polys, 48 verts) '16 - Default'
						Line64+01 (2 polys, 6 verts) '16 - Default'
						Line65- (2 polys, 6 verts) '19 - Default'
							EX_FUEL_neel1 (2 polys, 6 verts) '19 - Default'
								EX_FUEL_neel2 (2 polys, 6 verts) '19 - Default'
									EX_FUEL_neel3 (2 polys, 6 verts) '19 - Default'
										EX_FUEL_neel4 (2 polys, 6 verts) '19 - Default'
				Plane11 (2 polys, 6 verts) '15 - Default'
					Cylinder50 (36 polys, 108 verts) '16 - Default'
				Cylinder31 (36 polys, 108 verts) '01 - Default'
					ADI2_R (18 polys, 54 verts) '01 - Default'
						ADI2 (32 polys, 96 verts) '24 - Default'
				Plane12 (2 polys, 6 verts) '19 - Default'
					SpeedNeedle (4 polys, 12 verts) '19 - Default'
						Plane58 (2 polys, 6 verts) '19 - Default'
						MACHPlaneCover (15 polys, 45 verts) '01 - Default'
						machscale (12 polys, 36 verts) '19 - Default'
				Plane13 (2 polys, 6 verts) '01 - Default'
				Plane14 (2 polys, 6 verts) '16 - Default'
					Cylinder28 (18 polys, 54 verts) '16 - Default'
						needle_climb (2 polys, 6 verts) '19 - Default'
						Plane37 (2 polys, 6 verts) '19 - Default'
				Line55 (411 polys, 1233 verts) '01 - Default'
					Sphere56 (14 polys, 42 verts) '16 - Default'
					Sphere57 (42 polys, 126 verts) '16 - Default'
					Sphere58 (14 polys, 42 verts) '16 - Default'
					Sphere59 (14 polys, 42 verts) '16 - Default'
					ARMSwitchA (48 polys, 144 verts) '16 - Default'
					ARMSwitchB (60 polys, 180 verts) '16 - Default'
					Box24 (18 polys, 54 verts) '16 - Default'
					IRMSwitch (50 polys, 150 verts) '16 - Default'
					Plane41 (2 polys, 6 verts) '15 - Default'
					Box25 (18 polys, 54 verts) '16 - Default'
					Box26 (18 polys, 54 verts) '16 - Default'
					Box27 (18 polys, 54 verts) '16 - Default'
					Box28 (18 polys, 54 verts) '16 - Default'
					Box29 (18 polys, 54 verts) '16 - Default'
					Box30 (18 polys, 54 verts) '16 - Default'
					Box31 (18 polys, 54 verts) '16 - Default'
					Box32 (18 polys, 54 verts) '16 - Default'
					Box33 (18 polys, 54 verts) '16 - Default'
					Box34 (18 polys, 54 verts) '16 - Default'
					Plane42 (2 polys, 6 verts) '13 - Default'
						IRM_Armed (2 polys, 6 verts) '19 - Default'
							Plane48 (2 polys, 6 verts) '19 - Default'
							Plane47 (2 polys, 6 verts) '19 - Default'
							Plane46 (2 polys, 6 verts) '19 - Default'
							Plane45 (2 polys, 6 verts) '19 - Default'
					Plane43 (2 polys, 6 verts) '13 - Default'
						SHAM_Armed (2 polys, 6 verts) '19 - Default'
							Plane51 (2 polys, 6 verts) '19 - Default'
							Plane50 (2 polys, 6 verts) '19 - Default'
					Sphere36 (14 polys, 42 verts) '16 - Default'
				Line57 (51 polys, 153 verts) '16 - Default'
					G INS (2 polys, 6 verts) '16 - Default'
						AOA_neel (2 polys, 6 verts) '19 - Default'
					RFC01 (2 polys, 6 verts) '11 - Default'
				RFC02 (2 polys, 6 verts) '11 - Default'
					Line75 (4 polys, 12 verts) '15 - Default'
				RFC03 (2 polys, 6 verts) '11 - Default'
				RFC04 (2 polys, 6 verts) '11 - Default'
				RFC05 (2 polys, 6 verts) '11 - Default'
				Line59 (75 polys, 225 verts) '13 - Default'
					Plane29 (2 polys, 6 verts) '11 - Default'
					afficheur frequence radio (2 polys, 6 verts) '19 - Default'
				Cylinder42 (18 polys, 54 verts) '16 - Default'
					Box17 (10 polys, 30 verts) '16 - Default'
					Box05 (10 polys, 30 verts) '16 - Default'
					Box15 (10 polys, 30 verts) '16 - Default'
					Box14 (10 polys, 30 verts) '16 - Default'
					Box13 (10 polys, 30 verts) '16 - Default'
					Box20 (2 polys, 6 verts) '19 - Default'
					light_NAV (2 polys, 6 verts) '19 - Default'
					Box37 (2 polys, 6 verts) '19 - Default'
					light_ALC (2 polys, 6 verts) '19 - Default'
					light_AFF (2 polys, 6 verts) '19 - Default'
					Light_ALT3 (2 polys, 6 verts) '19 - Default'
					light_P (2 polys, 6 verts) '19 - Default'
					light_A (2 polys, 6 verts) '19 - Default'
				Box18 (10 polys, 30 verts) '16 - Default'
					Cylinder43 (32 polys, 96 verts) '16 - Default'
					Cylinder64 (32 polys, 96 verts) '16 - Default'
					Cylinder44 (60 polys, 180 verts) '16 - Default'
				Cylinder45 (36 polys, 108 verts) '16 - Default'
				Cylinder46 (36 polys, 108 verts) '16 - Default'
				Cylinder49 (36 polys, 108 verts) '16 - Default'
				Cylinder51 (36 polys, 108 verts) '16 - Default'
				Box19 (10 polys, 30 verts) '16 - Default'
					Box16 (10 polys, 30 verts) '16 - Default'
					Light_PANNE (2 polys, 6 verts) '19 - Default'
				Plane35 (2 polys, 6 verts) '19 - Default'
				Line35 (60 polys, 180 verts) '15 - Default'
					Line37 (380 polys, 1140 verts) '15 - Default'
						radar_screen (2 polys, 6 verts) '08 - Default'
						Cylinder66 (30 polys, 90 verts) '15 - Default'
						Cylinder67 (30 polys, 90 verts) '15 - Default'
						Cylinder68 (30 polys, 90 verts) '15 - Default'
						Cylinder69 (30 polys, 90 verts) '15 - Default'
						Cylinder70 (30 polys, 90 verts) '15 - Default'
						Cylinder71 (30 polys, 90 verts) '15 - Default'
						Cylinder72 (30 polys, 90 verts) '15 - Default'
						Cylinder73 (30 polys, 90 verts) '15 - Default'
						Cylinder74 (30 polys, 90 verts) '15 - Default'
						Cylinder75 (30 polys, 90 verts) '15 - Default'
						objIN_Fuel_C_dig30 (20 polys, 60 verts) '19 - Default'
						objIN_Fuel_C_dig31 (20 polys, 60 verts) '19 - Default'
						objIN_Fuel_C_dig32 (20 polys, 60 verts) '19 - Default'
						objIN_Fuel_C_dig33 (20 polys, 60 verts) '19 - Default'
						radar_screenRF (2 polys, 6 verts) '11 - Default'
				Sphere25 (345 polys, 1035 verts) '16 - Default'
				Line46 (356 polys, 1068 verts) '15 - Default'
					Weapontype_ButtonA (10 polys, 30 verts) '16 - Default'
					Sphere45 (60 polys, 180 verts) '15 - Default'
					Cylinder99 (24 polys, 72 verts) '16 - Default'
					Cylinder100 (24 polys, 72 verts) '16 - Default'
					Cylinder101 (50 polys, 150 verts) '16 - Default'
					Rve (2 polys, 6 verts) '11 - Default'
					Plane53 (2 polys, 6 verts) '13 - Default'
					objIN_Fuel_C_dig18 (20 polys, 60 verts) '19 - Default'
					objIN_Fuel_C_dig17 (20 polys, 60 verts) '19 - Default'
					objIN_Fuel_C_dig19 (20 polys, 60 verts) '19 - Default'
					objIN_Fuel_C_dig20 (20 polys, 60 verts) '19 - Default'
					Weapontype_ButtonB (10 polys, 30 verts) '16 - Default'
					Weapontype_ButtonC (10 polys, 30 verts) '16 - Default'
					Weapontype_ButtonD (10 polys, 30 verts) '16 - Default'
						Light_TGT (2 polys, 6 verts) '19 - Default'
					TypeSwitchB (1 polys, 3 verts) '02 - Default'
						TypeSwitchA (22 polys, 66 verts) '16 - Default'
					ButtonAL (2 polys, 6 verts) '19 - Default'
					ButtonAL01 (2 polys, 6 verts) '19 - Default'
					ButtonAL02 (2 polys, 6 verts) '19 - Default'
					TypeSwitchC (22 polys, 66 verts) '16 - Default'
				Cylinder103 (36 polys, 108 verts) '16 - Default'
				Plane55 (2 polys, 6 verts) '19 - Default'
					needle_alt (2 polys, 6 verts) '19 - Default'
					alt_digB1 (20 polys, 60 verts) '19 - Default'
					alt_digT1 (20 polys, 60 verts) '19 - Default'
					alt_digT2 (20 polys, 60 verts) '19 - Default'
					alt_digT3 (20 polys, 60 verts) '19 - Default'
					alt_digB2 (20 polys, 60 verts) '19 - Default'
				Plane57 (2 polys, 6 verts) '01 - Default'
				Line76 (27 polys, 81 verts) '01 - Default'
					Line78 (18 polys, 54 verts) '19 - Default'
						HSICompassWheel (22 polys, 66 verts) '19 - Default'
							HSINeedle01 (2 polys, 6 verts) '19 - Default'
							HSINeedle02 (2 polys, 6 verts) '19 - Default'
						Plane60 (2 polys, 6 verts) '19 - Default'
						Plane61 (2 polys, 6 verts) '19 - Default'
						Plane62 (2 polys, 6 verts) '19 - Default'
						Plane65 (2 polys, 6 verts) '19 - Default'
						Plane66 (2 polys, 6 verts) '19 - Default'
						Plane67 (2 polys, 6 verts) '19 - Default'
						HSI_C_dig3 (20 polys, 60 verts) '19 - Default'
						HSI_C_dig2 (20 polys, 60 verts) '19 - Default'
						HSI_C_dig1 (20 polys, 60 verts) '19 - Default'
						HSI_C_dig0 (20 polys, 60 verts) '19 - Default'
				RFCv01 (2 polys, 6 verts) '19 - Default'
					accelNeedle (2 polys, 6 verts) '19 - Default'
				Plane68 (2 polys, 6 verts) '01 - Default'
				LIM (40 polys, 120 verts) '16 - Default'
				LIM_2 (2 polys, 6 verts) '16 - Default'
				IFF_2 (2 polys, 6 verts) '16 - Default'
				IFF (40 polys, 120 verts) '16 - Default'
					IFF_Light (8 polys, 24 verts) '19 - Default'
					Light_LIM (8 polys, 24 verts) '19 - Default'
				Demar (40 polys, 120 verts) '16 - Default'
					Demar_R (8 polys, 24 verts) '19 - Default'
					Demar_G (8 polys, 24 verts) '19 - Default'
				Demar_2 (2 polys, 6 verts) '16 - Default'
				PC (10 polys, 30 verts) '16 - Default'
				PC03 (10 polys, 30 verts) '16 - Default'
					SEC (10 polys, 30 verts) '16 - Default'
					PC2 (10 polys, 30 verts) '16 - Default'
					Light_SEC (2 polys, 6 verts) '19 - Default'
					Light_PC (2 polys, 6 verts) '19 - Default'
				burn_light (2 polys, 6 verts) '19 - Default'
				Sphere11 (270 polys, 810 verts) '16 - Default'
				RFC_TM (2 polys, 6 verts) '11 - Default'
				RFCv02 (2 polys, 6 verts) '15 - Default'
			Box03 (10 polys, 30 verts) '13 - Default'
				Line21 (20 polys, 60 verts) '13 - Default'
				Line22 (29 polys, 87 verts) '13 - Default'
				Line20 (20 polys, 60 verts) '16 - Default'
					Box04 (8 polys, 24 verts) '16 - Default'
						Cylinder58 (80 polys, 240 verts) '16 - Default'
						Cylinder57 (80 polys, 240 verts) '16 - Default'
						Cylinder56 (80 polys, 240 verts) '16 - Default'
						Cylinder55 (80 polys, 240 verts) '16 - Default'
						Line26 (55 polys, 165 verts) '16 - Default'
						Cylinder02 (140 polys, 420 verts) '16 - Default'
						Cylinder59 (80 polys, 240 verts) '16 - Default'
					Cylinder60 (64 polys, 192 verts) '16 - Default'
					Cylinder61 (64 polys, 192 verts) '16 - Default'
					Cylinder62 (58 polys, 174 verts) '02 - Default'
					Cylinder65 (58 polys, 174 verts) '02 - Default'
				Box07 (10 polys, 30 verts) '13 - Default'
					Line32 (21 polys, 63 verts) '13 - Default'
					Line33 (21 polys, 63 verts) '13 - Default'
					Sphere50 (15 polys, 45 verts) '16 - Default'
					Sphere49 (15 polys, 45 verts) '16 - Default'
				Sphere51 (14 polys, 42 verts) '16 - Default'
				Sphere52 (14 polys, 42 verts) '16 - Default'
				Sphere53 (14 polys, 42 verts) '16 - Default'
				Sphere54 (14 polys, 42 verts) '16 - Default'
			Line23 (30 polys, 90 verts) '13 - Default'
				Box06 (32 polys, 96 verts) '13 - Default'
					Line25 (46 polys, 138 verts) '13 - Default'
						Line30 (16 polys, 48 verts) '06 - Default'
						Cylinder54 (16 polys, 48 verts) '13 - Default'
						Plane10 (16 polys, 48 verts) '14 - Default'
						Pull-UP_2 (2 polys, 6 verts) '22 - Default'
						HUD_Cross (2 polys, 6 verts) '22 - Default'
						Pull-UP_ANI1 (2 polys, 6 verts) '22 - Default'
							Pull-UP_1 (2 polys, 6 verts) '22 - Default'
					Cylinder03 (77 polys, 231 verts) '13 - Default'
					Line60 (46 polys, 138 verts) '13 - Default'
						Cylinder01 (16 polys, 48 verts) '13 - Default'
				Line1295 (55 polys, 165 verts) '13 - Default'
			Plane54 (2 polys, 6 verts) '13 - Default'
		Line10 (8 polys, 24 verts) '03 - Default'
			Plane72 (2 polys, 6 verts) '04 - Default'
			Cylinder158 (59 polys, 177 verts) '04 - Default'
				Cylinder159 (24 polys, 72 verts) '04 - Default'
					Cylinder161 (88 polys, 264 verts) '04 - Default'
		Box02 (2 polys, 6 verts) '03 - Default'
			stick base (24 polys, 72 verts) '04 - Default'
				MandoVer (2 polys, 6 verts) '02 - Default'
					MandoHor (80 polys, 240 verts) '04 - Default'
						对象07 (118 polys, 354 verts) '04 - Default'
							Line119 (567 polys, 1701 verts) '04 - Default'
								Line115 (16 polys, 48 verts) '04 - Default'
								Cylinder250 (30 polys, 90 verts) '04 - Default'
								Cylinder252 (74 polys, 222 verts) '04 - Default'
								Cylinder244 (100 polys, 300 verts) '04 - Default'
								Line118 (10 polys, 30 verts) '04 - Default'
								Cylinder247 (30 polys, 90 verts) '04 - Default'
								Cylinder249 (30 polys, 90 verts) '13 - Default'
									Cylinder243 (40 polys, 120 verts) '13 - Default'
								Cylinder248 (30 polys, 90 verts) '04 - Default'
			Line129 (16 polys, 48 verts) '03 - Default'
				Line134 (54 polys, 162 verts) '03 - Default'
				Line126 (54 polys, 162 verts) '03 - Default'
					Line127 (34 polys, 102 verts) '03 - Default'
					Line137 (6 polys, 18 verts) '03 - Default'
						对象09 (128 polys, 384 verts) '03 - Default'
				Line136 (2 polys, 6 verts) '03 - Default'
				Line132 (120 polys, 360 verts) '03 - Default'
				Line1294 (20 polys, 60 verts) '03 - Default'
					Line131 (15 polys, 45 verts) '03 - Default'
					Line128 (17 polys, 51 verts) '03 - Default'
					Line130 (76 polys, 228 verts) '03 - Default'
				Box124 (10 polys, 30 verts) '03 - Default'
					Cylinder318 (224 polys, 672 verts) '03 - Default'
		front frame (152 polys, 456 verts) '04 - Default'
		front frame02 (228 polys, 684 verts) '04 - Default'
			Line80 (253 polys, 759 verts) '04 - Default'
		Cylinder30 (22 polys, 66 verts) '06 - Default'
		Cylinder94 (108 polys, 324 verts) '04 - Default'
		Cylinder111 (108 polys, 324 verts) '04 - Default'
		Line87 (8 polys, 24 verts) '03 - Default'
			Plane71 (115 polys, 345 verts) '04 - Default'
				Cylinder156 (190 polys, 570 verts) '04 - Default'
			Cylinder157 (59 polys, 177 verts) '04 - Default'
				Line29 (40 polys, 120 verts) '04 - Default'
					对象03 (34 polys, 102 verts) '04 - Default'
						Box45 (20 polys, 60 verts) '04 - Default'
							Cylinder160 (56 polys, 168 verts) '04 - Default'
		Cylinder130 (8 polys, 24 verts) '03 - Default'
		clock base (180 polys, 540 verts) '03 - Default'
			Line16 (90 polys, 270 verts) '01 - Default'
				Cylinder175 (72 polys, 216 verts) '13 - Default'
					Clock (54 polys, 162 verts) '20 - Default'
						ClockNeedleMIN (2 polys, 6 verts) '20 - Default'
						ClockNeedleHOU (4 polys, 12 verts) '20 - Default'
						ClockNeedleSec (2 polys, 6 verts) '20 - Default'
				Sphere46 (60 polys, 180 verts) '16 - Default'
				Cylinder176 (32 polys, 96 verts) '15 - Default'


Num Nodes: 808
Total:    (26565 polys, 79695 verts)
Mesh Max: (692 polys, 2076 verts)

18 Materials:
 (  1) 04 - Default:
       front frame.bmp
 (  2) 02 - Default:
       <No Texture>
 (  3) 03 - Default:
       side frame.bmp
 (  4) 16 - Default:
       front panel.bmp
 (  5) 15 - Default:
       radar scope.bmp
 (  6) 01 - Default:
       OC.bmp
 (  7) 19 - Default:
       Transparency enabled
       Self-illumination enabled
       light&display.tga
 (  8) 13 - Default:
       main panel.bmp
 (  9) 06 - Default:
       Transparency enabled
       CanopyGlass.tga
 ( 10) 12 - Default:
       MR.bmp
 ( 11) 11 - Default:
       Transparency enabled
       RFF.tga
 ( 12) 20 - Default:
       Self-illumination enabled
       oc.bmp
 ( 13) 09 - Default:
       RWR.bmp
 ( 14) 08 - Default:
       mirage2k_RADAR.bmp
 ( 15) 10 - Default:
       M3_ATTITUDE.bmp
 ( 16) 24 - Default:
       adi.bmp
 ( 17) 14 - Default:
       Transparency enabled
       Self-illumination enabled
       HUD.tga
 ( 18) 22 - Default:
       Transparency enabled
       Self-illumination enabled
       lalt_cross.tga

17 Textures:
front frame.bmp
side frame.bmp
front panel.bmp
radar scope.bmp
OC.bmp
light&display.tga
main panel.bmp
CanopyGlass.tga
MR.bmp
RFF.tga
oc.bmp
RWR.bmp
mirage2k_RADAR.bmp
M3_ATTITUDE.bmp
adi.bmp
HUD.tga
lalt_cross.tga
