	Fuselaje (91 polys, 273 verts) '14 - Default'
		Proa (43 polys, 129 verts) '01 - Default'
		Puerta_Der (50 polys, 150 verts) '01 - Default'
			Puerta_Der_Int (158 polys, 474 verts) '01 - Default'
		Puerta_Izq (50 polys, 150 verts) '01 - Default'
			Puerta_Izq_Int (158 polys, 474 verts) '01 - Default'
		Marco_Asiento_Der (632 polys, 1896 verts) '01 - Default'
			Asiento_De (376 polys, 1128 verts) '01 - Default'
		Marco_Asiento_Izq (632 polys, 1896 verts) '01 - Default'
			Asiento_Iz (376 polys, 1128 verts) '01 - Default'
		Columna_Mando (446 polys, 1338 verts) '01 - Default'
			Mando_Piloto (1152 polys, 3456 verts) '01 - Default'
			Mando_Copiloto (1152 polys, 3456 verts) '01 - Default'
		Panel_Sup (780 polys, 2340 verts) '01 - Default'
			Autostart (10 polys, 30 verts) '01 - Default'
			Avn.bezel (60 polys, 180 verts) '01 - Default'
			Avn.toggle (84 polys, 252 verts) '01 - Default'
			Batt.bezel (60 polys, 180 verts) '01 - Default'
			Bcn.bezel (60 polys, 180 verts) '01 - Default'
			Bcn.toggle (84 polys, 252 verts) '01 - Default'
			Ice.bezel (60 polys, 180 verts) '01 - Default'
			Ice.toggle (84 polys, 252 verts) '01 - Default'
			LHgen.beze (60 polys, 180 verts) '01 - Default'
			LHstart.be (60 polys, 180 verts) '01 - Default'
			Lnd.bezel (60 polys, 180 verts) '01 - Default'
			Lnd.toggle (84 polys, 252 verts) '01 - Default'
			Nav.bezel (60 polys, 180 verts) '01 - Default'
			Nav.toggle (84 polys, 252 verts) '01 - Default'
			Pitot.beze (60 polys, 180 verts) '01 - Default'
			Pitot.togg (84 polys, 252 verts) '01 - Default'
			RHgen.beze (60 polys, 180 verts) '01 - Default'
			RHstart.be (60 polys, 180 verts) '01 - Default'
			Strb.bezel (60 polys, 180 verts) '01 - Default'
			Strb.toggl (84 polys, 252 verts) '01 - Default'
			Taxi.bezel (60 polys, 180 verts) '01 - Default'
			Taxi.toggl (84 polys, 252 verts) '01 - Default'
			Cube (30 polys, 90 verts) '01 - Default'
			Cylinder.5 (96 polys, 288 verts) '01 - Default'
			LHconditio (234 polys, 702 verts) '01 - Default'
			LHprop (60 polys, 180 verts) '01 - Default'
			RHconditio (234 polys, 702 verts) '01 - Default'
			RHgen.be11 (60 polys, 180 verts) '01 - Default'
			RHgen.be12 (60 polys, 180 verts) '01 - Default'
			RHgen.be13 (60 polys, 180 verts) '01 - Default'
			RHgen.to14 (84 polys, 252 verts) '01 - Default'
			RHgen.to15 (84 polys, 252 verts) '01 - Default'
			RHgen.to16 (84 polys, 252 verts) '01 - Default'
			RHprop (60 polys, 180 verts) '01 - Default'
			RHthrottle (120 polys, 360 verts) '01 - Default'
			Sphere.010 (120 polys, 360 verts) '01 - Default'
			RHstart.to (84 polys, 252 verts) '01 - Default'
			RHgen.togg (84 polys, 252 verts) '01 - Default'
			flapcontro (22 polys, 66 verts) '01 - Default'
			LHstart.to (84 polys, 252 verts) '01 - Default'
			LHgen.togg (84 polys, 252 verts) '01 - Default'
			Batt.toggl (84 polys, 252 verts) '01 - Default'
			LHthrottle (120 polys, 360 verts) '01 - Default'
		cabin.001 (18 polys, 54 verts) '01 - Default'
			Glareshie7 (634 polys, 1902 verts) '01 - Default'
				Circle (14 polys, 42 verts) '09 - Default'
					Feather-ct (126 polys, 378 verts) '01 - Default'
					Fire.test (84 polys, 252 verts) '01 - Default'
					Firetest.b (60 polys, 180 verts) '01 - Default'
					AutoFthr.t (84 polys, 252 verts) '01 - Default'
					AutoFthr.b (60 polys, 180 verts) '01 - Default'
					AutoFthr.3 (84 polys, 252 verts) '01 - Default'
					AutoFthr.2 (84 polys, 252 verts) '01 - Default'
					AutoFthr.1 (64 polys, 192 verts) '01 - Default'
					AutoFthr.0 (64 polys, 192 verts) '01 - Default'
					AIbezel000 (423 polys, 1269 verts) '02 - Default'
						AIbezel (1 polys, 3 verts) '02 - Default'
						AImrkr0000 (16 polys, 48 verts) '02 - Default'
						AImrkr (4 polys, 12 verts) '02 - Default'
						Bola_Horizonte_01 (32 polys, 96 verts) '02 - Default'
						AIring (88 polys, 264 verts) '02 - Default'
						Knob (64 polys, 192 verts) '02 - Default'
					ALTbezel (242 polys, 726 verts) '03 - Default'
						ALTface (14 polys, 42 verts) '03 - Default'
						inhg (4 polys, 12 verts) '03 - Default'
						inhg.dn (2 polys, 6 verts) '03 - Default'
						inhg.up (2 polys, 6 verts) '03 - Default'
						InhgKnob (36 polys, 108 verts) '03 - Default'
						Aguja_Altimetro_01_100 (3 polys, 9 verts) '03 - Default'
						Aguja_Altimetro_01_1000 (3 polys, 9 verts) '03 - Default'
						Aguja_Altimetro_01_10000 (3 polys, 9 verts) '03 - Default'
					FuelQTY.be (384 polys, 1152 verts) '13 - Default'
						FuelQTY.fa (14 polys, 42 verts) '13 - Default'
						Aguja_Liquidometro_Fuel_01 (3 polys, 9 verts) '13 - Default'
						FuelQTY.ta (2 polys, 6 verts) '13 - Default'
					HDGgauge (384 polys, 1152 verts) '16 - Default'
						HDG.knob (36 polys, 108 verts) '16 - Default'
						Disco_Grande_Brujula_01 (8 polys, 24 verts) '16 - Default'
						HDGpointer (47 polys, 141 verts) '16 - Default'
					ASIbezel (384 polys, 1152 verts) '04 - Default'
						ASIface (8 polys, 24 verts) '04 - Default'
						Aguja_Velocimetro_01 (13 polys, 39 verts) '04 - Default'
					KI206.beze (240 polys, 720 verts) '17 - Default'
						KI206.crsu (2 polys, 6 verts) '17 - Default'
							KI206.knob (34 polys, 102 verts) '17 - Default'
						KI206.face (14 polys, 42 verts) '17 - Default'
							KI206card (32 polys, 96 verts) '17 - Default'
							KI206.from (1 polys, 3 verts) '17 - Default'
							KI206.gsfl (2 polys, 6 verts) '17 - Default'
							KI206.gsne (2 polys, 6 verts) '17 - Default'
							KI206.locn (2 polys, 6 verts) '17 - Default'
							KI206.crsd (2 polys, 6 verts) '17 - Default'
							KI206.navf (2 polys, 6 verts) '17 - Default'
							KI206.tofl (1 polys, 3 verts) '17 - Default'
					VSIgauge (384 polys, 1152 verts) '23 - Default'
						VSIgauge.0 (8 polys, 24 verts) '23 - Default'
						Aguja_Variometro_01 (3 polys, 9 verts) '23 - Default'
					FuelQTY.be01 (384 polys, 1152 verts) '13 - Default'
						FuelQTY.fa01 (14 polys, 42 verts) '13 - Default'
						Aguja_Liquidometro_Fuel_02 (3 polys, 9 verts) '13 - Default'
						FuelQTY.ta01 (2 polys, 6 verts) '13 - Default'
					AIbezel01 (423 polys, 1269 verts) '02 - Default'
						AIbezel02 (1 polys, 3 verts) '02 - Default'
						AImrkr01 (4 polys, 12 verts) '02 - Default'
						AImrkr02 (16 polys, 48 verts) '02 - Default'
						Bola_Horizonte_02 (32 polys, 96 verts) '02 - Default'
						AIring01 (88 polys, 264 verts) '02 - Default'
						Knob01 (64 polys, 192 verts) '02 - Default'
					ALTbezel01 (242 polys, 726 verts) '03 - Default'
						ALTface01 (14 polys, 42 verts) '03 - Default'
						inhg01 (4 polys, 12 verts) '03 - Default'
						inhg.dn01 (2 polys, 6 verts) '03 - Default'
						inhg.up01 (2 polys, 6 verts) '03 - Default'
						InhgKnob01 (36 polys, 108 verts) '03 - Default'
						Aguja_Altimetro_02_100 (3 polys, 9 verts) '03 - Default'
						Aguja_Altimetro_02_1000 (3 polys, 9 verts) '03 - Default'
						Aguja_Altimetro_02_10000 (3 polys, 9 verts) '03 - Default'
					ASIbezel01 (384 polys, 1152 verts) '04 - Default'
						ASIface01 (8 polys, 24 verts) '04 - Default'
						Aguja_Velocimetro_02 (13 polys, 39 verts) '04 - Default'
					HDGgauge01 (384 polys, 1152 verts) '16 - Default'
						HDG.knob01 (36 polys, 108 verts) '16 - Default'
						Disco_Grande_Brujula_02 (8 polys, 24 verts) '16 - Default'
						HDGpointer01 (47 polys, 141 verts) '16 - Default'
					VSIgauge01 (384 polys, 1152 verts) '23 - Default'
						VSIgauge.01 (8 polys, 24 verts) '23 - Default'
						Aguja_Variometro_02 (3 polys, 9 verts) '23 - Default'
				Circle.023 (61 polys, 183 verts) '09 - Default'
					LFuel.off (108 polys, 324 verts) '01 - Default'
					Lfuel.cuto (60 polys, 180 verts) '01 - Default'
					LHengFire. (72 polys, 216 verts) '01 - Default'
					LHengFire9 (144 polys, 432 verts) '01 - Default'
					LHengFire_ (16 polys, 48 verts) '01 - Default'
					RHengFire_ (16 polys, 48 verts) '01 - Default'
					RHengFire. (72 polys, 216 verts) '01 - Default'
					RHengFir10 (144 polys, 432 verts) '01 - Default'
					Fuel.selec (24 polys, 72 verts) '01 - Default'
					RFuel.off (108 polys, 324 verts) '01 - Default'
					Rfuel.cuto (60 polys, 180 verts) '01 - Default'
					Sphere.014 (24 polys, 72 verts) '01 - Default'
					Tank.fwd (2 polys, 6 verts) '01 - Default'
					Tank.aft (2 polys, 6 verts) '01 - Default'
					T5bezel (410 polys, 1230 verts) '22 - Default'
						T5face (8 polys, 24 verts) '22 - Default'
						Aguja_Temp_Motor_01 (3 polys, 9 verts) '22 - Default'
					T5bezel01 (410 polys, 1230 verts) '22 - Default'
						T5face01 (8 polys, 24 verts) '22 - Default'
						Aguja_Temp_Motor_02 (3 polys, 9 verts) '22 - Default'
					OPbezel (384 polys, 1152 verts) '19 - Default'
						OPface (8 polys, 24 verts) '19 - Default'
						OPneedle (3 polys, 9 verts) '19 - Default'
					OTbezel (384 polys, 1152 verts) '20 - Default'
						OTface (8 polys, 24 verts) '20 - Default'
						Aguja_Temp_Aceite_01 (3 polys, 9 verts) '20 - Default'
					PropRPM.be (384 polys, 1152 verts) '21 - Default'
						PropRPM.fa (8 polys, 24 verts) '21 - Default'
						Aguja_RPM_01 (3 polys, 9 verts) '21 - Default'
					TQbezel (406 polys, 1218 verts) '24 - Default'
						TQface (8 polys, 24 verts) '24 - Default'
						Aguja_Torque_Izq (3 polys, 9 verts) '24 - Default'
						TQneedle.0 (2 polys, 6 verts) '24 - Default'
					ggRPM.beze01 (384 polys, 1152 verts) '15 - Default'
						ggRPM.face01 (8 polys, 24 verts) '15 - Default'
						Aguja_RPM_04 (3 polys, 9 verts) '15 - Default'
					PropRPM.be01 (384 polys, 1152 verts) '21 - Default'
						PropRPM.fa01 (8 polys, 24 verts) '21 - Default'
						Aguja_RPM_02 (3 polys, 9 verts) '21 - Default'
					TQbezel01 (406 polys, 1218 verts) '24 - Default'
						TQface01 (8 polys, 24 verts) '24 - Default'
						Aguja_Torque_Der (3 polys, 9 verts) '24 - Default'
						TQneedle.01 (2 polys, 6 verts) '24 - Default'
					OTbezel01 (384 polys, 1152 verts) '20 - Default'
						OTface01 (8 polys, 24 verts) '20 - Default'
						Aguja_Temp_Aceite_02 (3 polys, 9 verts) '20 - Default'
					OPbezel01 (384 polys, 1152 verts) '19 - Default'
						OPface01 (8 polys, 24 verts) '19 - Default'
						OPneedle01 (3 polys, 9 verts) '19 - Default'
					FFbezel01 (384 polys, 1152 verts) '12 - Default'
						FFface01 (8 polys, 24 verts) '12 - Default'
						Aguja_Fuel_Flow_02 (3 polys, 9 verts) '12 - Default'
					ADFgauge (384 polys, 1152 verts) '16 - Default'
						ADFface (8 polys, 24 verts) '16 - Default'
						Aguja_Brujula_01 (3 polys, 9 verts) '16 - Default'
					FFbezel (384 polys, 1152 verts) '12 - Default'
						FFface (8 polys, 24 verts) '12 - Default'
						Aguja_Fuel_Flow_01 (3 polys, 9 verts) '12 - Default'
					ggRPM.beze (384 polys, 1152 verts) '15 - Default'
						ggRPM.face (8 polys, 24 verts) '15 - Default'
						Aguja_RPM_03 (3 polys, 9 verts) '15 - Default'
					M877 (132 polys, 396 verts) '18 - Default'
						CTL.btn (10 polys, 30 verts) '18 - Default'
						HR.001 (2 polys, 6 verts) '18 - Default'
						Distancia_Dig3 (2 polys, 6 verts) '18 - Default'
						M877.002 (32 polys, 96 verts) '18 - Default'
						M877.displ (4 polys, 12 verts) '18 - Default'
						Distancia_Dig2 (2 polys, 6 verts) '18 - Default'
						Distancia_Dig1 (2 polys, 6 verts) '18 - Default'
						SEL.btn (10 polys, 30 verts) '18 - Default'
						et (2 polys, 6 verts) '18 - Default'
						ft (2 polys, 6 verts) '18 - Default'
						gmt (2 polys, 6 verts) '18 - Default'
						lt (2 polys, 6 verts) '18 - Default'
					Compass (88 polys, 264 verts) '05 - Default'
						Brujula (504 polys, 1512 verts) '05 - Default'
					ADFgauge01 (384 polys, 1152 verts) '16 - Default'
						ADFface01 (8 polys, 24 verts) '16 - Default'
						Aguja_Brujula_02 (3 polys, 9 verts) '16 - Default'
				Circle.024 (4 polys, 12 verts) '09 - Default'
					Indselect. (60 polys, 180 verts) '01 - Default'
					Indselect8 (84 polys, 252 verts) '01 - Default'
					LHind.sele (2 polys, 6 verts) '01 - Default'
					RHind.sele (2 polys, 6 verts) '01 - Default'
					volt.face (8 polys, 24 verts) '10 - Default'
					CTL-63 (10 polys, 30 verts) '08 - Default'
						act.btn03 (38 polys, 114 verts) '08 - Default'
						CTL-62.mem01 (2 polys, 6 verts) '08 - Default'
						CTL-62.pwr01 (91 polys, 273 verts) '08 - Default'
						CTL-62.tog01 (22 polys, 66 verts) '08 - Default'
						CTL-62.vol01 (48 polys, 144 verts) '08 - Default'
						CTL-62.xfr01 (2 polys, 6 verts) '08 - Default'
						freq.17 (2 polys, 6 verts) '08 - Default'
						freq.18 (2 polys, 6 verts) '08 - Default'
						freq.19 (2 polys, 6 verts) '08 - Default'
						freq.20 (2 polys, 6 verts) '08 - Default'
						freq.21 (2 polys, 6 verts) '08 - Default'
						freq.dec03 (2 polys, 6 verts) '08 - Default'
						freq.dwn03 (2 polys, 6 verts) '08 - Default'
						freq.knob03 (112 polys, 336 verts) '08 - Default'
						freq.up03 (2 polys, 6 verts) '08 - Default'
						mem.annun03 (2 polys, 6 verts) '08 - Default'
						pwr.off03 (2 polys, 6 verts) '08 - Default'
						pwr.on03 (2 polys, 6 verts) '08 - Default'
						stby.17 (2 polys, 6 verts) '08 - Default'
						stby.18 (2 polys, 6 verts) '08 - Default'
						stby.19 (2 polys, 6 verts) '08 - Default'
						stby.20 (2 polys, 6 verts) '08 - Default'
						stby.21 (2 polys, 6 verts) '08 - Default'
						stby.dec03 (2 polys, 6 verts) '08 - Default'
						sto.btn03 (38 polys, 114 verts) '08 - Default'
						test.btn03 (38 polys, 114 verts) '08 - Default'
						xmt.annun03 (40 polys, 120 verts) '08 - Default'
					CTL-64 (10 polys, 30 verts) '07 - Default'
						act.btn04 (38 polys, 114 verts) '07 - Default'
						CTL-32.mem01 (2 polys, 6 verts) '07 - Default'
						CTL-32.pwr01 (91 polys, 273 verts) '07 - Default'
						CTL-32.tog01 (22 polys, 66 verts) '07 - Default'
						CTL-32.vol01 (48 polys, 144 verts) '07 - Default'
						CTL-32.xfr01 (2 polys, 6 verts) '07 - Default'
						freq.22 (2 polys, 6 verts) '07 - Default'
						freq.23 (2 polys, 6 verts) '07 - Default'
						freq.24 (2 polys, 6 verts) '07 - Default'
						freq.25 (2 polys, 6 verts) '07 - Default'
						freq.26 (2 polys, 6 verts) '07 - Default'
						freq.dec04 (2 polys, 6 verts) '07 - Default'
						freq.dwn04 (2 polys, 6 verts) '07 - Default'
						freq.knob04 (112 polys, 336 verts) '07 - Default'
						freq.up04 (2 polys, 6 verts) '07 - Default'
						mem.annun04 (2 polys, 6 verts) '07 - Default'
						pwr.off04 (2 polys, 6 verts) '07 - Default'
						pwr.on04 (2 polys, 6 verts) '07 - Default'
						stby.22 (2 polys, 6 verts) '07 - Default'
						stby.23 (2 polys, 6 verts) '07 - Default'
						stby.24 (2 polys, 6 verts) '07 - Default'
						stby.25 (2 polys, 6 verts) '07 - Default'
						stby.26 (2 polys, 6 verts) '07 - Default'
						stby.dec04 (2 polys, 6 verts) '07 - Default'
						sto.btn04 (38 polys, 114 verts) '07 - Default'
						test.btn04 (38 polys, 114 verts) '07 - Default'
						xmt.annun04 (40 polys, 120 verts) '07 - Default'
					CTL-65 (10 polys, 30 verts) '06 - Default'
						act.btn05 (38 polys, 114 verts) '06 - Default'
						CTL-22.mem01 (2 polys, 6 verts) '06 - Default'
						CTL-22.pwr01 (91 polys, 273 verts) '06 - Default'
						CTL-22.tog01 (22 polys, 66 verts) '06 - Default'
						CTL-22.vol01 (48 polys, 144 verts) '06 - Default'
						CTL-22.xfr01 (2 polys, 6 verts) '06 - Default'
						freq.27 (2 polys, 6 verts) '06 - Default'
						freq.28 (2 polys, 6 verts) '06 - Default'
						freq.29 (2 polys, 6 verts) '06 - Default'
						freq.30 (2 polys, 6 verts) '06 - Default'
						freq.31 (2 polys, 6 verts) '06 - Default'
						freq.32 (2 polys, 6 verts) '06 - Default'
						freq.dec05 (2 polys, 6 verts) '06 - Default'
						freq.dwn05 (2 polys, 6 verts) '06 - Default'
						freq.knob05 (112 polys, 336 verts) '06 - Default'
						freq.up05 (2 polys, 6 verts) '06 - Default'
						mem.annun05 (2 polys, 6 verts) '06 - Default'
						pwr.off05 (2 polys, 6 verts) '06 - Default'
						pwr.on05 (2 polys, 6 verts) '06 - Default'
						stby.27 (2 polys, 6 verts) '06 - Default'
						stby.28 (2 polys, 6 verts) '06 - Default'
						stby.29 (2 polys, 6 verts) '06 - Default'
						stby.30 (2 polys, 6 verts) '06 - Default'
						stby.31 (2 polys, 6 verts) '06 - Default'
						stby.32 (2 polys, 6 verts) '06 - Default'
						stby.dec05 (2 polys, 6 verts) '06 - Default'
						sto.btn05 (38 polys, 114 verts) '06 - Default'
						test.btn05 (38 polys, 114 verts) '06 - Default'
						xmt.annun05 (40 polys, 120 verts) '06 - Default'
					CTL-22 (10 polys, 30 verts) '06 - Default'
						CTL-22.mem (2 polys, 6 verts) '06 - Default'
						CTL-22.pwr (91 polys, 273 verts) '06 - Default'
						CTL-22.tog (22 polys, 66 verts) '06 - Default'
						CTL-22.vol (48 polys, 144 verts) '06 - Default'
						CTL-22.xfr (2 polys, 6 verts) '06 - Default'
						act.btn (38 polys, 114 verts) '06 - Default'
						freq.001 (2 polys, 6 verts) '06 - Default'
						freq.002 (2 polys, 6 verts) '06 - Default'
						freq.003 (2 polys, 6 verts) '06 - Default'
						freq.004 (2 polys, 6 verts) '06 - Default'
						freq.005 (2 polys, 6 verts) '06 - Default'
						freq.006 (2 polys, 6 verts) '06 - Default'
						freq.dec (2 polys, 6 verts) '06 - Default'
						freq.dwn (2 polys, 6 verts) '06 - Default'
						freq.knob (112 polys, 336 verts) '06 - Default'
						freq.up (2 polys, 6 verts) '06 - Default'
						mem.annun (2 polys, 6 verts) '06 - Default'
						pwr.off (2 polys, 6 verts) '06 - Default'
						pwr.on (2 polys, 6 verts) '06 - Default'
						stby.001 (2 polys, 6 verts) '06 - Default'
						stby.002 (2 polys, 6 verts) '06 - Default'
						stby.003 (2 polys, 6 verts) '06 - Default'
						stby.004 (2 polys, 6 verts) '06 - Default'
						stby.005 (2 polys, 6 verts) '06 - Default'
						stby.006 (2 polys, 6 verts) '06 - Default'
						stby.dec (2 polys, 6 verts) '06 - Default'
						sto.btn (38 polys, 114 verts) '06 - Default'
						test.btn (38 polys, 114 verts) '06 - Default'
						xmt.annun (40 polys, 120 verts) '06 - Default'
					CTL-32 (10 polys, 30 verts) '07 - Default'
						CTL-32.mem (2 polys, 6 verts) '07 - Default'
						CTL-32.pwr (91 polys, 273 verts) '07 - Default'
						CTL-32.tog (22 polys, 66 verts) '07 - Default'
						CTL-32.vol (48 polys, 144 verts) '07 - Default'
						CTL-32.xfr (2 polys, 6 verts) '07 - Default'
						act.btn01 (38 polys, 114 verts) '07 - Default'
						freq.07 (2 polys, 6 verts) '07 - Default'
						freq.08 (2 polys, 6 verts) '07 - Default'
						freq.09 (2 polys, 6 verts) '07 - Default'
						freq.10 (2 polys, 6 verts) '07 - Default'
						freq.11 (2 polys, 6 verts) '07 - Default'
						freq.dec01 (2 polys, 6 verts) '07 - Default'
						freq.dwn01 (2 polys, 6 verts) '07 - Default'
						freq.knob01 (112 polys, 336 verts) '07 - Default'
						freq.up01 (2 polys, 6 verts) '07 - Default'
						mem.annun01 (2 polys, 6 verts) '07 - Default'
						pwr.off01 (2 polys, 6 verts) '07 - Default'
						pwr.on01 (2 polys, 6 verts) '07 - Default'
						stby.07 (2 polys, 6 verts) '07 - Default'
						stby.08 (2 polys, 6 verts) '07 - Default'
						stby.09 (2 polys, 6 verts) '07 - Default'
						stby.10 (2 polys, 6 verts) '07 - Default'
						stby.11 (2 polys, 6 verts) '07 - Default'
						stby.dec01 (2 polys, 6 verts) '07 - Default'
						sto.btn01 (38 polys, 114 verts) '07 - Default'
						test.btn01 (38 polys, 114 verts) '07 - Default'
						xmt.annun01 (40 polys, 120 verts) '07 - Default'
					CTL-62 (10 polys, 30 verts) '08 - Default'
						act.btn02 (38 polys, 114 verts) '08 - Default'
						CTL-62.mem (2 polys, 6 verts) '08 - Default'
						CTL-62.pwr (91 polys, 273 verts) '08 - Default'
						CTL-62.tog (22 polys, 66 verts) '08 - Default'
						CTL-62.vol (48 polys, 144 verts) '08 - Default'
						CTL-62.xfr (2 polys, 6 verts) '08 - Default'
						freq.12 (2 polys, 6 verts) '08 - Default'
						freq.13 (2 polys, 6 verts) '08 - Default'
						freq.14 (2 polys, 6 verts) '08 - Default'
						freq.15 (2 polys, 6 verts) '08 - Default'
						freq.16 (2 polys, 6 verts) '08 - Default'
						freq.dec02 (2 polys, 6 verts) '08 - Default'
						freq.dwn02 (2 polys, 6 verts) '08 - Default'
						freq.knob02 (112 polys, 336 verts) '08 - Default'
						freq.up02 (2 polys, 6 verts) '08 - Default'
						mem.annun02 (2 polys, 6 verts) '08 - Default'
						pwr.off02 (2 polys, 6 verts) '08 - Default'
						pwr.on02 (2 polys, 6 verts) '08 - Default'
						stby.12 (2 polys, 6 verts) '08 - Default'
						stby.13 (2 polys, 6 verts) '08 - Default'
						stby.14 (2 polys, 6 verts) '08 - Default'
						stby.15 (2 polys, 6 verts) '08 - Default'
						stby.16 (2 polys, 6 verts) '08 - Default'
						stby.dec02 (2 polys, 6 verts) '08 - Default'
						sto.btn02 (38 polys, 114 verts) '08 - Default'
						test.btn02 (38 polys, 114 verts) '08 - Default'
						xmt.annun02 (40 polys, 120 verts) '08 - Default'
					ampbezel (234 polys, 702 verts) '10 - Default'
						amp.face (8 polys, 24 verts) '10 - Default'
						ampneedle (3 polys, 9 verts) '10 - Default'
						gen1needle (3 polys, 9 verts) '10 - Default'
						gen2needle (3 polys, 9 verts) '10 - Default'
					voltbezel (234 polys, 702 verts) '10 - Default'
						voltneedl0 (3 polys, 9 verts) '10 - Default'
						voltneedl1 (3 polys, 9 verts) '10 - Default'
						voltneedle (3 polys, 9 verts) '10 - Default'
				screws (336 polys, 1008 verts) '01 - Default'
				Plane.015 (4 polys, 12 verts) '09 - Default'
				Box01 (12 polys, 36 verts) '14 - Default'
				Box02 (12 polys, 36 verts) '14 - Default'
				Box03 (12 polys, 36 verts) '14 - Default'
				Box04 (12 polys, 36 verts) '14 - Default'
				Box05 (12 polys, 36 verts) '14 - Default'
				Box06 (12 polys, 36 verts) '14 - Default'
				Box07 (12 polys, 36 verts) '14 - Default'
				Box08 (12 polys, 36 verts) '14 - Default'
				Box09 (12 polys, 36 verts) '14 - Default'
				Box10 (12 polys, 36 verts) '14 - Default'
				Box11 (12 polys, 36 verts) '14 - Default'
				Box12 (12 polys, 36 verts) '14 - Default'
				Box13 (12 polys, 36 verts) '14 - Default'
				Box14 (12 polys, 36 verts) '14 - Default'
				Box15 (12 polys, 36 verts) '14 - Default'
				Box16 (12 polys, 36 verts) '14 - Default'
				Box17 (12 polys, 36 verts) '14 - Default'
				Box18 (12 polys, 36 verts) '14 - Default'
			Glareshiel (92 polys, 276 verts) '01 - Default'
				Cylinder.0 (80 polys, 240 verts) '01 - Default'
			Plane.014 (8 polys, 24 verts) '09 - Default'
				Pedal_Der (104 polys, 312 verts) '01 - Default'
				Pedal_Izq (104 polys, 312 verts) '01 - Default'
			Cylinder.4 (80 polys, 240 verts) '01 - Default'
			LHwiper (60 polys, 180 verts) '01 - Default'
				LHwiper.bl (52 polys, 156 verts) '01 - Default'
				LHwiper.ar (12 polys, 36 verts) '01 - Default'
			RHwiper (60 polys, 180 verts) '01 - Default'
				RHwiper.bl (52 polys, 156 verts) '01 - Default'
				RHwiper.ar (12 polys, 36 verts) '01 - Default'
		Flapgauge (4 polys, 12 verts) '11 - Default'
			Aguja_Flap_01 (12 polys, 36 verts) '11 - Default'
		Plane01 (2 polys, 6 verts) '14 - Default'
		Plane02 (2 polys, 6 verts) '14 - Default'


Num Nodes: 444
Total:    (29379 polys, 88137 verts)
Mesh Max: (1152 polys, 3456 verts)

24 Materials:
 (  1) 14 - Default:
       Gris.bmp
 (  2) 01 - Default:
       panel.bmp
 (  3) 09 - Default:
       Panel_Instrumentos.bmp
 (  4) 02 - Default:
       ai.bmp
 (  5) 03 - Default:
       altimeter.bmp
 (  6) 13 - Default:
       fuel-qty.bmp
 (  7) 16 - Default:
       hdg.bmp
 (  8) 04 - Default:
       asi.bmp
 (  9) 17 - Default:
       KI206.bmp
 ( 10) 23 - Default:
       vsi.bmp
 ( 11) 22 - Default:
       t5.bmp
 ( 12) 19 - Default:
       oilpsi.bmp
 ( 13) 20 - Default:
       oiltemp.bmp
 ( 14) 21 - Default:
       rpm.bmp
 ( 15) 24 - Default:
       torque.bmp
 ( 16) 15 - Default:
       ggrpm.bmp
 ( 17) 12 - Default:
       fuelflow.bmp
 ( 18) 18 - Default:
       M877.bmp
 ( 19) 05 - Default:
       compass.bmp
 ( 20) 10 - Default:
       DCvolts.bmp
 ( 21) 08 - Default:
       ctl-62.bmp
 ( 22) 07 - Default:
       ctl-32.bmp
 ( 23) 06 - Default:
       ctl-22.bmp
 ( 24) 11 - Default:
       flaps.bmp

24 Textures:
Gris.bmp
panel.bmp
Panel_Instrumentos.bmp
ai.bmp
altimeter.bmp
fuel-qty.bmp
hdg.bmp
asi.bmp
KI206.bmp
vsi.bmp
t5.bmp
oilpsi.bmp
oiltemp.bmp
rpm.bmp
torque.bmp
ggrpm.bmp
fuelflow.bmp
M877.bmp
compass.bmp
DCvolts.bmp
ctl-62.bmp
ctl-32.bmp
ctl-22.bmp
flaps.bmp
