	Box01 (12 polys, 36 verts) 'ERROR: No material is assigned!'
		Hull (780 polys, 2340 verts) '06 - Default'
			Panel (598 polys, 1794 verts) '01 - Default'
				SidepanelL (28 polys, 84 verts) '11 - Default'
					Throttle (136 polys, 408 verts) '10 - Default'
						Cone01 (48 polys, 144 verts) '10 - Default'
						Cone02 (48 polys, 144 verts) '10 - Default'
						Cone03 (48 polys, 144 verts) '10 - Default'
					Throtbase (28 polys, 84 verts) '11 - Default'
					ConsoleL (56 polys, 168 verts) '11 - Default'
						Typ1Kippschalter27 (90 polys, 270 verts) '10 - Default'
						Typ1Kippschalter28 (90 polys, 270 verts) '10 - Default'
						Typ1Kippschalter29 (90 polys, 270 verts) '10 - Default'
						Typ1Kippschalter30 (90 polys, 270 verts) '10 - Default'
						Typ1Kippschalter31 (90 polys, 270 verts) '10 - Default'
						Typ1Kippschalter32 (90 polys, 270 verts) '10 - Default'
						Typ1Kippschalter33 (90 polys, 270 verts) '10 - Default'
						Typ1Kippschalter34 (90 polys, 270 verts) '10 - Default'
						Typ1Kippschalter35 (90 polys, 270 verts) '10 - Default'
						Typ1Kippschalter36 (90 polys, 270 verts) '10 - Default'
						Typ1Kippschalter37 (90 polys, 270 verts) '10 - Default'
						Typ1Kippschalter38 (90 polys, 270 verts) '10 - Default'
						Typ1Kippschalter39 (90 polys, 270 verts) '10 - Default'
						Typ1Kippschalter40 (90 polys, 270 verts) '10 - Default'
						Typ1Kippschalter41 (90 polys, 270 verts) '10 - Default'
						Typ1Kippschalter42 (90 polys, 270 verts) '10 - Default'
						Typ1Kippschalter43 (90 polys, 270 verts) '10 - Default'
						Typ2Drehknopf11 (38 polys, 114 verts) '10 - Default'
						Typ2Drehknopf12 (38 polys, 114 verts) '10 - Default'
						Typ2Drehknopf13 (38 polys, 114 verts) '10 - Default'
						Typ2Drehknopf14 (38 polys, 114 verts) '10 - Default'
						Typ4Drehknopf05 (68 polys, 204 verts) '10 - Default'
						Typ4Drehknopf06 (68 polys, 204 verts) '10 - Default'
						Typ4Drehknopf07 (68 polys, 204 verts) '10 - Default'
						Typ4Drehknopf08 (68 polys, 204 verts) '10 - Default'
						Typ5Drehknopf13 (76 polys, 228 verts) '10 - Default'
						Typ5Drehknopf14 (76 polys, 228 verts) '10 - Default'
						Typ5Drehknopf15 (76 polys, 228 verts) '10 - Default'
						Typ5Drehknopf16 (76 polys, 228 verts) '10 - Default'
						Typ5Drehknopf17 (76 polys, 228 verts) '10 - Default'
						Typ5Drehknopf18 (76 polys, 228 verts) '10 - Default'
						Typ5Drehknopf19 (76 polys, 228 verts) '10 - Default'
				SidepanelR (28 polys, 84 verts) '11 - Default'
					ConsoleR (56 polys, 168 verts) '11 - Default'
						Typ1Kippschalter14 (90 polys, 270 verts) '10 - Default'
						Typ1Kippschalter15 (90 polys, 270 verts) '10 - Default'
						Typ1Kippschalter16 (90 polys, 270 verts) '10 - Default'
						Typ1Kippschalter17 (90 polys, 270 verts) '10 - Default'
						Typ1Kippschalter18 (90 polys, 270 verts) '10 - Default'
						Typ1Kippschalter19 (90 polys, 270 verts) '10 - Default'
						Typ1Kippschalter20 (90 polys, 270 verts) '10 - Default'
						Typ1Kippschalter21 (90 polys, 270 verts) '10 - Default'
						Typ1Kippschalter22 (90 polys, 270 verts) '10 - Default'
						Typ1Kippschalter23 (90 polys, 270 verts) '10 - Default'
						Typ1Kippschalter24 (90 polys, 270 verts) '10 - Default'
						Typ1Kippschalter25 (90 polys, 270 verts) '10 - Default'
						Typ1Kippschalter26 (90 polys, 270 verts) '10 - Default'
						Typ2Drehknopf09 (38 polys, 114 verts) '10 - Default'
						Typ2Drehknopf10 (38 polys, 114 verts) '10 - Default'
						Typ3Drehknopf01 (36 polys, 108 verts) '10 - Default'
						Typ4Drehknopf03 (68 polys, 204 verts) '10 - Default'
						Typ5Drehknopf03 (76 polys, 228 verts) '10 - Default'
						Typ5Drehknopf04 (76 polys, 228 verts) '10 - Default'
						Typ5Drehknopf05 (76 polys, 228 verts) '10 - Default'
						Typ5Drehknopf06 (76 polys, 228 verts) '10 - Default'
						Typ5Drehknopf07 (76 polys, 228 verts) '10 - Default'
						Typ5Drehknopf08 (76 polys, 228 verts) '10 - Default'
						Typ5Drehknopf09 (76 polys, 228 verts) '10 - Default'
						Typ5Drehknopf10 (76 polys, 228 verts) '10 - Default'
						Typ5Drehknopf11 (76 polys, 228 verts) '10 - Default'
						Typ5Drehknopf12 (76 polys, 228 verts) '10 - Default'
				SmallPanelL (96 polys, 288 verts) '02 - Default'
					FlapsIndicator (48 polys, 144 verts) '04 - Default'
				SmallPanelR (96 polys, 288 verts) '02 - Default'
				Panelcover (460 polys, 1380 verts) '05 - Default'
					RadarScope (40 polys, 120 verts) '05 - Default'
				RWRBox (70 polys, 210 verts) '01 - Default'
					RWR (216 polys, 648 verts) '16 - Default'
				Radarbox (10 polys, 30 verts) '01 - Default'
					RadarScreen (2 polys, 6 verts) '17 - Default'
				FireWarningBox (12 polys, 36 verts) '01 - Default'
				ALTBox (10 polys, 30 verts) '01 - Default'
				ClimbBox (10 polys, 30 verts) '01 - Default'
				FuelBox (10 polys, 30 verts) '01 - Default'
				JettKnop (136 polys, 408 verts) '01 - Default'
				ADI (2 polys, 6 verts) '03 - Default'
					ADISlip (12 polys, 36 verts) '02 - Default'
					Slipball (28 polys, 84 verts) '10 - Default'
					ADIPitch (12 polys, 36 verts) '02 - Default'
					ADIMarker (52 polys, 156 verts) '20 - Default'
				HudBox (20 polys, 60 verts) '05 - Default'
					HUD (324 polys, 972 verts) '05 - Default'
						Beamer (12 polys, 36 verts) '05 - Default'
						HUDPIN (12 polys, 36 verts) '05 - Default'
						HUDGlass02 (20 polys, 60 verts) '18 - Default'
						HUDGlass1 (20 polys, 60 verts) '18 - Default'
					HUDOptic (136 polys, 408 verts) '05 - Default'
					Camerapanel (12 polys, 36 verts) '05 - Default'
				HSI (2 polys, 6 verts) '03 - Default'
					HSIWheel (72 polys, 216 verts) '03 - Default'
						HSI_center (108 polys, 324 verts) '03 - Default'
							HSI_CourseDeviation (12 polys, 36 verts) '20 - Default'
						HSI_Pointer (12 polys, 36 verts) '20 - Default'
					Flightpath (36 polys, 108 verts) '20 - Default'
				MachBox (10 polys, 30 verts) '09 - Default'
					MPHIndicator (576 polys, 1728 verts) '04 - Default'
					NeedleMachSpeed (76 polys, 228 verts) '04 - Default'
						Needle (24 polys, 72 verts) '20 - Default'
						Machwheel (54 polys, 162 verts) '04 - Default'
				needle_alt (52 polys, 156 verts) '20 - Default'
				needle_VASI (52 polys, 156 verts) '20 - Default'
				needle_Hour (52 polys, 156 verts) '20 - Default'
				needle_Minute (52 polys, 156 verts) '20 - Default'
				needle_Second (52 polys, 156 verts) '20 - Default'
				alt_1 (40 polys, 120 verts) '07 - Default'
				alt_10 (40 polys, 120 verts) '07 - Default'
				alt_dig1 (40 polys, 120 verts) '07 - Default'
				alt_dig2 (40 polys, 120 verts) '07 - Default'
				alt_dig3 (40 polys, 120 verts) '07 - Default'
				range_dig4 (40 polys, 120 verts) '07 - Default'
				range_dig3 (40 polys, 120 verts) '07 - Default'
				range_dig2 (40 polys, 120 verts) '07 - Default'
				range_dig1 (40 polys, 120 verts) '07 - Default'
				course_dig1 (40 polys, 120 verts) '07 - Default'
				Course_dig2 (40 polys, 120 verts) '07 - Default'
				Course_dig3 (40 polys, 120 verts) '07 - Default'
				needle_angle_of_attack (52 polys, 156 verts) '20 - Default'
				needle_gmeter (52 polys, 156 verts) '20 - Default'
				needle_Radaralt (52 polys, 156 verts) '20 - Default'
				needle_speed (52 polys, 156 verts) '20 - Default'
				needle_rpmL (52 polys, 156 verts) '20 - Default'
				needle_rpmR (52 polys, 156 verts) '20 - Default'
				needle_tempL (52 polys, 156 verts) '20 - Default'
				needle_tempR (52 polys, 156 verts) '20 - Default'
				needle_FuelFlowL (52 polys, 156 verts) '20 - Default'
				needle_FuelFlowR (52 polys, 156 verts) '20 - Default'
				needle_nozzleL (52 polys, 156 verts) '20 - Default'
				needle_nozzleR (52 polys, 156 verts) '20 - Default'
				needle_CabPress (52 polys, 156 verts) '20 - Default'
				needle_HydL (52 polys, 156 verts) '20 - Default'
				needle_HydR (52 polys, 156 verts) '20 - Default'
				needle_HydC (52 polys, 156 verts) '20 - Default'
				needle_PSIL (52 polys, 156 verts) '20 - Default'
				needle_PSIR (52 polys, 156 verts) '20 - Default'
				needle_Fuel (52 polys, 156 verts) '20 - Default'
				Fuel_1 (40 polys, 120 verts) '07 - Default'
				Fuel_dig4 (40 polys, 120 verts) '07 - Default'
				Fuel_dig3 (40 polys, 120 verts) '07 - Default'
				Fuel_dig2 (40 polys, 120 verts) '07 - Default'
				Fuel_dig1 (40 polys, 120 verts) '07 - Default'
				GearSwitch (60 polys, 180 verts) '06 - Default'
				GearDownLight (6 polys, 18 verts) '10 - Default'
				GearWarningLight (6 polys, 18 verts) '10 - Default'
				MasterCautionLight (2 polys, 6 verts) '10 - Default'
				REngineFireLight (48 polys, 144 verts) '10 - Default'
				LEngineFireLight (48 polys, 144 verts) '10 - Default'
				AILight (2 polys, 6 verts) '10 - Default'
				SAMLight (2 polys, 6 verts) '10 - Default'
				needle_Flaps (52 polys, 156 verts) '20 - Default'
				EnginetempL_dig4 (40 polys, 120 verts) '07 - Default'
				EnginetempL_dig2 (40 polys, 120 verts) '07 - Default'
				EnginetempL_dig3 (40 polys, 120 verts) '07 - Default'
				EnginetempL_dig1 (40 polys, 120 verts) '07 - Default'
				EnginetempR_dig4 (40 polys, 120 verts) '07 - Default'
				EnginetempR_dig3 (40 polys, 120 verts) '07 - Default'
				EnginetempR_dig2 (40 polys, 120 verts) '07 - Default'
				EnginetempR_dig1 (40 polys, 120 verts) '07 - Default'
				fuelflowL_dig3 (40 polys, 120 verts) '07 - Default'
				fuelflowL_dig2 (40 polys, 120 verts) '07 - Default'
				fuelflowL_dig1 (40 polys, 120 verts) '07 - Default'
				fuelflowR_dig3 (40 polys, 120 verts) '07 - Default'
				fuelflowR_dig2 (40 polys, 120 verts) '07 - Default'
				fuelflowR_dig1 (40 polys, 120 verts) '07 - Default'
				Typ1Drehknopf (38 polys, 114 verts) '10 - Default'
				Typ1Drehknopf01 (38 polys, 114 verts) '10 - Default'
				Typ1Drehknopf02 (38 polys, 114 verts) '10 - Default'
				Typ2Drehknopf02 (38 polys, 114 verts) '10 - Default'
				Typ2Drehknopf03 (38 polys, 114 verts) '10 - Default'
				Typ3Drehknopf (36 polys, 108 verts) '10 - Default'
				Typ2Drehknopf04 (38 polys, 114 verts) '10 - Default'
				Typ3Drehknopf02 (36 polys, 108 verts) '10 - Default'
				Typ3Drehknopf03 (36 polys, 108 verts) '10 - Default'
				Typ2Drehknopf05 (38 polys, 114 verts) '10 - Default'
				Typ2Drehknopf06 (38 polys, 114 verts) '10 - Default'
				Typ1Kippschalter04 (90 polys, 270 verts) '10 - Default'
				Typ1Kippschalter05 (90 polys, 270 verts) '10 - Default'
				Typ1Kippschalter06 (90 polys, 270 verts) '10 - Default'
				Typ1Kippschalter07 (90 polys, 270 verts) '10 - Default'
				Typ1Kippschalter08 (90 polys, 270 verts) '10 - Default'
				Typ1Kippschalter09 (90 polys, 270 verts) '10 - Default'
				Typ1Kippschalter10 (90 polys, 270 verts) '10 - Default'
				Typ1Kippschalter11 (90 polys, 270 verts) '10 - Default'
				Typ1Kippschalter12 (90 polys, 270 verts) '10 - Default'
				Typ4Drehknopf (68 polys, 204 verts) '10 - Default'
				Typ4Drehknopf01 (68 polys, 204 verts) '10 - Default'
				Typ4Drehknopf02 (68 polys, 204 verts) '10 - Default'
				Typ4Drehknopf04 (68 polys, 204 verts) '10 - Default'
				Typ5Drehknopf01 (76 polys, 228 verts) '10 - Default'
				Typ5Drehknopf02 (76 polys, 228 verts) '10 - Default'
				Typ2Drehknopf07 (38 polys, 114 verts) '10 - Default'
				Typ2Drehknopf08 (38 polys, 114 verts) '10 - Default'
				Druckknopf (188 polys, 564 verts) '10 - Default'
					Box03 (28 polys, 84 verts) '10 - Default'
				Druckknopf01 (188 polys, 564 verts) '10 - Default'
					Druckknopf2 (28 polys, 84 verts) '10 - Default'
				Druckknopf03 (188 polys, 564 verts) '10 - Default'
					Druckknopf04 (28 polys, 84 verts) '10 - Default'
				Typ1Kippschalter13 (90 polys, 270 verts) '10 - Default'
				Typ1Drehknopf03 (38 polys, 114 verts) '10 - Default'
				Typ1Drehknopf04 (38 polys, 114 verts) '10 - Default'
				Typ1Drehknopf05 (38 polys, 114 verts) '10 - Default'
				MFDGlassOverlay (32 polys, 96 verts) '15 - Default'
					MapPanelRotator (14 polys, 42 verts) '14 - Default'
						MapPanel (14 polys, 42 verts) '14 - Default'
					MFDBackground (32 polys, 96 verts) '01 - Default'
						SwitchtoA2GModeIndicator (2 polys, 6 verts) '21 - Default'
						SwitchtoA2AModeIndicator (2 polys, 6 verts) '21 - Default'
						chaffdig1 (2 polys, 6 verts) '13 - Default'
						chaffdig2 (2 polys, 6 verts) '13 - Default'
						chaffdig3 (2 polys, 6 verts) '13 - Default'
						flaredig1 (2 polys, 6 verts) '13 - Default'
						flaredig2 (2 polys, 6 verts) '13 - Default'
						flaredig3 (2 polys, 6 verts) '13 - Default'
						gun_dig1 (2 polys, 6 verts) '13 - Default'
						gun_dig2 (2 polys, 6 verts) '13 - Default'
						gun_dig3 (2 polys, 6 verts) '13 - Default'
						IRMActivator (14 polys, 42 verts) '14 - Default'
							SRMStation1 (26 polys, 78 verts) '21 - Default'
							SRMStation2 (26 polys, 78 verts) '21 - Default'
							SRMStation3 (26 polys, 78 verts) '21 - Default'
							SRMStation4 (26 polys, 78 verts) '21 - Default'
						MRMActivator (14 polys, 42 verts) '14 - Default'
							MRMStation1 (14 polys, 42 verts) '21 - Default'
							MRMStation2 (14 polys, 42 verts) '21 - Default'
							MRMStation3 (14 polys, 42 verts) '21 - Default'
							MRMStation4 (14 polys, 42 verts) '21 - Default'
							MRMStation5 (14 polys, 42 verts) '21 - Default'
							MRMStation6 (14 polys, 42 verts) '21 - Default'
							MRMStation7 (14 polys, 42 verts) '21 - Default'
							MRMStation8 (14 polys, 42 verts) '21 - Default'
							MRMStation9 (14 polys, 42 verts) '21 - Default'
							MRMStation10 (14 polys, 42 verts) '21 - Default'
							MRMStation11 (14 polys, 42 verts) '21 - Default'
							MRMStation12 (14 polys, 42 verts) '21 - Default'
						A2GStation1 (16 polys, 48 verts) '21 - Default'
						A2GStation2 (16 polys, 48 verts) '21 - Default'
						A2GStation3 (16 polys, 48 verts) '21 - Default'
						A2GStation4 (16 polys, 48 verts) '21 - Default'
						A2GStation5 (16 polys, 48 verts) '21 - Default'
						ARMStation1 (16 polys, 48 verts) '21 - Default'
						ARMStation2 (16 polys, 48 verts) '21 - Default'
						MFDCommonOverlay (59 polys, 177 verts) '21 - Default'
						A2GStationIndicator1 (6 polys, 18 verts) '21 - Default'
						A2GStationIndicator2 (6 polys, 18 verts) '21 - Default'
						A2GStationIndicator3 (6 polys, 18 verts) '21 - Default'
						A2GStationIndicator4 (6 polys, 18 verts) '21 - Default'
						A2GStationIndicator5 (6 polys, 18 verts) '21 - Default'
						AAM3Indicator1 (16 polys, 48 verts) '21 - Default'
						AAM3Indicator2 (16 polys, 48 verts) '21 - Default'
						AAM3Indicator3 (16 polys, 48 verts) '21 - Default'
						AAM3Indicator4 (16 polys, 48 verts) '21 - Default'
						AAM4Indicator1 (22 polys, 66 verts) '21 - Default'
						AAM4Indicator2 (22 polys, 66 verts) '21 - Default'
						AAM4Indicator3 (22 polys, 66 verts) '21 - Default'
						AAM4Indicator4 (22 polys, 66 verts) '21 - Default'
						AAM4Indicator5 (22 polys, 66 verts) '21 - Default'
						AAM4Indicator6 (22 polys, 66 verts) '21 - Default'
						AAM4Indicator7 (22 polys, 66 verts) '21 - Default'
						AAM4Indicator8 (22 polys, 66 verts) '21 - Default'
						AAM5Indicator1 (16 polys, 48 verts) '21 - Default'
						AAM5Indicator2 (16 polys, 48 verts) '21 - Default'
						AAM5Indicator3 (16 polys, 48 verts) '21 - Default'
						AAM5Indicator4 (16 polys, 48 verts) '21 - Default'
						AIM120AIndicator1 (22 polys, 66 verts) '21 - Default'
						AIM120AIndicator2 (22 polys, 66 verts) '21 - Default'
						AIM120AIndicator3 (22 polys, 66 verts) '21 - Default'
						AIM120AIndicator4 (22 polys, 66 verts) '21 - Default'
						AIM120AIndicator5 (22 polys, 66 verts) '21 - Default'
						AIM120AIndicator6 (22 polys, 66 verts) '21 - Default'
						AIM120AIndicator7 (22 polys, 66 verts) '21 - Default'
						AIM120AIndicator8 (22 polys, 66 verts) '21 - Default'
						AIM120BIndicator1 (22 polys, 66 verts) '21 - Default'
						AIM120BIndicator2 (22 polys, 66 verts) '21 - Default'
						AIM120BIndicator3 (22 polys, 66 verts) '21 - Default'
						AIM120BIndicator4 (22 polys, 66 verts) '21 - Default'
						AIM120BIndicator5 (22 polys, 66 verts) '21 - Default'
						AIM120BIndicator6 (22 polys, 66 verts) '21 - Default'
						AIM120BIndicator7 (22 polys, 66 verts) '21 - Default'
						AIM120BIndicator8 (22 polys, 66 verts) '21 - Default'
						AIM120CIndicator1 (22 polys, 66 verts) '21 - Default'
						AIM120CIndicator2 (22 polys, 66 verts) '21 - Default'
						AIM120CIndicator3 (22 polys, 66 verts) '21 - Default'
						AIM120CIndicator4 (22 polys, 66 verts) '21 - Default'
						AIM120CIndicator5 (22 polys, 66 verts) '21 - Default'
						AIM120CIndicator6 (22 polys, 66 verts) '21 - Default'
						AIM120CIndicator7 (22 polys, 66 verts) '21 - Default'
						AIM120CIndicator8 (22 polys, 66 verts) '21 - Default'
						AIM7EIndicator1 (16 polys, 48 verts) '21 - Default'
						AIM7EIndicator2 (16 polys, 48 verts) '21 - Default'
						AIM7EIndicator3 (16 polys, 48 verts) '21 - Default'
						AIM7EIndicator4 (16 polys, 48 verts) '21 - Default'
						AIM7FIndicator1 (16 polys, 48 verts) '21 - Default'
						AIM7FIndicator2 (16 polys, 48 verts) '21 - Default'
						AIM7FIndicator3 (16 polys, 48 verts) '21 - Default'
						AIM7FIndicator4 (16 polys, 48 verts) '21 - Default'
						AIM7MIndicator1 (16 polys, 48 verts) '21 - Default'
						AIM7MIndicator2 (16 polys, 48 verts) '21 - Default'
						AIM7MIndicator3 (16 polys, 48 verts) '21 - Default'
						AIM7MIndicator4 (16 polys, 48 verts) '21 - Default'
						AIM7PIndicator1 (16 polys, 48 verts) '21 - Default'
						AIM7PIndicator2 (16 polys, 48 verts) '21 - Default'
						AIM7PIndicator3 (16 polys, 48 verts) '21 - Default'
						AIM7PIndicator4 (16 polys, 48 verts) '21 - Default'
						AIM9LIndicator1 (16 polys, 48 verts) '21 - Default'
						AIM9LIndicator2 (16 polys, 48 verts) '21 - Default'
						AIM9LIndicator3 (16 polys, 48 verts) '21 - Default'
						AIM9LIndicator4 (16 polys, 48 verts) '21 - Default'
						AIM9MIndicator1 (16 polys, 48 verts) '21 - Default'
						AIM9MIndicator2 (16 polys, 48 verts) '21 - Default'
						AIM9MIndicator3 (16 polys, 48 verts) '21 - Default'
						AIM9MIndicator4 (16 polys, 48 verts) '21 - Default'
						AIM9PIndicator1 (16 polys, 48 verts) '21 - Default'
						AIM9PIndicator2 (16 polys, 48 verts) '21 - Default'
						AIM9PIndicator3 (16 polys, 48 verts) '21 - Default'
						AIM9PIndicator4 (16 polys, 48 verts) '21 - Default'
						AIM9SIndicator1 (16 polys, 48 verts) '21 - Default'
						AIM9SIndicator2 (16 polys, 48 verts) '21 - Default'
						AIM9SIndicator3 (16 polys, 48 verts) '21 - Default'
						AIM9SIndicator4 (16 polys, 48 verts) '21 - Default'
						AIM9XIndicator1 (16 polys, 48 verts) '21 - Default'
						AIM9XIndicator2 (16 polys, 48 verts) '21 - Default'
						AIM9XIndicator3 (16 polys, 48 verts) '21 - Default'
						AIM9XIndicator4 (16 polys, 48 verts) '21 - Default'
						ASATStationIndicator1 (6 polys, 18 verts) '21 - Default'
						FuelStationIndicator1 (6 polys, 18 verts) '21 - Default'
						FuelStationIndicator2 (6 polys, 18 verts) '21 - Default'
						FuelStationIndicator3 (6 polys, 18 verts) '21 - Default'
						AAM4Indicator9 (22 polys, 66 verts) '21 - Default'
						AAM4Indicator10 (22 polys, 66 verts) '21 - Default'
						AAM4Indicator11 (22 polys, 66 verts) '21 - Default'
						AAM4Indicator12 (22 polys, 66 verts) '21 - Default'
						AIM120AIndicator9 (22 polys, 66 verts) '21 - Default'
						AIM120AIndicator10 (22 polys, 66 verts) '21 - Default'
						AIM120AIndicator11 (22 polys, 66 verts) '21 - Default'
						AIM120AIndicator12 (22 polys, 66 verts) '21 - Default'
						AIM120BIndicator9 (22 polys, 66 verts) '21 - Default'
						AIM120BIndicator10 (22 polys, 66 verts) '21 - Default'
						AIM120BIndicator11 (22 polys, 66 verts) '21 - Default'
						AIM120BIndicator12 (22 polys, 66 verts) '21 - Default'
						AIM120CIndicator9 (22 polys, 66 verts) '21 - Default'
						AIM120CIndicator10 (22 polys, 66 verts) '21 - Default'
						AIM120CIndicator11 (22 polys, 66 verts) '21 - Default'
						AIM120CIndicator12 (22 polys, 66 verts) '21 - Default'
						AIM7EIndicator5 (16 polys, 48 verts) '21 - Default'
						AIM7EIndicator6 (16 polys, 48 verts) '21 - Default'
						AIM7EIndicator7 (16 polys, 48 verts) '21 - Default'
						AIM7EIndicator8 (16 polys, 48 verts) '21 - Default'
						AIM7FIndicator5 (16 polys, 48 verts) '21 - Default'
						AIM7FIndicator6 (16 polys, 48 verts) '21 - Default'
						AIM7FIndicator7 (16 polys, 48 verts) '21 - Default'
						AIM7FIndicator8 (16 polys, 48 verts) '21 - Default'
						AIM7MIndicator5 (16 polys, 48 verts) '21 - Default'
						AIM7MIndicator6 (16 polys, 48 verts) '21 - Default'
						AIM7MIndicator7 (16 polys, 48 verts) '21 - Default'
						AIM7MIndicator8 (16 polys, 48 verts) '21 - Default'
						AIM7PIndicator5 (16 polys, 48 verts) '21 - Default'
						AIM7PIndicator6 (16 polys, 48 verts) '21 - Default'
						AIM7PIndicator7 (16 polys, 48 verts) '21 - Default'
						AIM7PIndicator8 (16 polys, 48 verts) '21 - Default'
						GenericMRMIndicator1 (16 polys, 48 verts) '21 - Default'
						GenericMRMIndicator2 (16 polys, 48 verts) '21 - Default'
						GenericMRMIndicator3 (16 polys, 48 verts) '21 - Default'
						GenericMRMIndicator4 (16 polys, 48 verts) '21 - Default'
						GenericMRMIndicator5 (16 polys, 48 verts) '21 - Default'
						GenericMRMIndicator6 (16 polys, 48 verts) '21 - Default'
						GenericMRMIndicator7 (16 polys, 48 verts) '21 - Default'
						GenericMRMIndicator8 (16 polys, 48 verts) '21 - Default'
						GenericMRMIndicator9 (16 polys, 48 verts) '21 - Default'
						GenericMRMIndicator10 (16 polys, 48 verts) '21 - Default'
						GenericMRMIndicator11 (16 polys, 48 verts) '21 - Default'
						GenericMRMIndicator12 (16 polys, 48 verts) '21 - Default'
						GenericSRMIndicator1 (16 polys, 48 verts) '21 - Default'
						GenericSRMIndicator2 (16 polys, 48 verts) '21 - Default'
						GenericSRMIndicator3 (16 polys, 48 verts) '21 - Default'
						GenericSRMIndicator4 (16 polys, 48 verts) '21 - Default'
						EmptyA2GStation1 (16 polys, 48 verts) '21 - Default'
							EmptyFuelStation1 (16 polys, 48 verts) '21 - Default'
						EmptyA2GStation3 (16 polys, 48 verts) '21 - Default'
						EmptyA2GStation5 (16 polys, 48 verts) '21 - Default'
							EmptyA2GStation6 (16 polys, 48 verts) '21 - Default'
								EmptyFuelStation3 (16 polys, 48 verts) '21 - Default'
						EmptyA2GStation4 (16 polys, 48 verts) '21 - Default'
						EmptyA2GStation2 (16 polys, 48 verts) '21 - Default'
							EmptyFuelStation2 (16 polys, 48 verts) '21 - Default'
						EmptyMRMStation5 (16 polys, 48 verts) '21 - Default'
							EmptySRMStation1 (16 polys, 48 verts) '21 - Default'
						EmptyMRMStation6 (16 polys, 48 verts) '21 - Default'
							EmptySRMStation2 (16 polys, 48 verts) '21 - Default'
						EmptyMRMStation7 (16 polys, 48 verts) '21 - Default'
							EmptySRMStation3 (16 polys, 48 verts) '21 - Default'
						EmptyMRMStation8 (16 polys, 48 verts) '21 - Default'
							EmptySRMStation4 (16 polys, 48 verts) '21 - Default'
						EmptyMRMStation9 (16 polys, 48 verts) '21 - Default'
							EmptyMRMStation1 (16 polys, 48 verts) '21 - Default'
						EmptyMRMStation10 (16 polys, 48 verts) '21 - Default'
							EmptyMRMStation2 (16 polys, 48 verts) '21 - Default'
						EmptyMRMStation11 (16 polys, 48 verts) '21 - Default'
							EmptyMRMStation3 (16 polys, 48 verts) '21 - Default'
						EmptyMRMStation12 (16 polys, 48 verts) '21 - Default'
							EmptyMRMStation4 (16 polys, 48 verts) '21 - Default'
						A2GStation6 (10 polys, 30 verts) '21 - Default'
				MasterArmSwitchBase (32 polys, 96 verts) '10 - Default'
					MasterArmSwitch (50 polys, 150 verts) '10 - Default'
				MovingMapOverlay (16 polys, 48 verts) '21 - Default'
				LeftRudderInnerArm (10 polys, 30 verts) '12 - Default'
					LeftRudder (50 polys, 150 verts) '12 - Default'
				RightRudderInnerArm (10 polys, 30 verts) '12 - Default'
					RightRudder (50 polys, 150 verts) '12 - Default'
			Canopyframe (460 polys, 1380 verts) '06 - Default'
				MirrorholdC (128 polys, 384 verts) '06 - Default'
					Centermirror (24 polys, 72 verts) '19 - Default'
				FirellightBox (24 polys, 72 verts) '06 - Default'
					InRangeLight (2 polys, 6 verts) '10 - Default'
				MirrorholdR (128 polys, 384 verts) '06 - Default'
					Rightmirror (24 polys, 72 verts) '19 - Default'
				MirrorholdL (128 polys, 384 verts) '06 - Default'
					Leftmirror (24 polys, 72 verts) '19 - Default'
				Compassbox (24 polys, 72 verts) '04 - Default'
					Box02 (12 polys, 36 verts) '07 - Default'
					Compass (72 polys, 216 verts) '07 - Default'
				Cable (656 polys, 1968 verts) '06 - Default'
					CableHold (12 polys, 36 verts) '24 - Default'
					CableHold01 (12 polys, 36 verts) '06 - Default'
					CableHold02 (12 polys, 36 verts) '06 - Default'
				CanopyGrip02 (96 polys, 288 verts) '06 - Default'
				Canopygrip01 (96 polys, 288 verts) '06 - Default'
				Rivet (48 polys, 144 verts) '06 - Default'
				Rivet01 (48 polys, 144 verts) '06 - Default'
				Rivet02 (48 polys, 144 verts) '06 - Default'
				Rivet03 (48 polys, 144 verts) '06 - Default'
				Rivet04 (48 polys, 144 verts) '06 - Default'
				Rivet05 (48 polys, 144 verts) '06 - Default'
				Rivet06 (48 polys, 144 verts) '06 - Default'
				Rivet07 (48 polys, 144 verts) '06 - Default'
				Rivet08 (48 polys, 144 verts) '06 - Default'
				Rivet09 (48 polys, 144 verts) '06 - Default'
				Rivet10 (48 polys, 144 verts) '06 - Default'
				Rivet11 (48 polys, 144 verts) '06 - Default'
				Rivet12 (48 polys, 144 verts) '06 - Default'
				Rivet13 (48 polys, 144 verts) '06 - Default'
				Rivet14 (48 polys, 144 verts) '06 - Default'
				Rivet15 (48 polys, 144 verts) '06 - Default'
				Rivet16 (48 polys, 144 verts) '06 - Default'
				Rivet17 (48 polys, 144 verts) '06 - Default'
				Rivet18 (48 polys, 144 verts) '06 - Default'
				Rivet19 (48 polys, 144 verts) '06 - Default'
				Rivet20 (48 polys, 144 verts) '06 - Default'
				Rivet21 (48 polys, 144 verts) '06 - Default'
				Rivet22 (48 polys, 144 verts) '06 - Default'
				Rivet23 (48 polys, 144 verts) '06 - Default'
				Schraube (56 polys, 168 verts) '06 - Default'
				Schraube01 (56 polys, 168 verts) '06 - Default'
				Schraube02 (56 polys, 168 verts) '06 - Default'
				Schraube03 (56 polys, 168 verts) '06 - Default'
				Schraube04 (56 polys, 168 verts) '06 - Default'
				Schraube05 (56 polys, 168 verts) '06 - Default'
				Schraube06 (56 polys, 168 verts) '06 - Default'
				Schraube07 (56 polys, 168 verts) '06 - Default'
				Schraube08 (56 polys, 168 verts) '06 - Default'
				Schraube09 (56 polys, 168 verts) '06 - Default'
				Schraube10 (56 polys, 168 verts) '06 - Default'
				Schraube11 (56 polys, 168 verts) '06 - Default'
				Schraube12 (56 polys, 168 verts) '06 - Default'
				Schraube13 (56 polys, 168 verts) '06 - Default'
				Schraube14 (56 polys, 168 verts) '06 - Default'
				Schraube15 (56 polys, 168 verts) '06 - Default'
				Schraube16 (56 polys, 168 verts) '06 - Default'
				Schraube17 (56 polys, 168 verts) '06 - Default'
				Schraube18 (56 polys, 168 verts) '06 - Default'
				Schraube19 (56 polys, 168 verts) '06 - Default'
				Schraube20 (56 polys, 168 verts) '06 - Default'
				Schraube21 (56 polys, 168 verts) '06 - Default'
				CanopyGlass (216 polys, 648 verts) '23 - Default'
			FrontFrame (424 polys, 1272 verts) '06 - Default'
				FrontGlass (216 polys, 648 verts) '24 - Default'
			Rückwand (36 polys, 108 verts) '06 - Default'
			Seat (44 polys, 132 verts) '06 - Default'
			SeatMain (372 polys, 1116 verts) '12 - Default'
			StickPan (26 polys, 78 verts) '12 - Default'
				HorizontalTurnAxisOne01 (8 polys, 24 verts) '12 - Default'
					ControlStick (2078 polys, 6234 verts) '12 - Default'
		ADIBall2 (528 polys, 1584 verts) '08 - Default'
		ADIBall1 (528 polys, 1584 verts) '07 - Default'


Num Nodes: 493
Total:    (26943 polys, 80829 verts)
Mesh Max: (2078 polys, 6234 verts)

23 Materials:
 (  1) 06 - Default:
       F-15misc1.bmp
 (  2) 01 - Default:
       F15-Mainpanel.bmp
 (  3) 11 - Default:
       F15-Sidepanels.bmp
 (  4) 10 - Default:
       F-15Misc2.bmp
 (  5) 02 - Default:
       F15-Smallpanels.bmp
 (  6) 04 - Default:
       F-15Gauges2.bmp
 (  7) 05 - Default:
       HUD.bmp
 (  8) 16 - Default:
       F-15_RWR.BMP
 (  9) 17 - Default:
       F-15_RADAR.BMP
 ( 10) 03 - Default:
       F-15Gauges1.bmp
 ( 11) 20 - Default:
       Needles.bmp
 ( 12) 18 - Default:
       Transparency enabled
       F-15HUDGlass.tga
 ( 13) 09 - Default:
       Transparency enabled
       F-15MACH.tga
 ( 14) 07 - Default:
       F-105_ATTITUDE.BMP
 ( 15) 15 - Default:
       Transparency enabled
       MFDScreenCover.tga
 ( 16) 14 - Default:
       Transparency enabled
       F-15HUDMisc.tga
 ( 17) 21 - Default:
       MFDOverlay.bmp
 ( 18) 13 - Default:
       Transparency enabled
       Self-illumination enabled
       contadordigital.tga
 ( 19) 12 - Default:
       F-15Controls.bmp
 ( 20) 19 - Default:
       Mirror.bmp
 ( 21) 24 - Default:
       Transparency enabled
       F86_reflection2.tga
 ( 22) 23 - Default:
       Transparency enabled
       F86_reflection1.tga
 ( 23) 08 - Default:
       F-105_ATTITUDE2.BMP

23 Textures:
F-15misc1.bmp
F15-Mainpanel.bmp
F15-Sidepanels.bmp
F-15Misc2.bmp
F15-Smallpanels.bmp
F-15Gauges2.bmp
HUD.bmp
F-15_RWR.BMP
F-15_RADAR.BMP
F-15Gauges1.bmp
Needles.bmp
F-15HUDGlass.tga
F-15MACH.tga
F-105_ATTITUDE.BMP
MFDScreenCover.tga
F-15HUDMisc.tga
MFDOverlay.bmp
contadordigital.tga
F-15Controls.bmp
Mirror.bmp
F86_reflection2.tga
F86_reflection1.tga
F-105_ATTITUDE2.BMP
