Numero 1 - Lider do Esquadrao
Numero 2 - Esquadrilha Branca
Numero 3 - Esquadrilha Branca
Numero 4 - Esquadrilha Branca
Numero 5 - Esquadrilha Branca
Numero 6 - Esquadrilha Amarela
Numero 7 - Esquadrilha Amarela
Numero 8 - Esquadrilha Amarela
Numero 9 - Esquadrilha Amarela
Numero 10 - Esquadrilha Verde
Numero 11 - Esquadrilha Verde
Numero 12 - Esquadrilha Verde
Numero 13 - Esquadrilha Verde
Numero 14 - Esquadrilha Preta
Numero 15 - Esquadrilha Preta
Numero 16 - Esquadrilha Preta
Numero 17 - Esquadrilha Preta
Numero 18 - Esquadrilha Azul
Numero 19 - Esquadrilha Azul
Numero 20 - Esquadrilha Azul
Numero 21 - Esquadrilha Azul
Numero 22 - Esquadrilha Vermelha
Numero 23 - Esquadrilha Vermelha
Numero 24 - Esquadrilha Vermelha
Numero 25 - Esquadrilha Vermelha