	Fuselage (394 polys, 1182 verts) '02 - Default'
		Cowl (664 polys, 1992 verts) '02 - Default'
			CFlap_L01 (4 polys, 12 verts) '02 - Default'
				CFlapLnr_L01 (4 polys, 12 verts) '02 - Default'
			Engine (32 polys, 96 verts) '02 - Default'
				Block (384 polys, 1152 verts) '02 - Default'
					Spinner (168 polys, 504 verts) '02 - Default'
						PropCenter (72 polys, 216 verts) '02 - Default'
							Prop2 (108 polys, 324 verts) '02 - Default'
							Prop1 (108 polys, 324 verts) '02 - Default'
						Prop (234 polys, 702 verts) '02 - Default'
					Mag_L (384 polys, 1152 verts) '02 - Default'
					Mag_R (384 polys, 1152 verts) '02 - Default'
				Cooler_R (120 polys, 360 verts) '02 - Default'
				Cooler_L (120 polys, 360 verts) '02 - Default'
				Eng_Wall (32 polys, 96 verts) '02 - Default'
			CFlap_L02 (4 polys, 12 verts) '02 - Default'
				CFlapLnr_L02 (4 polys, 12 verts) '02 - Default'
			CFlap_R01 (4 polys, 12 verts) '02 - Default'
				CFlapLnr_R01 (4 polys, 12 verts) '02 - Default'
			CFlap_R02 (4 polys, 12 verts) '02 - Default'
				CFlapLnr_R02 (4 polys, 12 verts) '02 - Default'
			CFlap_L03 (4 polys, 12 verts) '02 - Default'
				CFlapLnr_L03 (4 polys, 12 verts) '02 - Default'
			CFlap_L04 (4 polys, 12 verts) '02 - Default'
				CFlapLnr_L04 (4 polys, 12 verts) '02 - Default'
			CFlap_L05 (2 polys, 6 verts) '02 - Default'
				CFlapLnr_L05 (2 polys, 6 verts) '02 - Default'
			CFlap_L06 (2 polys, 6 verts) '02 - Default'
				CFlapLnr__L06 (2 polys, 6 verts) '02 - Default'
			CFlap_R03 (4 polys, 12 verts) '02 - Default'
				CFlapLnr_R03 (4 polys, 12 verts) '02 - Default'
			CFlap_R04 (4 polys, 12 verts) '02 - Default'
				CFlapLnr_R04 (4 polys, 12 verts) '02 - Default'
			CFlap_R05 (2 polys, 6 verts) '02 - Default'
				CFlapLnr_R05 (2 polys, 6 verts) '02 - Default'
			CFlap_R06 (2 polys, 6 verts) '02 - Default'
				CFlapLnr_R06 (2 polys, 6 verts) '02 - Default'
		Tail (250 polys, 750 verts) '02 - Default'
			Stab_L (367 polys, 1101 verts) '02 - Default'
				Elev_L (264 polys, 792 verts) '02 - Default'
			Stab_R (367 polys, 1101 verts) '02 - Default'
				Elev_R (264 polys, 792 verts) '02 - Default'
			TailFin (231 polys, 693 verts) '02 - Default'
				Rudder (256 polys, 768 verts) '02 - Default'
			Turbo_Vent (289 polys, 867 verts) '02 - Default'
				TVFace (9 polys, 27 verts) '02 - Default'
				TVFace01 (9 polys, 27 verts) '02 - Default'
			TailGear (32 polys, 96 verts) '02 - Default'
				TailHub (68 polys, 204 verts) '02 - Default'
					TailWheel (144 polys, 432 verts) '02 - Default'
			TDoor_R (24 polys, 72 verts) '02 - Default'
			TDoor_L (24 polys, 72 verts) '02 - Default'
			Turbo_Vent01 (289 polys, 867 verts) '02 - Default'
			TailWell (56 polys, 168 verts) '02 - Default'
		Wing_L (622 polys, 1866 verts) '02 - Default'
			WingO_L (467 polys, 1401 verts) '02 - Default'
				Aileron_L (148 polys, 444 verts) '02 - Default'
				Pitot (160 polys, 480 verts) '02 - Default'
				RPylonL01 (88 polys, 264 verts) '02 - Default'
				RPylonL02 (88 polys, 264 verts) '02 - Default'
				RPylonL03 (88 polys, 264 verts) '02 - Default'
				RPylonL04 (88 polys, 264 verts) '02 - Default'
				RPylonL05 (88 polys, 264 verts) '02 - Default'
			Flap_L (108 polys, 324 verts) '02 - Default'
			MG_L (112 polys, 336 verts) '02 - Default'
			Gear_L (210 polys, 630 verts) '02 - Default'
				Shock_L (230 polys, 690 verts) '02 - Default'
					Door_Lob (60 polys, 180 verts) '02 - Default'
					Tire_L (336 polys, 1008 verts) '02 - Default'
					Fork_Lb (148 polys, 444 verts) '02 - Default'
				Door_Lot (62 polys, 186 verts) '02 - Default'
				Fork_Lt (140 polys, 420 verts) '02 - Default'
			Door_Li (88 polys, 264 verts) '02 - Default'
			Well_L (209 polys, 627 verts) '02 - Default'
		Wing_R (634 polys, 1902 verts) '02 - Default'
			WingO_R (440 polys, 1320 verts) '02 - Default'
				Aileron_R (145 polys, 435 verts) '02 - Default'
				RPylonR01 (88 polys, 264 verts) '02 - Default'
				RPylonR02 (88 polys, 264 verts) '02 - Default'
				RPylonR03 (88 polys, 264 verts) '02 - Default'
				RPylonR04 (88 polys, 264 verts) '02 - Default'
				RPylonR05 (88 polys, 264 verts) '02 - Default'
			Flap_R (107 polys, 321 verts) '02 - Default'
			MG_R (112 polys, 336 verts) '02 - Default'
			Door_Ri (88 polys, 264 verts) '02 - Default'
			Gear_R (210 polys, 630 verts) '02 - Default'
				Shock_R (230 polys, 690 verts) '02 - Default'
					Tire_R (336 polys, 1008 verts) '02 - Default'
					Fork_Rb (148 polys, 444 verts) '02 - Default'
					Door_Rob (60 polys, 180 verts) '02 - Default'
				Fork_Rt (140 polys, 420 verts) '02 - Default'
				Door_Rot (62 polys, 186 verts) '02 - Default'
			Well_R (209 polys, 627 verts) '02 - Default'
		WndFrame (92 polys, 276 verts) '02 - Default'
			WndFrLnr (92 polys, 276 verts) '02 - Default'
		Canopy (168 polys, 504 verts) '02 - Default'
			CanLnr (168 polys, 504 verts) '02 - Default'
		Mast (21 polys, 63 verts) '02 - Default'
		Vent_L (9 polys, 27 verts) '02 - Default'
		Vent_R (9 polys, 27 verts) '02 - Default'
		Cockpit (16 polys, 48 verts) '02 - Default'
			Armor (8 polys, 24 verts) '02 - Default'
			Floor (2 polys, 6 verts) '02 - Default'
			Panel (16 polys, 48 verts) '02 - Default'
			Armor01 (8 polys, 24 verts) '02 - Default'
		CPL_Engineering(c) (2 polys, 6 verts) 'Material #2'


Num Nodes: 107
Total:    (13739 polys, 41217 verts)
Mesh Max: (664 polys, 1992 verts)

2 Materials:
 (  1) 02 - Default:
       TRUCK_DESTROYED.BMP
 (  2) Material #2:
       CPL Copyright 2014.jpg

2 Textures:
TRUCK_DESTROYED.BMP
CPL Copyright 2014.jpg
