	Base (12 polys, 36 verts) 'ERROR: No material is assigned to this node!'
		Canopy (332 polys, 996 verts) '1 - Default'
			Vitre Canopy (204 polys, 612 verts) '23 - Default'
		CanopyFront (148 polys, 444 verts) '1 - Default'
			FrontVitre (38 polys, 114 verts) '23 - Default'
		Frontpanel (26 polys, 78 verts) '2 - Default'
			Instrumentpanel (82 polys, 246 verts) '2 - Default'
				VSI (90 polys, 270 verts) '7 - Default'
				TBI (90 polys, 270 verts) '7 - Default'
				CompassIndexer (36 polys, 108 verts) '6 - Default'
				Speed (90 polys, 270 verts) '7 - Default'
				RPM (90 polys, 270 verts) '7 - Default'
				MultiPress (90 polys, 270 verts) '7 - Default'
				Manifold (90 polys, 270 verts) '7 - Default'
				Ignition (90 polys, 270 verts) '7 - Default'
				GCI (90 polys, 270 verts) '7 - Default'
				FuelQuant (90 polys, 270 verts) '7 - Default'
				CylTemp (90 polys, 270 verts) '7 - Default'
				Clock (90 polys, 270 verts) '7 - Default'
				Attitude (90 polys, 270 verts) '8 - Default'
				ALT (90 polys, 270 verts) '7 - Default'
				Accel (90 polys, 270 verts) '7 - Default'
				Schraube03 (2 polys, 6 verts) '9 - Default'
				Schraube04 (2 polys, 6 verts) '9 - Default'
				Schraube06 (2 polys, 6 verts) '9 - Default'
				Schraube07 (2 polys, 6 verts) '9 - Default'
				Schraube08 (2 polys, 6 verts) '9 - Default'
				Schraube09 (2 polys, 6 verts) '9 - Default'
				Schraube14 (2 polys, 6 verts) '9 - Default'
				Schraube15 (2 polys, 6 verts) '9 - Default'
				Schraube18 (2 polys, 6 verts) '9 - Default'
				Schraube19 (2 polys, 6 verts) '9 - Default'
				Schraube20 (2 polys, 6 verts) '9 - Default'
				Schraube21 (2 polys, 6 verts) '9 - Default'
				Schraube22 (2 polys, 6 verts) '9 - Default'
				Schraube23 (2 polys, 6 verts) '9 - Default'
				Schraube24 (2 polys, 6 verts) '9 - Default'
				Schraube25 (2 polys, 6 verts) '9 - Default'
				Schraube26 (2 polys, 6 verts) '9 - Default'
				Schraube27 (2 polys, 6 verts) '9 - Default'
				Schraube28 (2 polys, 6 verts) '9 - Default'
				Schraube29 (2 polys, 6 verts) '9 - Default'
				Schraube30 (2 polys, 6 verts) '9 - Default'
				Schraube31 (2 polys, 6 verts) '9 - Default'
				Schraube32 (2 polys, 6 verts) '9 - Default'
				Schraube33 (2 polys, 6 verts) '9 - Default'
				Schraube34 (2 polys, 6 verts) '9 - Default'
				Schraube35 (2 polys, 6 verts) '9 - Default'
				Schraube36 (2 polys, 6 verts) '9 - Default'
				Schraube37 (2 polys, 6 verts) '9 - Default'
				Schraube38 (2 polys, 6 verts) '9 - Default'
				Schraube39 (2 polys, 6 verts) '9 - Default'
				Schraube40 (2 polys, 6 verts) '9 - Default'
				Schraube41 (2 polys, 6 verts) '9 - Default'
				Schraube42 (2 polys, 6 verts) '9 - Default'
				Schraube43 (2 polys, 6 verts) '9 - Default'
				Schraube44 (2 polys, 6 verts) '9 - Default'
				Schraube45 (2 polys, 6 verts) '9 - Default'
				Schraube46 (2 polys, 6 verts) '9 - Default'
				Schraube47 (2 polys, 6 verts) '9 - Default'
				Schraube48 (2 polys, 6 verts) '9 - Default'
				Schraube49 (2 polys, 6 verts) '9 - Default'
				Schraube50 (2 polys, 6 verts) '9 - Default'
				Schraube51 (2 polys, 6 verts) '9 - Default'
				Schraube52 (2 polys, 6 verts) '9 - Default'
				Schraube53 (2 polys, 6 verts) '9 - Default'
				Schraube54 (2 polys, 6 verts) '9 - Default'
				Schraube55 (2 polys, 6 verts) '9 - Default'
				Schraube56 (2 polys, 6 verts) '9 - Default'
				Schraube57 (2 polys, 6 verts) '9 - Default'
				Schraube58 (2 polys, 6 verts) '9 - Default'
				Schraube59 (2 polys, 6 verts) '9 - Default'
				Schraube60 (2 polys, 6 verts) '9 - Default'
				Schraube61 (2 polys, 6 verts) '9 - Default'
				Schraube62 (2 polys, 6 verts) '9 - Default'
				Schraube63 (2 polys, 6 verts) '9 - Default'
				Schraube64 (2 polys, 6 verts) '9 - Default'
				Schraube65 (2 polys, 6 verts) '9 - Default'
				Schraube66 (2 polys, 6 verts) '9 - Default'
				Schraube67 (2 polys, 6 verts) '9 - Default'
				Schraube68 (2 polys, 6 verts) '9 - Default'
				Schraube69 (2 polys, 6 verts) '9 - Default'
				Voltameter (90 polys, 270 verts) '7 - Default'
				SBY_Compass (90 polys, 270 verts) '7 - Default'
				Schraube71 (2 polys, 6 verts) '9 - Default'
				Schraube72 (2 polys, 6 verts) '9 - Default'
				Schraube73 (2 polys, 6 verts) '9 - Default'
				ChartBoard01 (36 polys, 108 verts) '10 - Default'
					Stab01 (32 polys, 96 verts) '10 - Default'
					Stab02 (32 polys, 96 verts) '10 - Default'
				ChartBoard02 (36 polys, 108 verts) '10 - Default'
				Sign1 (2 polys, 6 verts) '10 - Default'
				Sign (2 polys, 6 verts) '10 - Default'
				Cylinder01 (240 polys, 720 verts) '10 - Default'
				Sign03 (2 polys, 6 verts) '10 - Default'
				Needle_Accel (6 polys, 18 verts) '13 - Default'
				Needle_Alt100 (6 polys, 18 verts) '13 - Default'
				Needle_Alt1000 (6 polys, 18 verts) '13 - Default'
				Needle_CylTemp (6 polys, 18 verts) '13 - Default'
				Needle_Fuel (6 polys, 18 verts) '13 - Default'
				Needle_FuelPress (6 polys, 18 verts) '13 - Default'
				Needle_Hour (6 polys, 18 verts) '13 - Default'
				Needle_Manifold (6 polys, 18 verts) '13 - Default'
				Needle_Minute (6 polys, 18 verts) '13 - Default'
				Needle_OilPress (6 polys, 18 verts) '13 - Default'
				Needle_OILTemp (6 polys, 18 verts) '13 - Default'
				Needle_Pitch (6 polys, 18 verts) '13 - Default'
				Needle_RPM100 (6 polys, 18 verts) '13 - Default'
				Needle_RPM1000 (6 polys, 18 verts) '13 - Default'
				Needle_Second (6 polys, 18 verts) '13 - Default'
				Needle_Speed (6 polys, 18 verts) '13 - Default'
				Needle_Turn (6 polys, 18 verts) '13 - Default'
				Schraube10 (2 polys, 6 verts) '9 - Default'
				Schraube01 (2 polys, 6 verts) '9 - Default'
				Schraube75 (2 polys, 6 verts) '9 - Default'
				Schraube02 (2 polys, 6 verts) '9 - Default'
				Schraube77 (2 polys, 6 verts) '9 - Default'
				GyroWheel (68 polys, 204 verts) '7 - Default'
					CourseArrow (6 polys, 18 verts) '13 - Default'
					BearingMarker (6 polys, 18 verts) '13 - Default'
			MK5Gunsight (186 polys, 558 verts) '11 - Default'
				Gunsight_Glass_Mount (32 polys, 96 verts) '11 - Default'
					Gunsight_Glass (68 polys, 204 verts) '18 - Default'
				GunsightCabeling (178 polys, 534 verts) '10 - Default'
			Knop (40 polys, 120 verts) '10 - Default'
			Knop01 (40 polys, 120 verts) '10 - Default'
			Knop02 (40 polys, 120 verts) '10 - Default'
			Knop03 (40 polys, 120 verts) '10 - Default'
			Knop04 (40 polys, 120 verts) '10 - Default'
			Knop05 (40 polys, 120 verts) '10 - Default'
			Fassung02 (40 polys, 120 verts) '10 - Default'
			Fassung03 (40 polys, 120 verts) '10 - Default'
			Fassung04 (40 polys, 120 verts) '10 - Default'
			Fassung05 (40 polys, 120 verts) '10 - Default'
			Fassung06 (40 polys, 120 verts) '10 - Default'
			Fassung07 (40 polys, 120 verts) '10 - Default'
			Fassung08 (40 polys, 120 verts) '10 - Default'
			SalvoSelector (60 polys, 180 verts) '10 - Default'
			Ignition_Switch (68 polys, 204 verts) '10 - Default'
			Selector (50 polys, 150 verts) '10 - Default'
			Needlecenter (40 polys, 120 verts) '10 - Default'
			Slipball (48 polys, 144 verts) '13 - Default'
			Needlecenter01 (40 polys, 120 verts) '10 - Default'
			Needlecenter02 (40 polys, 120 verts) '10 - Default'
			Needlecenter03 (40 polys, 120 verts) '10 - Default'
			Needlecenter04 (40 polys, 120 verts) '10 - Default'
			Needlecenter05 (40 polys, 120 verts) '10 - Default'
			Needlecenter06 (40 polys, 120 verts) '10 - Default'
			Needlecenter07 (40 polys, 120 verts) '10 - Default'
			Engine_Fire_Light (44 polys, 132 verts) '10 - Default'
			Gear_Caution_Light (44 polys, 132 verts) '10 - Default'
			Master_Caution_Light (44 polys, 132 verts) '10 - Default'
			RADARBOX (12 polys, 36 verts) '5 - Default'
				RadarOkkular (124 polys, 372 verts) '5 - Default'
					Screen (16 polys, 48 verts) '19 - Default'
			Knop38 (40 polys, 120 verts) '5 - Default'
			Knop39 (40 polys, 120 verts) '5 - Default'
			Needlecenter08 (40 polys, 120 verts) '10 - Default'
		LSideBox (48 polys, 144 verts) '1 - Default'
			LSidePanel (12 polys, 36 verts) '10 - Default'
				GearBox (12 polys, 36 verts) '10 - Default'
				Throtbox (24 polys, 72 verts) '10 - Default'
				GearWarningBox (12 polys, 36 verts) '10 - Default'
					Fassung09 (40 polys, 120 verts) '10 - Default'
				Gear (90 polys, 270 verts) '7 - Default'
					Gear_Light (6 polys, 18 verts) '10 - Default'
					Needle_Flaps (6 polys, 18 verts) '13 - Default'
				Selector07 (50 polys, 150 verts) '10 - Default'
				Selector08 (50 polys, 150 verts) '10 - Default'
		PanelCover (80 polys, 240 verts) '1 - Default'
			RPolster (216 polys, 648 verts) '11 - Default'
			LPolster (216 polys, 648 verts) '11 - Default'
			RSwichBox (43 polys, 129 verts) '10 - Default'
				Box08 (12 polys, 36 verts) '10 - Default'
				Box07 (12 polys, 36 verts) '10 - Default'
				Box06 (12 polys, 36 verts) '10 - Default'
				Cylinder02 (20 polys, 60 verts) '10 - Default'
				Cylinder03 (20 polys, 60 verts) '10 - Default'
				Cylinder04 (20 polys, 60 verts) '10 - Default'
				Cylinder14 (36 polys, 108 verts) '10 - Default'
				Cylinder15 (36 polys, 108 verts) '10 - Default'
				Cylinder16 (36 polys, 108 verts) '10 - Default'
				Cylinder17 (36 polys, 108 verts) '10 - Default'
				Cylinder20 (20 polys, 60 verts) '10 - Default'
				Cylinder21 (20 polys, 60 verts) '10 - Default'
				Cylinder22 (20 polys, 60 verts) '10 - Default'
				Cylinder25 (20 polys, 60 verts) '10 - Default'
				Cylinder26 (20 polys, 60 verts) '10 - Default'
				Cylinder27 (20 polys, 60 verts) '10 - Default'
				Box12 (12 polys, 36 verts) '10 - Default'
				Cylinder28 (20 polys, 60 verts) '10 - Default'
				Box13 (12 polys, 36 verts) '10 - Default'
				Cylinder29 (20 polys, 60 verts) '10 - Default'
				Box14 (12 polys, 36 verts) '10 - Default'
				Cylinder30 (20 polys, 60 verts) '10 - Default'
				Cylinder31 (20 polys, 60 verts) '10 - Default'
				Cylinder32 (20 polys, 60 verts) '10 - Default'
				CenterL_Wep (50 polys, 150 verts) '10 - Default'
				Port_Wing_wep (50 polys, 150 verts) '10 - Default'
				STBD_Wing_Wep (50 polys, 150 verts) '10 - Default'
			LSwitchBox (37 polys, 111 verts) '10 - Default'
				Box01 (12 polys, 36 verts) '10 - Default'
				Box03 (12 polys, 36 verts) '10 - Default'
				Box02 (12 polys, 36 verts) '10 - Default'
				Box04 (12 polys, 36 verts) '10 - Default'
				Box05 (12 polys, 36 verts) '10 - Default'
				Cylinder05 (20 polys, 60 verts) '10 - Default'
				Cylinder06 (20 polys, 60 verts) '10 - Default'
				Cylinder07 (20 polys, 60 verts) '10 - Default'
				Cylinder08 (20 polys, 60 verts) '10 - Default'
				Cylinder09 (20 polys, 60 verts) '10 - Default'
				Cylinder13 (36 polys, 108 verts) '10 - Default'
				Cylinder12 (36 polys, 108 verts) '10 - Default'
				Cylinder11 (36 polys, 108 verts) '10 - Default'
				Cylinder10 (36 polys, 108 verts) '10 - Default'
				Cylinder23 (20 polys, 60 verts) '10 - Default'
				Box10 (12 polys, 36 verts) '10 - Default'
				Cylinder24 (20 polys, 60 verts) '10 - Default'
				Box11 (12 polys, 36 verts) '10 - Default'
				Selector04 (50 polys, 150 verts) '10 - Default'
				Selector02 (50 polys, 150 verts) '10 - Default'
				Selector03 (50 polys, 150 verts) '10 - Default'
				GunSelector (50 polys, 150 verts) '10 - Default'
				GunSelector01 (50 polys, 150 verts) '10 - Default'
				Cylinder42 (20 polys, 60 verts) '10 - Default'
				GunSelector02 (50 polys, 150 verts) '10 - Default'
				Box17 (12 polys, 36 verts) '10 - Default'
				Cylinder43 (20 polys, 60 verts) '10 - Default'
				GunSelector03 (50 polys, 150 verts) '10 - Default'
				Box18 (12 polys, 36 verts) '10 - Default'
				GunSelector04 (50 polys, 150 verts) '10 - Default'
				Cylinder44 (20 polys, 60 verts) '10 - Default'
				GunSelector05 (50 polys, 150 verts) '10 - Default'
				Cylinder45 (20 polys, 60 verts) '10 - Default'
			Gunsightholder (160 polys, 480 verts) '10 - Default'
			GunsightHolderBox (12 polys, 36 verts) '5 - Default'
			RSwichBox01 (43 polys, 129 verts) '10 - Default'
		RSideBox (54 polys, 162 verts) '1 - Default'
			RSidePanel (8 polys, 24 verts) '10 - Default'
				HookBox01 (12 polys, 36 verts) '10 - Default'
				PowerSwitchSign (72 polys, 216 verts) '12 - Default'
				Comms (12 polys, 36 verts) '12 - Default'
					Cylinder33 (20 polys, 60 verts) '10 - Default'
					Selector09 (50 polys, 150 verts) '10 - Default'
					Selector24 (50 polys, 150 verts) '10 - Default'
					Cylinder37 (20 polys, 60 verts) '10 - Default'
					Selector21 (50 polys, 150 verts) '10 - Default'
					Selector22 (50 polys, 150 verts) '10 - Default'
					Selector25 (50 polys, 150 verts) '10 - Default'
					Selector26 (50 polys, 150 verts) '10 - Default'
					Selector27 (50 polys, 150 verts) '10 - Default'
					Selector28 (50 polys, 150 verts) '10 - Default'
					Cylinder41 (20 polys, 60 verts) '10 - Default'
					Cylinder40 (20 polys, 60 verts) '10 - Default'
					Cylinder39 (20 polys, 60 verts) '10 - Default'
					Cylinder38 (20 polys, 60 verts) '10 - Default'
					Selector23 (50 polys, 150 verts) '10 - Default'
					Cylinder36 (20 polys, 60 verts) '10 - Default'
					Cylinder34 (20 polys, 60 verts) '10 - Default'
					Cylinder35 (20 polys, 60 verts) '10 - Default'
				Commswitch (12 polys, 36 verts) '12 - Default'
				Selector20 (50 polys, 150 verts) '10 - Default'
				Selector05 (50 polys, 150 verts) '10 - Default'
				Selector06 (50 polys, 150 verts) '10 - Default'
				Needle_01 (6 polys, 18 verts) '13 - Default'
				Needle_02 (6 polys, 18 verts) '13 - Default'
			Circuit_Breaker_Panel (12 polys, 36 verts) '12 - Default'
				Knop09 (40 polys, 120 verts) '10 - Default'
				Knop06 (40 polys, 120 verts) '10 - Default'
				Knop07 (40 polys, 120 verts) '10 - Default'
				Knop08 (40 polys, 120 verts) '10 - Default'
				Knop10 (40 polys, 120 verts) '10 - Default'
				Knop11 (40 polys, 120 verts) '10 - Default'
				Knop12 (40 polys, 120 verts) '10 - Default'
				Knop13 (40 polys, 120 verts) '10 - Default'
				Knop14 (40 polys, 120 verts) '10 - Default'
				Knop15 (40 polys, 120 verts) '10 - Default'
				Knop16 (40 polys, 120 verts) '10 - Default'
				Knop17 (40 polys, 120 verts) '10 - Default'
				Knop18 (40 polys, 120 verts) '10 - Default'
				Knop19 (40 polys, 120 verts) '10 - Default'
				Knop20 (40 polys, 120 verts) '10 - Default'
				Knop21 (40 polys, 120 verts) '10 - Default'
				Knop22 (40 polys, 120 verts) '10 - Default'
				Knop23 (40 polys, 120 verts) '10 - Default'
				Knop24 (40 polys, 120 verts) '10 - Default'
				Knop25 (40 polys, 120 verts) '10 - Default'
				Knop26 (40 polys, 120 verts) '10 - Default'
				Knop27 (40 polys, 120 verts) '10 - Default'
				Knop28 (40 polys, 120 verts) '10 - Default'
				Knop29 (40 polys, 120 verts) '10 - Default'
				Knop30 (40 polys, 120 verts) '10 - Default'
				Knop31 (40 polys, 120 verts) '10 - Default'
				Knop32 (40 polys, 120 verts) '10 - Default'
				Knop33 (40 polys, 120 verts) '10 - Default'
				Knop34 (40 polys, 120 verts) '10 - Default'
				Knop35 (40 polys, 120 verts) '10 - Default'
				Knop36 (40 polys, 120 verts) '10 - Default'
				Knop37 (40 polys, 120 verts) '10 - Default'
		Hull (144 polys, 432 verts) '1 - Default'
			HullStrut (12 polys, 36 verts) '1 - Default'
			HullStrut01 (12 polys, 36 verts) '1 - Default'
			LPedal (88 polys, 264 verts) '1 - Default'
				Ped (20 polys, 60 verts) '1 - Default'
			LPedal01 (88 polys, 264 verts) '1 - Default'
				Ped01 (20 polys, 60 verts) '1 - Default'
			Box15 (20 polys, 60 verts) '1 - Default'
			Box16 (20 polys, 60 verts) '1 - Default'
			LandingGearLever (80 polys, 240 verts) '10 - Default'
			MixtureSwitch (32 polys, 96 verts) '10 - Default'
			OilCoolerSwitch (80 polys, 240 verts) '10 - Default'
			Supercharger (80 polys, 240 verts) '10 - Default'
			Switchcover (44 polys, 132 verts) '10 - Default'
			Throttle (124 polys, 372 verts) '10 - Default'
			FrictionAdjustment (68 polys, 204 verts) '10 - Default'
			RearWall (92 polys, 276 verts) '14 - Default'
				Sign10 (72 polys, 216 verts) '10 - Default'
				Sign11 (72 polys, 216 verts) '10 - Default'
			Lamp (98 polys, 294 verts) '5 - Default'
			LampCable (108 polys, 324 verts) '10 - Default'
			Lampenschraube (36 polys, 108 verts) '9 - Default'
			Lamp01 (98 polys, 294 verts) '5 - Default'
			LampCable01 (108 polys, 324 verts) '10 - Default'
			Lampenschraube01 (36 polys, 108 verts) '9 - Default'
		Leftleg (216 polys, 648 verts) '16 - Default'
		rightleg (216 polys, 648 verts) '16 - Default'
		HookLever (84 polys, 252 verts) '10 - Default'
		PitchRollBar (52 polys, 156 verts) '3 - Default'
		alt_dig1 (40 polys, 120 verts) '6 - Default'


Total:    (12191 polys, 36573 verts)
Mesh Max: (332 polys, 996 verts)
