	Cockpit_Vi (79 polys, 237 verts) '02 - Default'
		Cockpit_Se (27 polys, 81 verts) 'Default'
		CockpitBac (40 polys, 120 verts) '02 - Default'
		CockpitDoo (6 polys, 18 verts) '02 - Default'
		WindShield (27 polys, 81 verts) '01 - Default'
			ArmouredSh (146 polys, 438 verts) '01 - Default'
				Cylinder03 (60 polys, 180 verts) '02 - Default'
				Cylinder04 (60 polys, 180 verts) '02 - Default'
				Frontwindow (4 polys, 12 verts) '22 - Default'
			Mirrorbox (78 polys, 234 verts) '01 - Default'
				Mirror (4 polys, 12 verts) '18 - Default'
			Frontwindow (72 polys, 216 verts) '21 - Default'
		Panel (11 polys, 33 verts) '01 - Default'
			Boost (72 polys, 216 verts) '01 - Default'
			RPM (72 polys, 216 verts) '01 - Default'
			CenterPanel (10 polys, 30 verts) '01 - Default'
				ADIRing (460 polys, 1380 verts) '01 - Default'
					PitchRollBar (72 polys, 216 verts) '05 - Default'
					Position01 (12 polys, 36 verts) '13 - Default'
					Position (12 polys, 36 verts) '13 - Default'
				needAlt100 (12 polys, 36 verts) '13 - Default'
				needAlt1000 (12 polys, 36 verts) '13 - Default'
				needleslip (12 polys, 36 verts) '13 - Default'
				needlespeed (12 polys, 36 verts) '13 - Default'
				needleVASI (12 polys, 36 verts) '13 - Default'
				needTurn (12 polys, 36 verts) '13 - Default'
				needleOxy1 (12 polys, 36 verts) '13 - Default'
			RAD (72 polys, 216 verts) '03 - Default'
			OIL (72 polys, 216 verts) '01 - Default'
			Fuel (72 polys, 216 verts) '03 - Default'
			oxy02 (72 polys, 216 verts) '01 - Default'
			NosePos (72 polys, 216 verts) '03 - Default'
			Oxy01 (72 polys, 216 verts) '03 - Default'
			InstrumentX (72 polys, 216 verts) '03 - Default'
			Oil (12 polys, 36 verts) '01 - Default'
			Gearbox (12 polys, 36 verts) '01 - Default'
				GearUp (2 polys, 6 verts) '01 - Default'
				GearDown (2 polys, 6 verts) '01 - Default'
			Cylinder01 (32 polys, 96 verts) '03 - Default'
			Cylinder02 (32 polys, 96 verts) '03 - Default'
			FlapSwHold (132 polys, 396 verts) '02 - Default'
			AC (12 polys, 36 verts) '03 - Default'
			Textbox01 (12 polys, 36 verts) '02 - Default'
			PanelNuts (64 polys, 192 verts) '02 - Default'
			PanelNuts01 (64 polys, 192 verts) '02 - Default'
			Clock (72 polys, 216 verts) '03 - Default'
			Textbox02 (12 polys, 36 verts) '02 - Default'
			Switchbox2 (12 polys, 36 verts) '02 - Default'
			Switchbox1 (12 polys, 36 verts) '03 - Default'
			Textbox02 (12 polys, 36 verts) '03 - Default'
			Boost (12 polys, 36 verts) '03 - Default'
			Box11 (12 polys, 36 verts) '03 - Default'
			Cylinder07 (32 polys, 96 verts) '02 - Default'
			PIC (72 polys, 216 verts) '19 - Default'
			Cylinder06 (48 polys, 144 verts) '24 - Default'
			Flapswitch (60 polys, 180 verts) '02 - Default'
			Schraube (72 polys, 216 verts) '01 - Default'
			Schraube01 (72 polys, 216 verts) '01 - Default'
			Schraube02 (72 polys, 216 verts) '01 - Default'
			Schraube03 (72 polys, 216 verts) '01 - Default'
			Schraube04 (72 polys, 216 verts) '01 - Default'
			Schraube05 (72 polys, 216 verts) '01 - Default'
			Schraube06 (72 polys, 216 verts) '01 - Default'
			Schraube07 (72 polys, 216 verts) '01 - Default'
			Schraube08 (72 polys, 216 verts) '01 - Default'
			Schraube09 (72 polys, 216 verts) '01 - Default'
			Schraube10 (72 polys, 216 verts) '01 - Default'
			Schraube11 (72 polys, 216 verts) '01 - Default'
			Schraube12 (72 polys, 216 verts) '01 - Default'
			Schraube13 (72 polys, 216 verts) '01 - Default'
			Schraube14 (72 polys, 216 verts) '01 - Default'
			Schraube15 (72 polys, 216 verts) '01 - Default'
			Schraube16 (72 polys, 216 verts) '01 - Default'
			Schraube17 (72 polys, 216 verts) '01 - Default'
			Schraube18 (72 polys, 216 verts) '01 - Default'
			Schraube19 (72 polys, 216 verts) '01 - Default'
			Schraube20 (72 polys, 216 verts) '01 - Default'
			Schraube21 (72 polys, 216 verts) '01 - Default'
			Schraube22 (72 polys, 216 verts) '01 - Default'
			Schraube23 (72 polys, 216 verts) '01 - Default'
			Schraube24 (72 polys, 216 verts) '01 - Default'
			Schraube25 (72 polys, 216 verts) '01 - Default'
			Schraube26 (72 polys, 216 verts) '01 - Default'
			Schraube27 (72 polys, 216 verts) '01 - Default'
			Schraube28 (72 polys, 216 verts) '01 - Default'
			Schraube29 (72 polys, 216 verts) '01 - Default'
			Schraube30 (72 polys, 216 verts) '01 - Default'
			Schraube31 (72 polys, 216 verts) '01 - Default'
			Schraube32 (72 polys, 216 verts) '01 - Default'
			Schraube33 (72 polys, 216 verts) '01 - Default'
			MagCompass (72 polys, 216 verts) '06 - Default'
			needleminute (12 polys, 36 verts) '13 - Default'
			needlesecond (12 polys, 36 verts) '13 - Default'
			needleHour (12 polys, 36 verts) '13 - Default'
			needleNosePos (12 polys, 36 verts) '13 - Default'
			needlex1 (12 polys, 36 verts) '13 - Default'
			needlex2 (12 polys, 36 verts) '13 - Default'
			needlex3 (12 polys, 36 verts) '13 - Default'
			needleRPM (12 polys, 36 verts) '13 - Default'
			needleV (12 polys, 36 verts) '13 - Default'
			needleBoost (12 polys, 36 verts) '13 - Default'
			needleTemp (12 polys, 36 verts) '13 - Default'
			needleOilTemp (12 polys, 36 verts) '13 - Default'
			needleFuel (12 polys, 36 verts) '13 - Default'
			Cylinder08 (32 polys, 96 verts) '03 - Default'
			Cylinder09 (32 polys, 96 verts) '03 - Default'
			Cylinder10 (48 polys, 144 verts) '24 - Default'
			Cylinder11 (48 polys, 144 verts) '24 - Default'
			Cylinder12 (48 polys, 144 verts) '24 - Default'
			Cylinder13 (48 polys, 144 verts) '24 - Default'
			Cylinder14 (48 polys, 144 verts) '24 - Default'
			Cylinder15 (48 polys, 144 verts) '24 - Default'
			Cylinder16 (48 polys, 144 verts) '13 - Default'
			Cylinder17 (48 polys, 144 verts) '13 - Default'
			Cylinder18 (48 polys, 144 verts) '13 - Default'
			Cylinder19 (48 polys, 144 verts) '24 - Default'
			Cylinder20 (48 polys, 144 verts) '24 - Default'
			Cylinder21 (48 polys, 144 verts) '24 - Default'
			Cylinder22 (48 polys, 144 verts) '24 - Default'
			Cylinder23 (48 polys, 144 verts) '24 - Default'
			Cylinder24 (48 polys, 144 verts) '24 - Default'
			Kippschalter01 (208 polys, 624 verts) '02 - Default'
			Kippschalter02 (208 polys, 624 verts) '02 - Default'
			Kippschalter03 (208 polys, 624 verts) '02 - Default'
		Lower_Panel (178 polys, 534 verts) '02 - Default'
		Gunsighthold (416 polys, 1248 verts) '02 - Default'
			Gunsight (296 polys, 888 verts) '02 - Default'
				Hudglass (12 polys, 36 verts) '21 - Default'
		Sideframe (52 polys, 156 verts) '02 - Default'
		Sideframe01 (52 polys, 156 verts) '02 - Default'
		SideWinFrame (12 polys, 36 verts) '02 - Default'
		SideWinFrame01 (12 polys, 36 verts) '02 - Default'
		FrontFrame (188 polys, 564 verts) '01 - Default'
			Nut (28 polys, 84 verts) '02 - Default'
			Nut01 (28 polys, 84 verts) '02 - Default'
			Nut02 (28 polys, 84 verts) '02 - Default'
			Nut03 (28 polys, 84 verts) '02 - Default'
			Nut04 (28 polys, 84 verts) '02 - Default'
			Nut05 (28 polys, 84 verts) '02 - Default'
			Nut06 (28 polys, 84 verts) '02 - Default'
			Nut07 (28 polys, 84 verts) '02 - Default'
			Nut08 (28 polys, 84 verts) '02 - Default'
			Nut09 (28 polys, 84 verts) '02 - Default'
			Nut10 (28 polys, 84 verts) '02 - Default'
			Nut11 (28 polys, 84 verts) '02 - Default'
			Nut12 (28 polys, 84 verts) '02 - Default'
			Nut13 (28 polys, 84 verts) '02 - Default'
			Nut14 (28 polys, 84 verts) '02 - Default'
			Nut15 (28 polys, 84 verts) '02 - Default'
			Nut16 (28 polys, 84 verts) '02 - Default'
			Nut17 (28 polys, 84 verts) '02 - Default'
			Nut18 (28 polys, 84 verts) '02 - Default'
			Nut19 (28 polys, 84 verts) '02 - Default'
			Nut20 (28 polys, 84 verts) '02 - Default'
			Nut21 (28 polys, 84 verts) '02 - Default'
			Nut22 (28 polys, 84 verts) '02 - Default'
			Nut23 (28 polys, 84 verts) '02 - Default'
			Nut24 (28 polys, 84 verts) '02 - Default'
			Nut25 (28 polys, 84 verts) '02 - Default'
		Hullframe (40 polys, 120 verts) '02 - Default'
		Hullframe01 (40 polys, 120 verts) '02 - Default'
		CanopyFrame (130 polys, 390 verts) '02 - Default'
			CanopyGlass (144 polys, 432 verts) '21 - Default'
		Cylinder05 (31 polys, 93 verts) '20 - Default'
		Gyrohold (52 polys, 156 verts) '02 - Default'
			Gyrocompass (140 polys, 420 verts) '04 - Default'


Total:    (9251 polys, 27753 verts)
Mesh Max: (460 polys, 1380 verts)
