	Floor [16 polys, 24 verts] 'F-16-Pit4 semi Matt'
		HUD_Panel_Base [106 polys, 112 verts] 'F-16-Pit1  Matt'
			Reflection [44 polys, 58 verts] 'F-16-Pit1  Matt'
				INST_PANEL_Light01 [134 polys, 192 verts] 'F-16-Pit3  Matt'
					INST_PANEL_Light01_Bolt [12 polys, 14 verts] 'F-16-Pit3  Matt'
			HUD_Panel [428 polys, 462 verts] 'F-16-Pit1  Matt'
				BT_HUD-01 [46 polys, 52 verts] 'F-16-Pit1 semi Matt'
				BT_HUD-02 [46 polys, 52 verts] 'F-16-Pit1 semi Matt'
				BT_HUD-03 [46 polys, 52 verts] 'F-16-Pit1 semi Matt'
				BT_HUD-04 [46 polys, 52 verts] 'F-16-Pit1  Matt'
				BT_HUD-08 [46 polys, 52 verts] 'F-16-Pit1 semi Matt'
				BT_HUD-05 [46 polys, 52 verts] 'F-16-Pit1 semi Matt'
				BT_HUD-06 [46 polys, 52 verts] 'F-16-Pit1 semi Matt'
				BT_HUD-07 [46 polys, 52 verts] 'F-16-Pit1  Matt'
				BT_HUD-09 [46 polys, 52 verts] 'F-16-Pit1 semi Matt'
				BT_HUD-10 [46 polys, 52 verts] 'F-16-Pit1 semi Matt'
				BT_HUD-11 [46 polys, 52 verts] 'F-16-Pit1  Matt'
				SW_HUD-02 [52 polys, 72 verts] 'F-16-Pit1 semi Matt'
				SW_HUD-01 [52 polys, 72 verts] 'F-16-Pit1 semi Matt'
				HUD_Wheel-04 [896 polys, 1152 verts] 'F-16-Pit1 semi Matt'
				HUD_Wheel-02 [896 polys, 1152 verts] 'F-16-Pit1 semi Matt'
				HUD_Wheel-01 [896 polys, 1152 verts] 'F-16-Pit1 semi Matt'
				HUD_Wheel-03 [896 polys, 1152 verts] 'F-16-Pit1 semi Matt'
				SwitchBase-02 [52 polys, 54 verts] 'F-16-Pit1 semi Matt'
					ADIToggle02 [112 polys, 74 verts] 'F-16-Pit1  high close'
				SwitchBase-01 [52 polys, 54 verts] 'F-16-Pit1 semi Matt'
					ADIToggle01 [112 polys, 74 verts] 'F-16-Pit1  high close'
				BTN_Divider [360 polys, 492 verts] 'F-16-Pit1  Matt'
					BTN_Light [108 polys, 61 verts] 'F-16-Pit1  Matt'
					BTN_Light01 [108 polys, 65 verts] 'F-16-Pit1  Matt'
					BTN_Light02 [108 polys, 61 verts] 'F-16-Pit1  Matt'
				RBT_HUD-01 [70 polys, 72 verts] 'F-16-Pit1 semi Matt'
				RBT_HUD-02 [70 polys, 72 verts] 'F-16-Pit1 semi Matt'
				RBT_HUD-03 [70 polys, 72 verts] 'F-16-Pit1 semi Matt'
				RBT_HUD-04 [70 polys, 72 verts] 'F-16-Pit1 semi Matt'
				RBT_HUD-05 [70 polys, 72 verts] 'F-16-Pit1 semi Matt'
				RBT_HUD-06 [70 polys, 72 verts] 'F-16-Pit1 semi Matt'
				RBT_HUD-07 [70 polys, 72 verts] 'F-16-Pit1 semi Matt'
				HUD_SEL_KNOPP [190 polys, 121 verts] 'F-16-Pit1  Matt'
					HUD_SEL_KNOPP01 [10 polys, 20 verts] 'F-16-Pit1  high close'
				BT_HUD-12 [46 polys, 52 verts] 'F-16-Pit1 semi Matt'
			Screw_Head [90 polys, 55 verts] 'F-16-Pit1  Matt'
			Screw_Head01 [90 polys, 55 verts] 'F-16-Pit1  Matt'
			Screw_Head02 [90 polys, 55 verts] 'F-16-Pit1  Matt'
			Screw_Head03 [90 polys, 55 verts] 'F-16-Pit1  Matt'
			HUD_Braket [384 polys, 490 verts] 'F-16-Pit2  Matt'
				HUD-Block25-32 [10 polys, 12 verts] 'Pit03'
					HUD-Glass_TOP [24 polys, 32 verts] 'F-4e_HUD glass sides'
			Camera_Base [152 polys, 92 verts] 'F-16-Pit3  Matt'
				Camera [70 polys, 74 verts] 'F-16-Pit3  Matt'
					Sensor [28 polys, 30 verts] 'F-16-Pit3 semi Matt'
		Canopy_Frame_Front [1024 polys, 859 verts] 'F-16-Pit4 Matt', AnimationID: 1 
			Canopy_Glass [386 polys, 245 verts] '19 - Default'
			Canopy_Screw [1188 polys, 2012 verts] 'F-16-Pit3  Matt'
			Canopy_Gripp_L [912 polys, 496 verts] 'F-16-Pit4 Matt'
			Canopy_Gripp_R [912 polys, 496 verts] 'F-16-Pit4 Matt'
		Cockpit_Sides [460 polys, 429 verts] 'F-16-Pit2  Matt'
			Landing_Panel [715 polys, 786 verts] 'F-16-Pit1  Matt'
				Landing_Panel01 [58 polys, 66 verts] 'F-16-Pit1  Matt'
				ParkBrake_Base [243 polys, 249 verts] 'F-16-Pit1 semi Matt'
					ParkBrakeSwitch [236 polys, 165 verts] 'F-16-Pit1  high close'
				GndJett_Base [243 polys, 249 verts] 'F-16-Pit1 semi Matt'
					GndJettSwitch [240 polys, 169 verts] 'F-16-Pit1  high close'
				Horn_Btn [426 polys, 320 verts] 'F-16-Pit1 semi Matt'
				Hook_Base [280 polys, 280 verts] 'F-16-Pit1 semi Matt'
					Hook_Switch [145 polys, 158 verts] 'F-16-Pit1 semi Matt'
				BrakeSwitchBase [40 polys, 44 verts] 'F-16-Pit1 semi Matt'
					BrakeSwitch [104 polys, 71 verts] 'F-16-Pit1  high close'
				ConfigSwitchBase [40 polys, 44 verts] 'F-16-Pit1 semi Matt'
					ConfigSwitch [104 polys, 71 verts] 'F-16-Pit1  high close'
				Dzus-01 [154 polys, 115 verts] 'F-16-Pit1  Matt'
				Dzus-02 [162 polys, 118 verts] 'F-16-Pit1  Matt'
				Dzus-03 [154 polys, 115 verts] 'F-16-Pit1  Matt'
				Dzus-04 [154 polys, 115 verts] 'F-16-Pit1  Matt'
				LandingSwitchBase [40 polys, 44 verts] 'F-16-Pit1 semi Matt'
					LandingSwitch [72 polys, 49 verts] 'F-16-Pit1  high close'
						LandingSwitchTop [298 polys, 263 verts] 'F-16-Pit1 semi Matt'
				EmerJett_Btn [456 polys, 337 verts] 'F-16-Pit1  Matt'
				LockRel_Btn [426 polys, 318 verts] 'F-16-Pit1 semi Matt'
				LL-Nose_Base [262 polys, 216 verts] 'F-16-Pit1  Matt'
					LL-Light_Nose [22 polys, 24 verts] 'Light'
				LL-Left_Base01 [262 polys, 216 verts] 'F-16-Pit1  Matt'
					LL-Light_Left [22 polys, 24 verts] 'Light'
				LL-Left_Base02 [262 polys, 216 verts] 'F-16-Pit1  Matt'
					LL-Light_Right [22 polys, 24 verts] 'Light'
				SpeedBrake_Indicator [47 polys, 58 verts] 'F-16-Pit1  Matt'
					Brake_Closed [2 polys, 4 verts] 'Flags'
					Brake_Open [2 polys, 4 verts] 'Flags'
					AirBrake_Glas [2 polys, 4 verts] 'Material #0'
				AltGear_Handle_Base [42 polys, 46 verts] 'F-16-Pit1  Matt'
					AltGear_Handle [210 polys, 184 verts] 'F-16-Pit1  Matt'
						AltGear_Handle01 [218 polys, 149 verts] 'F-16-Pit1  Matt'
						AltGear_Handle02 [212 polys, 146 verts] 'F-16-Pit1  Matt'
				Gear_Handle [480 polys, 410 verts] 'F-16-Pit1  Matt'
					Gear_Handle-Top [124 polys, 110 verts] 'F-16-Pit1  Matt'
						Gear_Handle-Wheel [1219 polys, 680 verts] 'F-16-Pit1 semi Matt'
							WheelLight [1219 polys, 680 verts] 'Light'
				Cover_Ring [336 polys, 192 verts] 'F-16-Pit1  Matt'
					EmerJett_Btn_Cover [10 polys, 12 verts] '19 - Default'
				Chaff_Flare_Panel [667 polys, 682 verts] 'F-16-Pit3  Matt'
					Chaff_Flare_Panel01 [6 polys, 12 verts] 'F-16-Pit3  Matt'
					Flare_Dig2 [20 polys, 22 verts] 'Light'
					Flare_Dig3 [20 polys, 22 verts] 'Light'
					Flare_Dig1 [20 polys, 22 verts] 'Light'
					CMDS_Glass [2 polys, 4 verts] 'Material #0'
					Chaff_Dig3 [20 polys, 22 verts] 'Light'
					Chaff_Dig1 [20 polys, 22 verts] 'Light'
					Chaff_Dig2 [20 polys, 22 verts] 'Light'
					Dzus-09 [154 polys, 115 verts] 'F-16-Pit1  Matt'
					Dzus-10 [154 polys, 115 verts] 'F-16-Pit1  Matt'
					Dzus-11 [154 polys, 115 verts] 'F-16-Pit1  Matt'
					Dzus-12 [154 polys, 115 verts] 'F-16-Pit1  Matt'
					Dzus-13 [154 polys, 115 verts] 'F-16-Pit1  Matt'
					Dzus-41 [154 polys, 115 verts] 'F-16-Pit1  Matt'
					Dzus-42 [154 polys, 115 verts] 'F-16-Pit1  Matt'
					Dzus-43 [154 polys, 115 verts] 'F-16-Pit1  Matt'
					EW_Base05 [243 polys, 249 verts] 'F-16-Pit1 semi Matt'
						EW_Switch05 [164 polys, 129 verts] 'F-16-Pit1  high close'
					EW_Base [243 polys, 249 verts] 'F-16-Pit1 semi Matt'
						EW_Switch [204 polys, 143 verts] 'F-16-Pit1  high close'
					EW_Base06 [243 polys, 249 verts] 'F-16-Pit1 semi Matt'
						EW_Switch01 [204 polys, 143 verts] 'F-16-Pit1  high close'
					EW_Base07 [243 polys, 249 verts] 'F-16-Pit1 semi Matt'
						EW_Switch02 [204 polys, 143 verts] 'F-16-Pit1  high close'
					EW_Base08 [243 polys, 249 verts] 'F-16-Pit1 semi Matt'
						EW_Switch03 [204 polys, 143 verts] 'F-16-Pit1  high close'
					EM_Knopp [152 polys, 160 verts] 'F-16-Pit1  Matt'
					ChamferBox01 [36 polys, 40 verts] 'F-16-Pit3 semi Matt'
					ChamferBox02 [36 polys, 40 verts] 'F-16-Pit3 semi Matt'
					ChamferBox08 [34 polys, 38 verts] 'F-16-Pit3 semi Matt'
					ChamferBox09 [34 polys, 38 verts] 'F-16-Pit3 semi Matt'
					ChamferBox11 [38 polys, 56 verts] 'F-16-Pit3 semi Matt'
					ChamferBox10 [34 polys, 38 verts] 'F-16-Pit3 semi Matt'
					EW_Display [14 polys, 16 verts] 'DED'
					AVTR_Knopp01 [383 polys, 246 verts] 'F-16-Pit1  Matt'
					JMR_ON [2 polys, 4 verts] 'Light'
				HMD_Panel [108 polys, 118 verts] 'F-16-Pit4 Matt'
					HMD_Panel01 [4 polys, 8 verts] 'F-16-Pit3  Matt'
					DMD_Switch_Base [243 polys, 249 verts] 'F-16-Pit1 semi Matt'
						HMD_Switch [212 polys, 153 verts] 'F-16-Pit1  high close'
					Dzus-14 [150 polys, 113 verts] 'F-16-Pit1  Matt'
					Dzus-16 [150 polys, 113 verts] 'F-16-Pit1  Matt'
					HMD_Knopp03 [433 polys, 285 verts] 'F-16-Pit1 semi Matt'
					HMD_Knopp02 [277 polys, 283 verts] 'F-16-Pit1 semi Matt'
					HMD_Knopp01 [313 polys, 261 verts] 'F-16-Pit1 semi Matt'
				AUX-Thread_Panel_US [8 polys, 16 verts] 'F-16-Pit1  Matt'
					RWR_Power_BTN [44 polys, 56 verts] 'F-16-Pit1  Matt'
					RWR_Altitude_BTN [44 polys, 56 verts] 'F-16-Pit1  Matt'
					RWR_Search_BTN [44 polys, 56 verts] 'F-16-Pit1  Matt'
					RWR_ACT-PWR_BTN [44 polys, 56 verts] 'F-16-Pit1  Matt'
					RWR_ACT-PWR_BTN01 [44 polys, 56 verts] 'F-16-Pit1  Matt'
						ECM-ActPwr_Light01 [8 polys, 10 verts] 'Light'
					RWR_Search_BTN01 [44 polys, 56 verts] 'F-16-Pit1  Matt'
						ECM-Search_light01 [8 polys, 10 verts] 'Light'
			Compass_Base [68 polys, 75 verts] 'F-16-Pit3  Matt'
				Compass_Front [190 polys, 204 verts] 'F-16-Pit3  Matt'
					Compass_Needle [2 polys, 4 verts] 'ADI'
					Compass_Glass [2 polys, 4 verts] 'Material #0'
					Compass [72 polys, 74 verts] 'ADI'
			Caution_Panel [126 polys, 146 verts] 'F-16-Pit3  Matt'
				Caution_Panel01 [1472 polys, 1600 verts] 'F-16-Pit2  Matt'
					Hook_Light [18 polys, 20 verts] 'Light'
					ELEC_SYS_Light [18 polys, 20 verts] 'Light'
					FLT-SYS_Light [18 polys, 20 verts] 'Light'
					Fuel-Low_Light [36 polys, 40 verts] 'Light'
					Nuce_Light [18 polys, 20 verts] 'Light'
					Overheat_Light [18 polys, 20 verts] 'Light'
					ENG_FLT_Light [18 polys, 20 verts] 'Light'
					ENG_FLT_Light_Fire [18 polys, 20 verts] 'Light'
			HYD_Press_Panel [91 polys, 101 verts] 'F-16-Pit3  Matt'
			Gauge_OXY [656 polys, 472 verts] 'Gauges'
				OXY_Needle [221 polys, 153 verts] 'Gauges'
				OXY_Glass [16 polys, 18 verts] 'Material #0'
			Gauge_EPU [654 polys, 470 verts] 'Gauges'
				EPU_Needle [221 polys, 153 verts] 'Gauges'
				EPU_Glass [16 polys, 18 verts] 'Material #0'
			Clock [192 polys, 220 verts] 'F-16-Pit3  Matt'
				Clock_Button02 [150 polys, 104 verts] 'F-16-Pit3  Matt'
				Clock_Button01 [150 polys, 104 verts] 'F-16-Pit3  Matt'
				Clock_Inner [938 polys, 756 verts] 'Gauges'
					Clock_Glass [16 polys, 18 verts] 'Material #0'
					Needle_Hour [14 polys, 18 verts] 'Gauges'
					Needle_Minute [14 polys, 18 verts] 'Gauges'
					Needle_Second [28 polys, 36 verts] 'Gauges'
			SNSR_Panel [335 polys, 352 verts] 'F-16-Pit3  Matt'
				SNSR_Base02 [238 polys, 244 verts] 'F-16-Pit1 semi Matt'
					SNSR_Switch02 [238 polys, 164 verts] 'F-16-Pit1  high close'
				SNSR_Base01 [238 polys, 244 verts] 'F-16-Pit1 semi Matt'
					SNSR_Switch01 [238 polys, 164 verts] 'F-16-Pit1  high close'
				SNSR_Base03 [238 polys, 244 verts] 'F-16-Pit1 semi Matt'
					SNSR_Switch03 [238 polys, 164 verts] 'F-16-Pit1  high close'
				SNSR_Base04 [238 polys, 244 verts] 'F-16-Pit1 semi Matt'
					SNSR_Switch04 [238 polys, 164 verts] 'F-16-Pit1  high close'
				Dzus-20 [164 polys, 124 verts] 'F-16-Pit1  Matt'
				Dzus-15 [154 polys, 116 verts] 'F-16-Pit1  Matt'
				LowerSNSR_Panel [4 polys, 8 verts] 'F-16-Pit3  Matt'
				Dzus-05 [164 polys, 124 verts] 'F-16-Pit1  Matt'
				Dzus-08 [164 polys, 124 verts] 'F-16-Pit1  Matt'
				Dzus-17 [164 polys, 124 verts] 'F-16-Pit1  Matt'
				Dzus-06 [154 polys, 116 verts] 'F-16-Pit1  Matt'
				Dzus-07 [154 polys, 116 verts] 'F-16-Pit1  Matt'
			Nuce_Panel [30 polys, 44 verts] 'F-16-Pit3  Matt'
				Nuce_Panel01 [6 polys, 12 verts] 'F-16-Pit3  Matt'
				Dzus-23 [152 polys, 114 verts] 'F-16-Pit1  Matt'
				Dzus-24 [152 polys, 114 verts] 'F-16-Pit1  Matt'
				Nuce_Safety01 [58 polys, 75 verts] 'F-16-Pit1 semi Matt'
					Nuce_Savety [254 polys, 325 verts] 'F-16-Pit1 semi Matt'
					Nuce_Base01 [40 polys, 44 verts] 'F-16-Pit1 semi Matt'
						Nuce_Switch [112 polys, 74 verts] 'F-16-Pit1  high close'
				Nuce_Panel02 [6 polys, 12 verts] 'F-16-Pit3  Matt'
			Man_Pitch_Panel [125 polys, 141 verts] 'F-16-Pit3  Matt'
				Man_Pitch_Panel01 [2 polys, 4 verts] 'F-16-Pit3  Matt'
				Pitch_Base [38 polys, 42 verts] 'F-16-Pit1 semi Matt'
					Pitch_Switch [104 polys, 71 verts] 'F-16-Pit1  high close'
				Dzus-36 [150 polys, 113 verts] 'F-16-Pit1  Matt'
				Dzus-37 [152 polys, 114 verts] 'F-16-Pit1  Matt'
				Dzus-38 [150 polys, 113 verts] 'F-16-Pit1  Matt'
				Dzus-39 [152 polys, 114 verts] 'F-16-Pit1  Matt'
				Ring01 [226 polys, 139 verts] 'F-16-Pit3 semi Matt'
				Ring02 [226 polys, 139 verts] 'F-16-Pit3 semi Matt'
			ENG_Start_Panel [301 polys, 329 verts] 'F-16-Pit3  Matt'
				ENG_Start_Panel01 [6 polys, 12 verts] 'F-16-Pit3  Matt'
				Run_Light_Base [276 polys, 177 verts] 'F-16-Pit3  Matt'
				ENG_Base01 [280 polys, 280 verts] 'F-16-Pit1 semi Matt'
					ENG_Switch01 [328 polys, 211 verts] 'F-16-Pit1  high close'
				Safety_Bottom02 [58 polys, 75 verts] 'F-16-Pit1 semi Matt'
					ENG_Base04 [36 polys, 40 verts] 'F-16-Pit1 semi Matt'
						ENG_Switch04 [104 polys, 71 verts] 'F-16-Pit1  high close'
					Savety_Top02 [186 polys, 253 verts] 'F-16-Pit1 semi Matt'
				Dzus-35 [150 polys, 113 verts] 'F-16-Pit1  Matt'
				Dzus-34 [150 polys, 113 verts] 'F-16-Pit1  Matt'
			UHF_Panel [88 polys, 122 verts] 'F-16-Pit3  Matt'
				UHF_Panel01 [6 polys, 12 verts] 'F-16-Pit3  Matt'
				UHF_Top [874 polys, 603 verts] 'F-16-Pit3  Matt'
					UHF_Knopp04 [270 polys, 179 verts] 'F-16-Pit1  Matt'
					UHF_Knopp02 [302 polys, 201 verts] 'F-16-Pit1  Matt'
					UHF_Knopp05 [284 polys, 191 verts] 'F-16-Pit1  Matt'
					UHF_Knopp03 [286 polys, 188 verts] 'F-16-Pit1  Matt'
					UHF_Knopp06 [280 polys, 187 verts] 'F-16-Pit1  Matt'
					UHF_Button01 [160 polys, 172 verts] 'F-16-Pit1  Matt'
					UHF_Knopp09 [214 polys, 150 verts] 'F-16-Pit1  Matt'
				Dzus-26 [150 polys, 113 verts] 'F-16-Pit1  Matt'
				Dzus-27 [150 polys, 117 verts] 'F-16-Pit1  Matt'
				Dzus-28 [164 polys, 124 verts] 'F-16-Pit1  Matt'
				Dzus-29 [164 polys, 124 verts] 'F-16-Pit1  Matt'
				Dzus-30 [150 polys, 113 verts] 'F-16-Pit1  Matt'
				Dzus-31 [150 polys, 113 verts] 'F-16-Pit1  Matt'
				UHF_Knopp01 [150 polys, 132 verts] 'F-16-Pit1  Matt'
				UHF_Knopp08 [231 polys, 194 verts] 'F-16-Pit1  Matt'
				UHF_Button [28 polys, 32 verts] 'F-16-Pit1 semi Matt'
				Freq_Card [2 polys, 4 verts] 'F-16-Pit4 Matt'
			UHF_Panel03 [54 polys, 66 verts] 'F-16-Pit3  Matt'
				UHF_Panel02 [6 polys, 12 verts] 'F-16-Pit3  Matt'
				Dzus-33 [150 polys, 113 verts] 'F-16-Pit1  Matt'
			Cabin_Press_Gauge [164 polys, 170 verts] 'F-16-Pit3  Matt'
				Cabin_Press_Needle [223 polys, 155 verts] 'Gauges'
				Cabin_Press_Glass [16 polys, 18 verts] 'Material #0'
				Cabin_Press_Scale [46 polys, 48 verts] 'Gauges'
			Gauge_Fuel [652 polys, 466 verts] 'Gauges'
				Needle_FR [7 polys, 10 verts] 'Gauges'
				Needle_AL [6 polys, 9 verts] 'Gauges'
				Gauge_Fuel_Glass [16 polys, 18 verts] 'Material #0'
				TF_dig2 [36 polys, 42 verts] 'ADI'
				TF_dig3 [36 polys, 42 verts] 'ADI'
				TF_dig4 [36 polys, 42 verts] 'ADI'
				TF_dig5 [36 polys, 42 verts] 'ADI'
				TF_dig1 [36 polys, 42 verts] 'ADI'
				Gauge_Fuel_Center [52 polys, 54 verts] 'Gauges'
			Screw_Head04 [32 polys, 36 verts] 'F-16-Pit2  Matt'
			Screw_Head05 [32 polys, 36 verts] 'F-16-Pit2  Matt'
			Screw_Head06 [32 polys, 36 verts] 'F-16-Pit2  Matt'
			Stick_Base [27 polys, 43 verts] 'F-16-Pit4 Matt'
				Stick_Base01 [62 polys, 66 verts] 'F-16-Pit4 Matt'
					Stick_Pitch [12 polys, 24 verts] 'ERROR: No material is assigned!'
						Stick_Roll [768 polys, 593 verts] 'F-16-Pit4 Matt'
							Stick_Metall [118 polys, 124 verts] 'F-16-Pit4 semi Matt'
							Stick_Btn02_Base [68 polys, 72 verts] 'F-16-Pit4 semi Matt'
								Stick_Btn02 [78 polys, 94 verts] 'F-16-Pit4 Matt'
							Stick_Btn01 [270 polys, 258 verts] 'F-16-Pit4 Matt'
							Swivel_Head_Base [132 polys, 91 verts] 'F-16-Pit4 Matt'
								Swivel_Head [2040 polys, 1033 verts] 'F-16-Pit4 Matt'
							Stick_Btn03 [148 polys, 186 verts] 'F-16-Pit4 Matt'
							Stick_Btn04 [354 polys, 350 verts] 'F-16-Pit4 Matt'
			LowerHUD_Panel [604 polys, 635 verts] 'F-16-Pit1  Matt'
				LowerHUD_Panel2 [10 polys, 20 verts] 'F-16-Pit1  Matt'
				HUD-PANEL-SwBase01 [40 polys, 44 verts] 'F-16-Pit1 semi Matt'
					HUD-PANEL-Switch01 [100 polys, 70 verts] 'F-16-Pit1  high close'
				HUD-PANEL-SwBase02 [40 polys, 44 verts] 'F-16-Pit1 semi Matt'
					HUD-PANEL-Switch02 [100 polys, 70 verts] 'F-16-Pit1  high close'
				HUD-PANEL-SwBase03 [40 polys, 44 verts] 'F-16-Pit1 semi Matt'
					HUD-PANEL-Switch03 [100 polys, 70 verts] 'F-16-Pit1  high close'
				HUD-PANEL-SwBase04 [40 polys, 44 verts] 'F-16-Pit1 semi Matt'
					HUD-PANEL-Switch04 [100 polys, 70 verts] 'F-16-Pit1  high close'
				HUD-PANEL-SwBase05 [40 polys, 44 verts] 'F-16-Pit1 semi Matt'
					HUD-PANEL-Switch05 [100 polys, 70 verts] 'F-16-Pit1  high close'
				HUD-PANEL-SwBase06 [230 polys, 236 verts] 'F-16-Pit1 semi Matt'
					HUD-PANEL-Switch06 [168 polys, 131 verts] 'F-16-Pit1  high close'
				HUD-PANEL-SwBase07 [40 polys, 44 verts] 'F-16-Pit1 semi Matt'
					HUD-PANEL-Switch07 [54 polys, 50 verts] 'F-16-Pit1  high close'
				HUD-PANEL-SwBase08 [40 polys, 44 verts] 'F-16-Pit1 semi Matt'
					HUD-PANEL-Switch08 [54 polys, 50 verts] 'F-16-Pit1  high close'
			Lighting_Panel [48 polys, 58 verts] 'F-16-Pit4 Matt'
				Lighting_Panel01 [6 polys, 12 verts] 'F-16-Pit3  Matt'
				Lights_Knopp02 [271 polys, 244 verts] 'F-16-Pit1  Matt'
				Lights_Knopp [272 polys, 247 verts] 'F-16-Pit1  Matt'
			Gauge_HYD02 [654 polys, 468 verts] 'Gauges'
				Needle_HYD02 [223 polys, 155 verts] 'Gauges'
				Gauge_HYD02_Glass [16 polys, 18 verts] 'Material #0'
				Screw_Head08 [32 polys, 36 verts] 'F-16-Pit2  Matt'
			Gauge_HYD01 [656 polys, 472 verts] 'Gauges'
				Needle_HYD01 [223 polys, 155 verts] 'Gauges'
				Gauge_HYD01_Glass [16 polys, 18 verts] 'Material #0'
				Screw_Head07 [32 polys, 36 verts] 'F-16-Pit2  Matt'
		Cover_Left [171 polys, 156 verts] 'WVI'
			Paresoleil [27 polys, 36 verts] 'F-16-Pit2  Matt'
				inside_paresoleil [47 polys, 59 verts] 'F-16-Pit2  Matt'
					Master_Caution_Box [8 polys, 16 verts] 'F-16-Pit1  Matt'
						Master_Caution_Push [108 polys, 124 verts] 'F-16-Pit1  Matt'
							Master_Caution_Light [2 polys, 4 verts] 'Light'
						Coution_Box_clamp [4 polys, 8 verts] 'F-16-Pit1  Matt'
					Caution_Box [8 polys, 16 verts] 'F-16-Pit1  Matt'
						Caution_Push01 [108 polys, 124 verts] 'F-16-Pit1  Matt'
						Caution_Push02 [108 polys, 124 verts] 'F-16-Pit1  Matt'
							ALT_LOW_Light [2 polys, 4 verts] 'Light'
					DED [96 polys, 102 verts] 'F-16-Pit1  Matt'
						DED_Screen [14 polys, 16 verts] 'DED'
							Second_Dig1 [20 polys, 22 verts] 'Light'
							Hour_Dig2 [20 polys, 22 verts] 'Light'
							Hour_Dig1 [20 polys, 22 verts] 'Light'
							Minute_Dig1 [20 polys, 22 verts] 'Light'
							Minute_Dig2 [20 polys, 22 verts] 'Light'
							Second_Dig2 [20 polys, 22 verts] 'Light'
						DED_Glass [14 polys, 16 verts] 'Material #0'
						ILS_Screen [14 polys, 16 verts] 'DED', AnimationID: 5 
							CRS_Dig3 [20 polys, 22 verts] 'Light'
							CRS_Dig2 [20 polys, 22 verts] 'Light'
							CRS_Dig1 [20 polys, 22 verts] 'Light'
						IFF_Screen [14 polys, 16 verts] 'DED', AnimationID: 4 
					Caution_Box01 [8 polys, 16 verts] 'F-16-Pit1  Matt'
						WARNING_Push02 [108 polys, 124 verts] 'F-16-Pit1  Matt'
							HYD_OIL_Light [2 polys, 4 verts] 'Light'
						WARNING_Push03 [108 polys, 124 verts] 'F-16-Pit1  Matt'
							Canopy_Light [2 polys, 4 verts] 'Light'
						WARNING_Push04 [108 polys, 124 verts] 'F-16-Pit1  Matt'
							TO_LDG_Light [2 polys, 4 verts] 'Light'
						WARNING_Push05 [108 polys, 124 verts] 'F-16-Pit1  Matt'
						WARNING_Push01 [108 polys, 124 verts] 'F-16-Pit1  Matt'
							ENG_FIRE_Light [2 polys, 4 verts] 'Light'
							ENG_Light [2 polys, 4 verts] 'Light'
							ENG_Light_OVHT [2 polys, 4 verts] 'Light'
					Front_L_Paresoleil [67 polys, 75 verts] 'F-16-Pit2  Matt'
						INST_PANEL_Light02 [121 polys, 167 verts] 'F-16-Pit3  Matt'
							INST_PANEL_Light01_Bolt01 [12 polys, 14 verts] 'F-16-Pit3  Matt'
						INST_PANEL_Light03 [806 polys, 795 verts] 'F-16-Pit3  Matt'
							INST_PANEL_Light02b [30 polys, 32 verts] 'F-16-Pit3 semi Matt'
						Eyebrow [61 polys, 78 verts] 'F-16-Pit2  Matt'
							IFF_Button_01 [46 polys, 52 verts] 'F-16-Pit3  Matt'
							IFF_Button_02 [46 polys, 52 verts] 'F-16-Pit3  Matt'
							IFF_Button_04 [46 polys, 52 verts] 'F-16-Pit3  Matt'
							IFF_Button_03 [46 polys, 52 verts] 'F-16-Pit3  Matt'
					Front_R_Paresoleil [97 polys, 120 verts] 'F-16-Pit2  Matt'
						INST_PANEL_Light04 [772 polys, 764 verts] 'F-16-Pit3  Matt'
							INST_PANEL_Light04b [28 polys, 30 verts] 'F-16-Pit3 semi Matt'
				AOA_Box [30 polys, 46 verts] 'F-16-Pit1  Matt'
					AOA_Base [68 polys, 83 verts] 'F-16-Pit1  Matt'
					AOA_Cover [73 polys, 133 verts] 'F-16-Pit1  Matt'
					indexer_fast_left_Base [14 polys, 16 verts] 'F-16-Pit1  Matt'
						indexer_fast_left [14 polys, 16 verts] 'Light'
					indexer_on_speed_left_Base [14 polys, 16 verts] 'F-16-Pit1  Matt'
						indexer_on_speed_left [14 polys, 16 verts] 'Light'
					indexer_on_speed_left_Base01 [14 polys, 16 verts] 'F-16-Pit1  Matt'
						indexer_slow_left [14 polys, 16 verts] 'Light'
				AR_Box [30 polys, 46 verts] 'F-16-Pit1  Matt'
					AR_Disc_Base [14 polys, 16 verts] 'F-16-Pit1  Matt'
						AR_DISC [14 polys, 16 verts] 'Light'
					NWS_AR_Base [14 polys, 16 verts] 'F-16-Pit1  Matt'
						NSW_AR [14 polys, 16 verts] 'Light'
					AR_Ready_Base [14 polys, 16 verts] 'F-16-Pit1  Matt'
						AR_Ready [14 polys, 16 verts] 'Light'
					AR_Base [68 polys, 83 verts] 'F-16-Pit1  Matt'
					AR_Cover [73 polys, 133 verts] 'F-16-Pit1  Matt'
			Cover_Top [44 polys, 50 verts] 'F-16-Pit2  Matt'
				Left_Rim [176 polys, 108 verts] 'F-16-Pit2  Matt'
				Canopy_Frame_Rear [168 polys, 190 verts] 'F-16-Pit4 Matt'
					Canopy_Glass_Rear [34 polys, 36 verts] '19 - Default'
				Cover_Top01 [32 polys, 53 verts] 'F-16-Pit2  Matt'
				Right_Rim [176 polys, 108 verts] 'F-16-Pit2  Matt'
		Cover_Right [171 polys, 156 verts] 'WVI'
		ACESII [399 polys, 498 verts] 'F-16-Pit4 semi Matt'
			Pitot_Right [758 polys, 576 verts] 'F-16-Pit4 semi Matt'
			Pitot_Left [758 polys, 576 verts] 'F-16-Pit4 semi Matt'
			Ejection_Handle [480 polys, 282 verts] 'F-16-Pit4 Matt'
			ACESII_Rail [38 polys, 74 verts] 'F-16-Pit4 semi Matt'
			Saftey_Look [141 polys, 151 verts] 'F-16-Pit4 Matt'
			ACES_Screws [240 polys, 148 verts] 'F-16-Pit4 Matt'
			ACES_Rivets [240 polys, 148 verts] 'F-16-Pit4 Matt'
			Seat_Cushion [150 polys, 112 verts] 'F-16-Pit4 Matt'
		Rudder_Box [12 polys, 24 verts] 'F-16-Pit2  Matt'
			Rudder_Pedal_Right [737 polys, 659 verts] 'WVI'
			Rudder_Pedal_Left [737 polys, 659 verts] 'WVI'
		Post [123 polys, 132 verts] 'F-16-Pit1  Matt'
			Main_Panel [206 polys, 269 verts] 'F-16-Pit2  Matt'
				Main_Pane_Rightl [27 polys, 33 verts] 'F-16-Pit2  Matt'
					MovingBox_AA [12 polys, 24 verts] 'F-16-Pit1  Matt', AnimationID: 4 
						MFD_AA [2 polys, 4 verts] 'MFD AA'
							MFD_AIM-9 [2 polys, 4 verts] 'Light'
							MFD_AIM-120 [2 polys, 4 verts] 'Light'
							MFD_AIM-7 [2 polys, 4 verts] 'Light'
							MFD_AA-GUN [22 polys, 44 verts] 'Light'
							AA_Counter_Dig1 [20 polys, 22 verts] 'Light'
							AA_STA1 [2 polys, 4 verts] 'Light'
							AA_STA2 [2 polys, 4 verts] 'Light'
							AA_STA3 [2 polys, 4 verts] 'Light'
							AA_STA8 [2 polys, 4 verts] 'Light'
							AA_STA9 [2 polys, 4 verts] 'Light'
							AA_STA7 [2 polys, 4 verts] 'Light'
							MFD_Slave [14 polys, 28 verts] 'Light'
							MFD_Slave01 [14 polys, 28 verts] 'Light'
							MFD_Bore [12 polys, 24 verts] 'Light'
							Gun_AA_Dig1 [20 polys, 22 verts] 'Light'
							Gun_AA_Dig2 [20 polys, 22 verts] 'Light'
							MFD_Pyhton [2 polys, 4 verts] 'Light'
							MFD_IRIS-T [2 polys, 4 verts] 'Light'
							AA_STA1b [2 polys, 4 verts] 'Light'
							AA_STA2b [2 polys, 4 verts] 'Light'
							AA_STA3b [2 polys, 4 verts] 'Light'
							AA_STA7b [2 polys, 4 verts] 'Light'
							AA_STA8b [2 polys, 4 verts] 'Light'
							AA_STA9b [2 polys, 4 verts] 'Light'
					Gauge_OIL [652 polys, 468 verts] 'Gauges'
						Gauge_OIL_Glass [16 polys, 18 verts] 'Material #0'
						Needle_Oil [221 polys, 153 verts] 'Gauges'
					Gauge_Nozzle [658 polys, 472 verts] 'Gauges'
						Gauge_Nozzle_Glass [16 polys, 18 verts] 'Material #0'
						Needle_Nozzle [221 polys, 153 verts] 'Gauges'
					Gauge_RPM [660 polys, 474 verts] 'Gauges'
						Gauge_RPM_Glass [16 polys, 18 verts] 'Material #0'
						Needle_RPM [223 polys, 155 verts] 'Gauges'
					Gauge_FTIT [658 polys, 472 verts] 'Gauges'
						Gauge_FTIT_Glass [16 polys, 18 verts] 'Material #0'
						Needle_FTIT [223 polys, 155 verts] 'Gauges'
					Gauge_Light01 [37 polys, 49 verts] 'F-16-Pit1  Matt'
					Gauge_Light02 [37 polys, 49 verts] 'F-16-Pit1  Matt'
					Gauge_Light03 [37 polys, 49 verts] 'F-16-Pit1  Matt'
					Gauge_Light04 [37 polys, 49 verts] 'F-16-Pit1  Matt'
				Main_Pane_Leftl [34 polys, 44 verts] 'F-16-Pit2  Matt'
					MasterArmPanel_C30_Tur [118 polys, 186 verts] 'F-16-Pit1  Matt'
						Push_Btn-02 [378 polys, 277 verts] 'F-16-Pit1 semi Matt'
						LaserSwitch_Base [242 polys, 248 verts] 'F-16-Pit1  high close'
							LaserSwitch [200 polys, 155 verts] 'F-16-Pit1  high close'
						MasterArm_Base [238 polys, 244 verts] 'F-16-Pit1 semi Matt'
							MasterArmSwitch [264 polys, 187 verts] 'F-16-Pit1  high close'
						MiscSwitch_Base02 [245 polys, 251 verts] 'F-16-Pit1 semi Matt'
							MiscSwitch02 [242 polys, 168 verts] 'F-16-Pit1  high close'
						MiscSwitch_Base03 [245 polys, 251 verts] 'F-16-Pit1 semi Matt'
							MiscSwitch03 [244 polys, 169 verts] 'F-16-Pit1  high close'
						LaserSwitch_Base01 [238 polys, 244 verts] 'F-16-Pit1 semi Matt'
							LaserSwitch01 [204 polys, 143 verts] 'F-16-Pit1  high close'
				MFD_Left [429 polys, 598 verts] 'F-16-Pit1 semi Matt'
					RadarScreen [2 polys, 4 verts] 'Radar'
					BT_MFD-01 [34 polys, 40 verts] 'F-16-Pit1 semi Matt'
					BT_MFD-02 [34 polys, 40 verts] 'F-16-Pit1 semi Matt'
					BT_MFD-03 [34 polys, 40 verts] 'F-16-Pit1 semi Matt'
					BT_MFD-04 [34 polys, 40 verts] 'F-16-Pit1 semi Matt'
					BT_MFD-05 [34 polys, 40 verts] 'F-16-Pit1 semi Matt'
					BT_MFD-06 [34 polys, 40 verts] 'F-16-Pit1 semi Matt'
					BT_MFD-07 [36 polys, 42 verts] 'F-16-Pit1 semi Matt'
					BT_MFD-08 [34 polys, 40 verts] 'F-16-Pit1 semi Matt'
					BT_MFD-09 [34 polys, 40 verts] 'F-16-Pit1 semi Matt'
					BT_MFD-10 [34 polys, 40 verts] 'F-16-Pit1 semi Matt'
					BT_MFD-11 [34 polys, 40 verts] 'F-16-Pit1 semi Matt'
					BT_MFD-12 [34 polys, 40 verts] 'F-16-Pit1 semi Matt'
					BT_MFD-13 [34 polys, 40 verts] 'F-16-Pit1 semi Matt'
					BT_MFD-14 [34 polys, 40 verts] 'F-16-Pit1 semi Matt'
					BT_MFD-15 [34 polys, 40 verts] 'F-16-Pit1 semi Matt'
					BT_MFD-16 [34 polys, 40 verts] 'F-16-Pit1 semi Matt'
					BT_MFD-17 [34 polys, 40 verts] 'F-16-Pit1 semi Matt'
					BT_MFD-18 [34 polys, 40 verts] 'F-16-Pit1 semi Matt'
					BT_CFT-19 [34 polys, 40 verts] 'F-16-Pit1 semi Matt'
					BT_MFD-20 [34 polys, 40 verts] 'F-16-Pit1 semi Matt'
					SW_MFD-01 [38 polys, 58 verts] 'F-16-Pit1 semi Matt'
					SW_MFD-02 [38 polys, 58 verts] 'F-16-Pit1 semi Matt'
					SW_MFD-03 [38 polys, 58 verts] 'F-16-Pit1 semi Matt'
					SW_MFD-04 [38 polys, 58 verts] 'F-16-Pit1 semi Matt'
					Lock_Screw03 [54 polys, 58 verts] 'F-16-Pit1  Matt'
					Lock_Screw04 [54 polys, 58 verts] 'F-16-Pit1  Matt'
					MFD_Glass02 [2 polys, 4 verts] 'Material #0'
				MFD_Right [427 polys, 596 verts] 'F-16-Pit1 semi Matt'
					SW_MFD-05 [38 polys, 58 verts] 'F-16-Pit1 semi Matt'
					BT_MFD-21 [34 polys, 40 verts] 'F-16-Pit1 semi Matt'
					BT_MFD-22 [34 polys, 40 verts] 'F-16-Pit1 semi Matt'
					BT_MFD-23 [34 polys, 40 verts] 'F-16-Pit1 semi Matt'
					BT_MFD-24 [34 polys, 40 verts] 'F-16-Pit1 semi Matt'
					BT_MFD-25 [34 polys, 40 verts] 'F-16-Pit1 semi Matt'
					BT_MFD-26 [34 polys, 40 verts] 'F-16-Pit1 semi Matt'
					BT_MFD-27 [34 polys, 40 verts] 'F-16-Pit1 semi Matt'
					BT_MFD-28 [34 polys, 40 verts] 'F-16-Pit1 semi Matt'
					BT_MFD-29 [34 polys, 40 verts] 'F-16-Pit1 semi Matt'
					SW_MFD-06 [38 polys, 58 verts] 'F-16-Pit1 semi Matt'
					BT_MFD-30 [34 polys, 40 verts] 'F-16-Pit1 semi Matt'
					BT_MFD-31 [34 polys, 40 verts] 'F-16-Pit1 semi Matt'
					BT_MFD-32 [34 polys, 40 verts] 'F-16-Pit1 semi Matt'
					BT_MFD-33 [34 polys, 40 verts] 'F-16-Pit1 semi Matt'
					SW_MFD-07 [38 polys, 58 verts] 'F-16-Pit1 semi Matt'
					BT_MFD-34 [34 polys, 40 verts] 'F-16-Pit1 semi Matt'
					BT_MFD-35 [34 polys, 40 verts] 'F-16-Pit1 semi Matt'
					BT_MFD-36 [34 polys, 40 verts] 'F-16-Pit1 semi Matt'
					BT_MFD-37 [34 polys, 40 verts] 'F-16-Pit1 semi Matt'
					BT_MFD-38 [34 polys, 40 verts] 'F-16-Pit1 semi Matt'
					SW_MFD-08 [38 polys, 58 verts] 'F-16-Pit1 semi Matt'
					BT_MFD-39 [34 polys, 40 verts] 'F-16-Pit1 semi Matt'
					BT_CFT-20 [34 polys, 40 verts] 'F-16-Pit1 semi Matt'
					Lock_Screw01 [52 polys, 56 verts] 'F-16-Pit1  Matt'
					Lock_Screw02 [52 polys, 56 verts] 'F-16-Pit1  Matt'
					MFD_Glass01 [2 polys, 4 verts] 'Material #0'
					MFD_Blank [2 polys, 4 verts] 'Material #2'
				ADI2_Base [190 polys, 195 verts] 'F-16-Pit1  Matt'
					ADI2_Base_Inner [960 polys, 816 verts] 'F-16-Pit1  Matt'
						ADI2_Watermark [68 polys, 80 verts] 'ADI'
						ADI2_Roll [36 polys, 44 verts] 'F-16-Pit1  Matt'
							ADI2_Pointer [2 polys, 4 verts] 'ADI'
							ADI2_Climb [140 polys, 146 verts] 'ADI'
					ADI2_Base_Knopp [282 polys, 208 verts] 'F-16-Pit1  Matt'
				FuelFlow [182 polys, 202 verts] 'F-16-Pit1  Matt'
					FF_dig1 [36 polys, 42 verts] 'ADI'
					FF_dig2 [36 polys, 42 verts] 'ADI'
					FF_dig3 [36 polys, 42 verts] 'ADI'
					FF_dig4 [36 polys, 42 verts] 'ADI'
					FF_dig5 [36 polys, 42 verts] 'ADI'
				MovingBox_Map [12 polys, 24 verts] 'F-16-Pit1  Matt', AnimationID: 2 
					MAP_Screen [2 polys, 4 verts] 'Material #7'
				MovingBox_AG [12 polys, 24 verts] 'F-16-Pit1  Matt', AnimationID: 3 
					MFD_AG [2 polys, 4 verts] 'Material #8'
						AG_Counter_Dig1 [20 polys, 22 verts] 'Light'
						AG_Counter_Dig2 [20 polys, 22 verts] 'Light'
						MFD_AG-GUN [22 polys, 44 verts] 'Light'
						AG_STA3 [2 polys, 4 verts] 'Light'
						AG_STA7 [2 polys, 4 verts] 'Light'
						AG_STA4 [2 polys, 4 verts] 'Light'
						AG_STA6 [2 polys, 4 verts] 'Light'
						MFD_Mk-84 [14 polys, 28 verts] 'Light'
						MFD_GBU10 [24 polys, 46 verts] 'Light'
						2_PAIR [2 polys, 4 verts] 'Light'
						MFD_M117 [14 polys, 28 verts] 'Light'
						MFD_CBU [14 polys, 28 verts] 'Light'
						MFD_Mk-81 [14 polys, 28 verts] 'Light'
						MFD_Mk-83 [14 polys, 28 verts] 'Light'
						MFD_Mk-82 [14 polys, 28 verts] 'Light'
						MFD_NUC [14 polys, 28 verts] 'Light'
						MFD_AGM119 [56 polys, 64 verts] 'Light'
						MFD_AGM65 [28 polys, 54 verts] 'Light'
						MFD_AGM88 [30 polys, 58 verts] 'Light'
						MFD_AGM130 [28 polys, 54 verts] 'Light'
						MFD_AGM142 [28 polys, 54 verts] 'Light'
						MFD_AGM154 [28 polys, 54 verts] 'Light'
						MFD_AGM158 [28 polys, 54 verts] 'Light'
						MFD_AGM129 [28 polys, 54 verts] 'Light'
						MFD_AGM136 [28 polys, 54 verts] 'Light'
						MFD_GBU12 [24 polys, 46 verts] 'Light'
						MFD_GBU15 [24 polys, 46 verts] 'Light'
						MFD_GBU16 [24 polys, 46 verts] 'Light'
						MFD_GBU22 [24 polys, 46 verts] 'Light'
						MFD_GBU24 [24 polys, 46 verts] 'Light'
						MFD_GBU27 [24 polys, 46 verts] 'Light'
						MFD_GBU28 [24 polys, 46 verts] 'Light'
						MFD_GBU31 [24 polys, 46 verts] 'Light'
						MFD_GBU32 [24 polys, 46 verts] 'Light'
						MFD_GBU38 [24 polys, 46 verts] 'Light'
						MFD_GBU39 [24 polys, 46 verts] 'Light'
						MFD_GBU40 [24 polys, 46 verts] 'Light'
						MFD_GBU49 [24 polys, 46 verts] 'Light'
						MFD_PW4 [24 polys, 46 verts] 'Light'
						MFD_RCKT [14 polys, 28 verts] 'Light'
						AG_STA5 [2 polys, 4 verts] 'Light'
						AG_STA3b [2 polys, 4 verts] 'Light'
						AG_STA4b [2 polys, 4 verts] 'Light'
						AG_STA6b [2 polys, 4 verts] 'Light'
						AG_STA7b [2 polys, 4 verts] 'Light'
						Gun_AG_Dig2 [20 polys, 22 verts] 'Light'
						Gun_AG_Dig1 [20 polys, 22 verts] 'Light'
						RP_Dig1 [20 polys, 22 verts] 'Light'
						RP_Dig2 [20 polys, 22 verts] 'Light'
						RI_Dig2 [20 polys, 22 verts] 'Light'
						RI_Dig1 [20 polys, 22 verts] 'Light'
						RI_Dig3 [20 polys, 22 verts] 'Light'
						RP_Single [2 polys, 4 verts] 'Light'
				RWR_Base BEL [290 polys, 310 verts] 'F-16-Pit1  Matt'
					RWR_BTN [186 polys, 117 verts] 'F-16-Pit1  Matt'
					RWR_Glass [2 polys, 4 verts] 'Material #0'
					RWR_Screen [46 polys, 48 verts] 'RWR'
				Thread_Panel_Early [39 polys, 43 verts] 'F-16-Pit1  Matt'
					RWR_Ship_BTN [36 polys, 46 verts] 'F-16-Pit1  Matt'
					RWR_SysTest_BTN [36 polys, 46 verts] 'F-16-Pit1  Matt'
					RWR_T_BTN [36 polys, 46 verts] 'F-16-Pit1  Matt'
						EDS_ON [8 polys, 10 verts] 'Light'
					RWR_Mode_BTN [36 polys, 46 verts] 'F-16-Pit1  Matt'
						Prio_ON [8 polys, 10 verts] 'Light'
					RWR_Launch_BTN [36 polys, 46 verts] 'F-16-Pit1  Matt'
						CRO_ON [8 polys, 10 verts] 'Light'
					ChamferBox06 [36 polys, 46 verts] 'F-16-Pit1  Matt'
						Launch_Light [8 polys, 10 verts] 'Light'
			INSTR_Panel [72 polys, 92 verts] 'F-16-Pit3  Matt'
			AOA_Indicator [122 polys, 132 verts] 'F-16-Pit3  Matt'
				AOA_Needle [6 polys, 8 verts] 'Gauges'
				AOA_Scale [2 polys, 4 verts] 'ADI'
				AOA_Glass [2 polys, 4 verts] 'Material #0'
			ADI [378 polys, 402 verts] 'F-16-Pit3  Matt'
				ADI_Watermark [80 polys, 94 verts] 'ADI'
				ADI_slope [3 polys, 7 verts] 'ADI'
				ADI_steering [2 polys, 4 verts] 'ADI'
				ADI_BankIndicator [10 polys, 14 verts] 'ADI'
					ADI_Ball [1224 polys, 693 verts] 'ADI'
				ADI_TurnBlock [38 polys, 50 verts] 'F-16-Pit3  Matt'
					ADI_Turn_Tube [216 polys, 137 verts] 'F-16-Pit3  Matt'
						ADI_Turn_Glass [72 polys, 72 verts] '19 - Default'
						ADI_Turn_TubeInner [216 polys, 137 verts] 'F-16-Pit3  Matt'
				ADI_Turnsphere [120 polys, 62 verts] 'ADI'
				ADI_Glass [2 polys, 4 verts] 'Material #0'
				INSTR_Knopp02 [166 polys, 146 verts] 'F-16-Pit1  Matt'
			Altimeter [195 polys, 199 verts] 'F-16-Pit3  Matt'
				BAR_dig3 [36 polys, 42 verts] 'ADI'
				ALT_digFixed1 [36 polys, 42 verts] 'ADI'
				ALT_digFixed2 [36 polys, 42 verts] 'ADI'
				ALT_dig2 [36 polys, 42 verts] 'ADI'
				ALT_dig3 [36 polys, 42 verts] 'ADI'
				ALT_dig1 [36 polys, 42 verts] 'ADI'
				ALT_Scale [66 polys, 64 verts] 'Gauges'
				Alt_Needle [9 polys, 11 verts] 'Gauges'
				Alt_Glass [2 polys, 4 verts] 'Material #0'
				ALT_Knopp [214 polys, 200 verts] 'F-16-Pit1  Matt'
				Selction_Knopp [56 polys, 58 verts] 'F-16-Pit1  Matt'
				BAR_dig4 [36 polys, 42 verts] 'ADI'
				BAR_dig2 [36 polys, 42 verts] 'ADI'
				BAR_dig1 [36 polys, 42 verts] 'ADI'
			Machmeter [195 polys, 199 verts] 'F-16-Pit3  Matt'
				ALT_Knopp01 [214 polys, 200 verts] 'F-16-Pit1  Matt'
				Mach_Glass [2 polys, 4 verts] 'Material #0'
				Needle_Airspeed [414 polys, 241 verts] 'F-16-Pit3  Matt'
					Mach_Scale [46 polys, 48 verts] 'Gauges'
					Needle [7 polys, 11 verts] 'F-16-Pit3  Matt'
				Knots_Scale [46 polys, 48 verts] 'Gauges'
				Machmeter_Inner01 [18 polys, 20 verts] 'F-16-Pit3  Matt'
			Fuel_Qty_Panel [185 polys, 194 verts] 'F-16-Pit3  Matt'
				Fuel_Trans_Base [280 polys, 280 verts] 'F-16-Pit1 semi Matt'
					Fuel_Trans_Switch [334 polys, 223 verts] 'F-16-Pit1  high close'
				Fuel_Qty_Knopp [250 polys, 147 verts] 'F-16-Pit1  Matt'
			ILS_Light_Base [88 polys, 103 verts] 'F-16-Pit3  Matt'
				ILS_Light [22 polys, 24 verts] 'Light'
			Pedal_Adjust [238 polys, 172 verts] 'F-16-Pit3 semi Matt'
			VVI_Indicator [106 polys, 108 verts] 'F-16-Pit3  Matt'
				VVI_Glass [2 polys, 4 verts] 'Material #0'
				VVI_Scale [18 polys, 20 verts] 'Gauges'
				VVI_Needle [221 polys, 153 verts] 'Gauges'
			Aircon_Nozzle_Base [176 polys, 179 verts] 'F-16-Pit1  Matt'
				Aircon_Nozzle [256 polys, 160 verts] 'F-16-Pit1  Matt'
					Aircon_Nozzle_Flap [124 polys, 186 verts] 'F-16-Pit1  Matt'
					Aircon_Nozzle_Tube [222 polys, 224 verts] 'F-16-Pit1  Matt'
			Digital_HSI_Base [204 polys, 233 verts] 'F-16-Pit3  Matt'
				HSI_Glass [2 polys, 4 verts] 'Material #0'
				HSI_HDG_Knopp [214 polys, 198 verts] 'F-16-Pit1  Matt'
				HSI_CRS_Knopp [214 polys, 198 verts] 'F-16-Pit1  Matt'
				Digital_HSI_HeadingMarker [4 polys, 8 verts] 'Material #3'
				Digital_HSI_CourseArrow [8 polys, 12 verts] 'Material #3'
				Digital_HSI_plane [15 polys, 17 verts] 'Material #3'
				Digital_HSI [20 polys, 22 verts] 'Material #3'
				HSI_Range_dig4 [20 polys, 22 verts] 'Material #3'
				HSI_Range_dig3 [20 polys, 22 verts] 'Material #3'
				HSI_Range_dig1 [20 polys, 22 verts] 'Material #3'
				HSI_Range_dig2 [20 polys, 22 verts] 'Material #3'
				HSI_Course_dig2 [36 polys, 42 verts] 'Material #3'
				HSI_Course_dig1 [36 polys, 42 verts] 'Material #3'
				HSI_Course_dig3 [36 polys, 42 verts] 'Material #3'
				Digital_HSI_Top [112 polys, 114 verts] 'F-16-Pit3  Matt'
					Digital_HSI_BTN [46 polys, 48 verts] 'F-16-Pit3  Matt'
				Digital_HSI_Wheel [46 polys, 48 verts] 'Material #3'
					Digital_HSI_pointer [5 polys, 11 verts] 'Material #3'
				Digital_HSI_TCN/ILS [4 polys, 8 verts] 'Light'
				Digital_HSI_CourseDeviation [2 polys, 4 verts] 'Material #3'
				Digital_HSI_DeviationScale [64 polys, 72 verts] 'Material #3'


Num Nodes: 679
Total:    (88177 polys, 80095 verts)
Mesh Max: (2040 polys, 2012 verts)

25 Materials:
 (  1) F-16-Pit4 semi Matt:
       Specular=0.40, Glossiness=0.25, Color:<229,229,229>
       F-16C_Cockpit-04.jpg
 (  2) F-16-Pit1  Matt:
       Specular=0.15, Glossiness=0.10, Color:<229,229,229>
       F-16C_Cockpit-01.jpg
 (  3) F-16-Pit3  Matt:
       Specular=0.15, Glossiness=0.10, Color:<229,229,229>
       F-16C_Cockpit-03.jpg
 (  4) F-16-Pit1 semi Matt:
       Specular=0.60, Glossiness=0.25, Color:<192,192,192>
       Reflection=0.00
       F-16C_Cockpit-01.jpg
 (  5) F-16-Pit1  high close:
       Specular=0.80, Glossiness=0.40, Color:<229,229,229>
       Reflection=0.00
       F-16C_Cockpit-01.jpg
 (  6) F-16-Pit2  Matt:
       Specular=0.15, Glossiness=0.10, Color:<229,229,229>
       F-16C_Cockpit-02.jpg
 (  7) Pit03:
       Transparency enabled
       Self-illumination enabled
       Specular=0.60, Glossiness=0.30, Color:<229,229,229>
       Reflection=0.30
       F-16C_Reflection3.tga
 (  8) F-4e_HUD glass sides:
       Transparency enabled
       Specular=1.00, Glossiness=0.25, Color:<223,223,223>
       Reflection=0.00
       f-4e_HUDGlassTop.tga
 (  9) F-16-Pit3 semi Matt:
       Specular=0.60, Glossiness=0.26, Color:<229,229,229>
       F-16C_Cockpit-03.jpg
 ( 10) F-16-Pit4 Matt:
       Specular=0.15, Glossiness=0.10, Color:<229,229,229>
       F-16C_Cockpit-04.jpg
 ( 11) 19 - Default:
       Transparency enabled
       Specular=0.60, Glossiness=0.25, Color:<229,229,229>
       Reflection=0.00
       F-16C_Reflection1.tga
 ( 12) Light:
       Transparency enabled
       Self-illumination enabled
       Specular=0.00, Glossiness=0.00, Color:<0,0,0>
       F-16C_Lights.tga
 ( 13) Flags:
       Transparency enabled
       Specular=0.00, Glossiness=0.00, Color:<0,0,0>
       F-16C_Flags.tga
 ( 14) Material #0:
       Transparency enabled
       Specular=0.60, Glossiness=0.30, Color:<229,229,229>
       Reflection=0.30
       F-16C_Reflection2.tga
 ( 15) DED:
       Self-illumination enabled
       F-16C_DED.jpg
 ( 16) ADI:
       F-16C_ADI.jpg
 ( 17) Gauges:
       F-16C_Gauges.jpg
 ( 18) WVI:
       Specular=0.40, Glossiness=0.25, Color:<229,229,229>
       F-16C_Cockpit-02.jpg
 ( 19) MFD AA:
       Self-illumination enabled
       F-16C_MFD-AA.jpg
 ( 20) Radar:
       F-16C_RADAR.jpg
 ( 21) Material #2:
       Self-illumination enabled
       F-16C_MFD-Blank.jpg
 ( 22) Material #7:
       Self-illumination enabled
       F-16C_MAP.jpg
 ( 23) Material #8:
       Self-illumination enabled
       F-16C_MFD-AG.jpg
 ( 24) RWR:
       F-16C_RWR.jpg
 ( 25) Material #3:
       Self-illumination enabled
       F-16C_Digital_HSI.jpg

20 Textures:
F-16C_Cockpit-04.jpg
F-16C_Cockpit-01.jpg
F-16C_Cockpit-03.jpg
F-16C_Cockpit-02.jpg
F-16C_Reflection3.tga
f-4e_HUDGlassTop.tga
F-16C_Reflection1.tga
F-16C_Lights.tga
F-16C_Flags.tga
F-16C_Reflection2.tga
F-16C_DED.jpg
F-16C_ADI.jpg
F-16C_Gauges.jpg
F-16C_MFD-AA.jpg
F-16C_RADAR.jpg
F-16C_MFD-Blank.jpg
F-16C_MAP.jpg
F-16C_MFD-AG.jpg
F-16C_RWR.jpg
F-16C_Digital_HSI.jpg

Points

Extents
Stick_Pitch
MinExtentPosition=0.30,0.46,-0.58
MaxExtentPosition=0.31,0.47,-0.57
